{
  "stats": {
    "suites": 2,
    "tests": 2,
    "passes": 0,
    "pending": 0,
    "failures": 2,
    "start": "2025-03-20T10:22:53.391Z",
    "end": "2025-03-20T10:23:02.678Z",
    "duration": 9287,
    "testsRegistered": 36,
    "passPercent": 0,
    "pendingPercent": 0,
    "other": 0,
    "hasOther": false,
    "skipped": 34,
    "hasSkipped": true
  },
  "results": [
    {
      "uuid": "3a822bae-581b-4557-81ea-86e43003e6ec",
      "title": "",
      "fullFile": "cypress\\e2e\\bv-stg-crtsubs.cy.js",
      "file": "cypress\\e2e\\bv-stg-crtsubs.cy.js",
      "beforeHooks": [],
      "afterHooks": [],
      "tests": [],
      "suites": [
        {
          "uuid": "2a37fe6d-4d2f-4b31-afcd-d90da4957660",
          "title": "Beta Vendor Admin | Employee | Create Subscription| logged with Admin credentials",
          "fullFile": "",
          "file": "",
          "beforeHooks": [],
          "afterHooks": [],
          "tests": [
            {
              "title": "Verify it is possible access to the Subscription section- Admin credentials",
              "fullTitle": "Beta Vendor Admin | Employee | Create Subscription| logged with Admin credentials Verify it is possible access to the Subscription section- Admin credentials",
              "timedOut": null,
              "duration": 3855,
              "state": "failed",
              "speed": null,
              "pass": false,
              "fail": true,
              "pending": false,
              "context": null,
              "code": "accessToSubsSection();",
              "err": {
                "message": "CypressError: `cy.visit()` failed trying to load:\n\nhttps://beta.vendor.bookr-dev.com/\n\nWe attempted to make an http request to this URL but the request failed without a response.\n\nWe received this error at the network level:\n\n  > Error: getaddrinfo ENOTFOUND beta.vendor.bookr-dev.com\n\nCommon situations why this would fail:\n  - you don't have internet access\n  - you forgot to run / boot your web server\n  - your web server isn't accessible\n  - you have weird network configuration settings on your computer\n\nThis error occurred while creating session. Because the session setup failed, we failed the test.\n\nBecause this error occurred during a `before each` hook we are skipping the remaining tests in the current suite: `Beta Vendor Admin | Employe...`",
                "estack": "CypressError: `cy.visit()` failed trying to load:\n\nhttps://beta.vendor.bookr-dev.com/\n\nWe attempted to make an http request to this URL but the request failed without a response.\n\nWe received this error at the network level:\n\n  > Error: getaddrinfo ENOTFOUND beta.vendor.bookr-dev.com\n\nCommon situations why this would fail:\n  - you don't have internet access\n  - you forgot to run / boot your web server\n  - your web server isn't accessible\n  - you have weird network configuration settings on your computer\n\nThis error occurred while creating session. Because the session setup failed, we failed the test.\n\nBecause this error occurred during a `before each` hook we are skipping the remaining tests in the current suite: `Beta Vendor Admin | Employe...`\n    at <unknown> (https://vendor.beta.bookr-dev.com/__cypress/runner/cypress_runner.js:142341:82)\n    at visitFailedByErr (https://vendor.beta.bookr-dev.com/__cypress/runner/cypress_runner.js:141629:12)\n    at <unknown> (https://vendor.beta.bookr-dev.com/__cypress/runner/cypress_runner.js:142340:11)\n    at tryCatcher (https://vendor.beta.bookr-dev.com/__cypress/runner/cypress_runner.js:11318:23)\n    at Promise._settlePromiseFromHandler (https://vendor.beta.bookr-dev.com/__cypress/runner/cypress_runner.js:9253:31)\n    at Promise._settlePromise (https://vendor.beta.bookr-dev.com/__cypress/runner/cypress_runner.js:9310:18)\n    at Promise._settlePromise0 (https://vendor.beta.bookr-dev.com/__cypress/runner/cypress_runner.js:9355:10)\n    at Promise._settlePromises (https://vendor.beta.bookr-dev.com/__cypress/runner/cypress_runner.js:9431:18)\n    at _drainQueueStep (https://vendor.beta.bookr-dev.com/__cypress/runner/cypress_runner.js:6025:12)\n    at _drainQueue (https://vendor.beta.bookr-dev.com/__cypress/runner/cypress_runner.js:6018:9)\n    at ../../node_modules/bluebird/js/release/async.js.Async._drainQueues (https://vendor.beta.bookr-dev.com/__cypress/runner/cypress_runner.js:6034:5)\n    at Async.drainQueues (https://vendor.beta.bookr-dev.com/__cypress/runner/cypress_runner.js:5904:14)\nFrom Your Spec Code:\n    at Object.eval [as setup] (cypress/e2e/bv-stg-crtsubs.cy.js:16:11)\n\nFrom Node.js Internals:\n  Error: getaddrinfo ENOTFOUND beta.vendor.bookr-dev.com\n      at GetAddrInfoReqWrap.onlookup [as oncomplete] (node:dns:71:26)",
                "diff": null
              },
              "uuid": "7cd1756d-2b8d-4cbe-9629-29a588810ab8",
              "parentUUID": "2a37fe6d-4d2f-4b31-afcd-d90da4957660",
              "isHook": false,
              "skipped": false
            },
            {
              "title": "Verify that the Add Subscription Service is required",
              "fullTitle": "Beta Vendor Admin | Employee | Create Subscription| logged with Admin credentials Verify that the Add Subscription Service is required",
              "timedOut": null,
              "duration": 0,
              "state": "skipped",
              "speed": null,
              "pass": false,
              "fail": false,
              "pending": false,
              "context": null,
              "code": "accessToSubsSection();\naccessToAddSubsForm();\nfilloutSubscriptionInfo(randUsername1, '{enter}', randEmail1, '{enter}', randUsername1, '1234567890');\nexpectedMessageCreateSubs('Please select at least one service');",
              "err": {},
              "uuid": "ee733bf4-4c60-4be0-842f-5da5c74cd29a",
              "parentUUID": "2a37fe6d-4d2f-4b31-afcd-d90da4957660",
              "isHook": false,
              "skipped": true
            },
            {
              "title": "Verify that the Add Subscription Name is required",
              "fullTitle": "Beta Vendor Admin | Employee | Create Subscription| logged with Admin credentials Verify that the Add Subscription Name is required",
              "timedOut": null,
              "duration": 0,
              "state": "skipped",
              "speed": null,
              "pass": false,
              "fail": false,
              "pending": false,
              "context": null,
              "code": "accessToSubsSection();\naccessToAddSubsForm();\nselectSubsService();\nexpectedMessageCreateSubs('Name is required');",
              "err": {},
              "uuid": "9aea9c72-33d6-4738-a7cf-671374b8fd25",
              "parentUUID": "2a37fe6d-4d2f-4b31-afcd-d90da4957660",
              "isHook": false,
              "skipped": true
            },
            {
              "title": "Verify that the Add Subscription Name must be at least 3 characters",
              "fullTitle": "Beta Vendor Admin | Employee | Create Subscription| logged with Admin credentials Verify that the Add Subscription Name must be at least 3 characters",
              "timedOut": null,
              "duration": 0,
              "state": "skipped",
              "speed": null,
              "pass": false,
              "fail": false,
              "pending": false,
              "context": null,
              "code": "accessToSubsSection();\naccessToAddSubsForm();\nselectSubsService();\nfilloutSubscriptionInfo(10, 10, 20, 30, 'Notes10', 'Description10');\nexpectedMessageCreateSubs('Name must be at least 3 characters');",
              "err": {},
              "uuid": "a8952bf7-cb09-4e62-b095-a44772180ddc",
              "parentUUID": "2a37fe6d-4d2f-4b31-afcd-d90da4957660",
              "isHook": false,
              "skipped": true
            },
            {
              "title": "Verify that the Add Subscription Price is required",
              "fullTitle": "Beta Vendor Admin | Employee | Create Subscription| logged with Admin credentials Verify that the Add Subscription Price is required",
              "timedOut": null,
              "duration": 0,
              "state": "skipped",
              "speed": null,
              "pass": false,
              "fail": false,
              "pending": false,
              "context": null,
              "code": "accessToSubsSection();\naccessToAddSubsForm();\nselectSubsService();\n// filloutSubscriptionInfo = (sub_name, sub_price, sub_expiration, sub_sessions, sub_notes, sub_description)\nfilloutSubscriptionInfo('SubPrice Required', '{enter}', 2, 3, 'Notes', 'Description');\nexpectedMessageCreateSubs('Price is required');",
              "err": {},
              "uuid": "520ff97f-8838-4ad3-9235-e0d2528e0617",
              "parentUUID": "2a37fe6d-4d2f-4b31-afcd-d90da4957660",
              "isHook": false,
              "skipped": true
            },
            {
              "title": "Verify that the Add Subscription Price must be greater than Zero",
              "fullTitle": "Beta Vendor Admin | Employee | Create Subscription| logged with Admin credentials Verify that the Add Subscription Price must be greater than Zero",
              "timedOut": null,
              "duration": 0,
              "state": "skipped",
              "speed": null,
              "pass": false,
              "fail": false,
              "pending": false,
              "context": null,
              "code": "accessToSubsSection();\naccessToAddSubsForm();\nselectSubsService();\n// filloutSubscriptionInfo = (sub_name, sub_price, sub_expiration, sub_sessions, sub_notes, sub_description)\nfilloutSubscriptionInfo('SubPrice greater than 0', 0, 2, 3, 'Notes', 'Description');\nexpectedMessageCreateSubs('Price must be greater than 0');",
              "err": {},
              "uuid": "d6d1b104-ea5a-403d-a513-26e6a34c7151",
              "parentUUID": "2a37fe6d-4d2f-4b31-afcd-d90da4957660",
              "isHook": false,
              "skipped": true
            },
            {
              "title": "Verify that the Add Subscription Price allow decimal numbers",
              "fullTitle": "Beta Vendor Admin | Employee | Create Subscription| logged with Admin credentials Verify that the Add Subscription Price allow decimal numbers",
              "timedOut": null,
              "duration": 0,
              "state": "skipped",
              "speed": null,
              "pass": false,
              "fail": false,
              "pending": false,
              "context": null,
              "code": "accessToSubsSection();\naccessToAddSubsForm();\nselectSubsService();\n// filloutSubscriptionInfo = (sub_name, sub_price, sub_expiration, sub_sessions, sub_notes, sub_description)\nfilloutSubscriptionInfo('SubPrice Zeropoint1', 0.1, 2, 3, 'Notes', 'Description');\nexpectedMessageCreateSubs('Subscription created');",
              "err": {},
              "uuid": "222cebf0-1fd3-493a-95f2-934d0bffc946",
              "parentUUID": "2a37fe6d-4d2f-4b31-afcd-d90da4957660",
              "isHook": false,
              "skipped": true
            },
            {
              "title": "Verify that the Add Subscription Description field is optional",
              "fullTitle": "Beta Vendor Admin | Employee | Create Subscription| logged with Admin credentials Verify that the Add Subscription Description field is optional",
              "timedOut": null,
              "duration": 0,
              "state": "skipped",
              "speed": null,
              "pass": false,
              "fail": false,
              "pending": false,
              "context": null,
              "code": "accessToSubsSection();\naccessToAddSubsForm();\nselectSubsService();\n// filloutSubscriptionInfo = (sub_name, sub_price, sub_expiration, sub_sessions, sub_notes, sub_description)\nfilloutSubscriptionInfo('SubDescription is optional', 0.101, 2, 3, 'Notes for Description is optional', '{enter}');\nexpectedMessageCreateSubs('Subscription created');",
              "err": {},
              "uuid": "00057d54-5be4-47b1-8de6-2e5e0f68b469",
              "parentUUID": "2a37fe6d-4d2f-4b31-afcd-d90da4957660",
              "isHook": false,
              "skipped": true
            },
            {
              "title": "Verify that the Add Subscription Notes field is optional",
              "fullTitle": "Beta Vendor Admin | Employee | Create Subscription| logged with Admin credentials Verify that the Add Subscription Notes field is optional",
              "timedOut": null,
              "duration": 0,
              "state": "skipped",
              "speed": null,
              "pass": false,
              "fail": false,
              "pending": false,
              "context": null,
              "code": "accessToSubsSection();\naccessToAddSubsForm();\nselectSubsService();\n// filloutSubscriptionInfo = (sub_name, sub_price, sub_expiration, sub_sessions, sub_notes, sub_description)\nfilloutSubscriptionInfo('SubNotes is optional', 0.1, 2, 3, '{enter}', 'Description test for Notes is optional');\nexpectedMessageCreateSubs('Subscription created');",
              "err": {},
              "uuid": "64f47268-1173-406c-b596-90558caba2e5",
              "parentUUID": "2a37fe6d-4d2f-4b31-afcd-d90da4957660",
              "isHook": false,
              "skipped": true
            },
            {
              "title": "Verify that the Add Subscription Number of Sessions is required  ",
              "fullTitle": "Beta Vendor Admin | Employee | Create Subscription| logged with Admin credentials Verify that the Add Subscription Number of Sessions is required  ",
              "timedOut": null,
              "duration": 0,
              "state": "skipped",
              "speed": null,
              "pass": false,
              "fail": false,
              "pending": false,
              "context": null,
              "code": "accessToSubsSection();\naccessToAddSubsForm();\nselectSubsService();\n// filloutSubscriptionInfo = (sub_name, sub_price, sub_expiration, sub_sessions, sub_notes, sub_description)\nfilloutSubscriptionInfo('SubNotes is optional', 0.1, 2, '{enter}', 'Notes', 'Description');\nexpectedMessageCreateSubs('Number of sessions is required');",
              "err": {},
              "uuid": "8a9c8bda-ce34-4be5-a61f-8db09821ea6c",
              "parentUUID": "2a37fe6d-4d2f-4b31-afcd-d90da4957660",
              "isHook": false,
              "skipped": true
            },
            {
              "title": "Verify that the Add Subscription Number of Sessions must be greater than Zero",
              "fullTitle": "Beta Vendor Admin | Employee | Create Subscription| logged with Admin credentials Verify that the Add Subscription Number of Sessions must be greater than Zero",
              "timedOut": null,
              "duration": 0,
              "state": "skipped",
              "speed": null,
              "pass": false,
              "fail": false,
              "pending": false,
              "context": null,
              "code": "accessToSubsSection();\naccessToAddSubsForm();\nselectSubsService();\n// filloutSubscriptionInfo = (sub_name, sub_price, sub_expiration, sub_sessions, sub_notes, sub_description)\nfilloutSubscriptionInfo('SubNotes is optional', 0.1, 2, 0, 'Notes', 'Description');\nexpectedMessageCreateSubs('Number of sessions must be greater than 0');",
              "err": {},
              "uuid": "30e5d0ae-cd29-4a94-b78f-80fc929b12d1",
              "parentUUID": "2a37fe6d-4d2f-4b31-afcd-d90da4957660",
              "isHook": false,
              "skipped": true
            },
            {
              "title": "Verify that the Add Subscription Number of Sessions must be an integer",
              "fullTitle": "Beta Vendor Admin | Employee | Create Subscription| logged with Admin credentials Verify that the Add Subscription Number of Sessions must be an integer",
              "timedOut": null,
              "duration": 0,
              "state": "skipped",
              "speed": null,
              "pass": false,
              "fail": false,
              "pending": false,
              "context": null,
              "code": "accessToSubsSection();\naccessToAddSubsForm();\nselectSubsService();\n// filloutSubscriptionInfo = (sub_name, sub_price, sub_expiration, sub_sessions, sub_notes, sub_description)\nfilloutSubscriptionInfo('SubNotes is optional', 10.10, 2, 2.1, 'Notes', 'Description');\nexpectedMessageCreateSubs('Number of sessions must be an integer number');",
              "err": {},
              "uuid": "9b12029a-e323-454b-9d2f-16ffc53432d1",
              "parentUUID": "2a37fe6d-4d2f-4b31-afcd-d90da4957660",
              "isHook": false,
              "skipped": true
            },
            {
              "title": "Verify that the Add Subscription Expiration in days is required",
              "fullTitle": "Beta Vendor Admin | Employee | Create Subscription| logged with Admin credentials Verify that the Add Subscription Expiration in days is required",
              "timedOut": null,
              "duration": 0,
              "state": "skipped",
              "speed": null,
              "pass": false,
              "fail": false,
              "pending": false,
              "context": null,
              "code": "accessToSubsSection();\naccessToAddSubsForm();\nselectSubsService();\n// filloutSubscriptionInfo = (sub_name, sub_price, sub_expiration, sub_sessions, sub_notes, sub_description)\nfilloutSubscriptionInfo('SubNotes is optional', 0.1, '{enter}', 1000, 'Notes', 'Description');\nexpectedMessageCreateSubs('Expiration is required');",
              "err": {},
              "uuid": "f866e20e-f2e9-4a5b-b112-eee7a6489de4",
              "parentUUID": "2a37fe6d-4d2f-4b31-afcd-d90da4957660",
              "isHook": false,
              "skipped": true
            },
            {
              "title": "Verify that the Add Subscription Expiration in days must be greater than Zero",
              "fullTitle": "Beta Vendor Admin | Employee | Create Subscription| logged with Admin credentials Verify that the Add Subscription Expiration in days must be greater than Zero",
              "timedOut": null,
              "duration": 0,
              "state": "skipped",
              "speed": null,
              "pass": false,
              "fail": false,
              "pending": false,
              "context": null,
              "code": "accessToSubsSection();\naccessToAddSubsForm();\nselectSubsService();\n// filloutSubscriptionInfo = (sub_name, sub_price, sub_expiration, sub_sessions, sub_notes, sub_description)\nfilloutSubscriptionInfo('SubNotes is optional', 0.1, 0, 8, 'Notes', 'Description');\nexpectedMessageCreateSubs('Expiration must be greater than 0');",
              "err": {},
              "uuid": "936ec2f3-f403-4679-8c88-11aca77b049b",
              "parentUUID": "2a37fe6d-4d2f-4b31-afcd-d90da4957660",
              "isHook": false,
              "skipped": true
            },
            {
              "title": "Verify that the Add Subscription Expiration in days must be an integer",
              "fullTitle": "Beta Vendor Admin | Employee | Create Subscription| logged with Admin credentials Verify that the Add Subscription Expiration in days must be an integer",
              "timedOut": null,
              "duration": 0,
              "state": "skipped",
              "speed": null,
              "pass": false,
              "fail": false,
              "pending": false,
              "context": null,
              "code": "accessToSubsSection();\naccessToAddSubsForm();\nselectSubsService();\nselectSubsService();\n// filloutSubscriptionInfo = (sub_name, sub_price, sub_expiration, sub_sessions, sub_notes, sub_description)\nfilloutSubscriptionInfo('SubNotes is optional', 0.1, 8.1, 1000, 'Notes', 'Description');\nexpectedMessageCreateSubs('Expiration must be an integer number');",
              "err": {},
              "uuid": "25a8d4e3-3c22-43e0-a28b-5f5680ec5e2f",
              "parentUUID": "2a37fe6d-4d2f-4b31-afcd-d90da4957660",
              "isHook": false,
              "skipped": true
            },
            {
              "title": "Verify that the Add Subscription Service: Add another service allows the user to add multiple services",
              "fullTitle": "Beta Vendor Admin | Employee | Create Subscription| logged with Admin credentials Verify that the Add Subscription Service: Add another service allows the user to add multiple services",
              "timedOut": null,
              "duration": 0,
              "state": "skipped",
              "speed": null,
              "pass": false,
              "fail": false,
              "pending": false,
              "context": null,
              "code": "accessToSubsSection();\naccessToAddSubsForm();\nselectSubsService();\nselectSubsService();\nselectSubsService();\nselectSubsService();\n// filloutSubscriptionInfo = (sub_name, sub_price, sub_expiration, sub_sessions, sub_notes, sub_description)\nfilloutSubscriptionInfo('Subscription linked to 4 services', 9.1, 3, 1000, 'Notes', 'Description');\nexpectedMessageCreateSubs('Subscription created');",
              "err": {},
              "uuid": "fbfacda5-d79a-4968-86fd-24199ace217e",
              "parentUUID": "2a37fe6d-4d2f-4b31-afcd-d90da4957660",
              "isHook": false,
              "skipped": true
            },
            {
              "title": "Verify that the Add Subscription Service: Services can be removed ",
              "fullTitle": "Beta Vendor Admin | Employee | Create Subscription| logged with Admin credentials Verify that the Add Subscription Service: Services can be removed ",
              "timedOut": null,
              "duration": 0,
              "state": "skipped",
              "speed": null,
              "pass": false,
              "fail": false,
              "pending": false,
              "context": null,
              "code": "accessToSubsSection();\naccessToAddSubsForm();\nselectSubsService();\nfilloutSubscriptionInfo('Subscription linked to 4 services', 9.1, 3, 1000, 'Notes', 'Description');\ncy.get('[data-testid=\"CloseIcon\"]').click({\n  force: true\n});\n// filloutSubscriptionInfo = (sub_name, sub_price, sub_expiration, sub_sessions, sub_notes, sub_description)\nexpectedMessageCreateSubs('Please select at least one service');",
              "err": {},
              "uuid": "9cb1279c-893c-4a80-a805-d0518eb7430d",
              "parentUUID": "2a37fe6d-4d2f-4b31-afcd-d90da4957660",
              "isHook": false,
              "skipped": true
            },
            {
              "title": "Verify that the Add Subscription Service: Add another service allows the user to add multiple services",
              "fullTitle": "Beta Vendor Admin | Employee | Create Subscription| logged with Admin credentials Verify that the Add Subscription Service: Add another service allows the user to add multiple services",
              "timedOut": null,
              "duration": 0,
              "state": "skipped",
              "speed": null,
              "pass": false,
              "fail": false,
              "pending": false,
              "context": null,
              "code": "accessToSubsSection();\naccessToAddSubsForm();\nselectSubsService();\nselectSubsService();\n// filloutSubscriptionInfo = (sub_name, sub_price, sub_expiration, sub_sessions, sub_notes, sub_description)\nfilloutSubscriptionInfo('Subscription linked to 4 services', 9.1, 3, 1000, 'Notes', 'Description');\nexpectedMessageCreateSubs('Subscription created');",
              "err": {},
              "uuid": "6d819495-fff1-42e8-853b-b5851bf359f2",
              "parentUUID": "2a37fe6d-4d2f-4b31-afcd-d90da4957660",
              "isHook": false,
              "skipped": true
            }
          ],
          "suites": [],
          "passes": [],
          "failures": [
            "7cd1756d-2b8d-4cbe-9629-29a588810ab8"
          ],
          "pending": [],
          "skipped": [
            "ee733bf4-4c60-4be0-842f-5da5c74cd29a",
            "9aea9c72-33d6-4738-a7cf-671374b8fd25",
            "a8952bf7-cb09-4e62-b095-a44772180ddc",
            "520ff97f-8838-4ad3-9235-e0d2528e0617",
            "d6d1b104-ea5a-403d-a513-26e6a34c7151",
            "222cebf0-1fd3-493a-95f2-934d0bffc946",
            "00057d54-5be4-47b1-8de6-2e5e0f68b469",
            "64f47268-1173-406c-b596-90558caba2e5",
            "8a9c8bda-ce34-4be5-a61f-8db09821ea6c",
            "30e5d0ae-cd29-4a94-b78f-80fc929b12d1",
            "9b12029a-e323-454b-9d2f-16ffc53432d1",
            "f866e20e-f2e9-4a5b-b112-eee7a6489de4",
            "936ec2f3-f403-4679-8c88-11aca77b049b",
            "25a8d4e3-3c22-43e0-a28b-5f5680ec5e2f",
            "fbfacda5-d79a-4968-86fd-24199ace217e",
            "9cb1279c-893c-4a80-a805-d0518eb7430d",
            "6d819495-fff1-42e8-853b-b5851bf359f2"
          ],
          "duration": 3855,
          "root": false,
          "rootEmpty": false,
          "_timeout": 2000
        },
        {
          "uuid": "da514887-56ee-4662-ac62-97953eb07c88",
          "title": "Beta Vendor Admin | Employee | Update Subscription| logged with Admin credentials",
          "fullFile": "",
          "file": "",
          "beforeHooks": [],
          "afterHooks": [],
          "tests": [
            {
              "title": "Verify that the Update Subscription allows the user to remove services",
              "fullTitle": "Beta Vendor Admin | Employee | Update Subscription| logged with Admin credentials Verify that the Update Subscription allows the user to remove services",
              "timedOut": null,
              "duration": 707,
              "state": "failed",
              "speed": null,
              "pass": false,
              "fail": true,
              "pending": false,
              "context": null,
              "code": "accessToSubsSection();\naccessToEditSubsForm();\ncy.get('[data-testid=\"CloseIcon\"]').click({\n  force: true\n});\nexpectedMessageCreateSubs('Please select at least one service');",
              "err": {
                "message": "CypressError: `cy.visit()` failed trying to load:\n\nhttps://beta.vendor.bookr-dev.com/\n\nWe attempted to make an http request to this URL but the request failed without a response.\n\nWe received this error at the network level:\n\n  > Error: getaddrinfo ENOTFOUND beta.vendor.bookr-dev.com\n\nCommon situations why this would fail:\n  - you don't have internet access\n  - you forgot to run / boot your web server\n  - your web server isn't accessible\n  - you have weird network configuration settings on your computer\n\nThis error occurred while creating session. Because the session setup failed, we failed the test.\n\nBecause this error occurred during a `before each` hook we are skipping the remaining tests in the current suite: `Beta Vendor Admin | Employe...`",
                "estack": "CypressError: `cy.visit()` failed trying to load:\n\nhttps://beta.vendor.bookr-dev.com/\n\nWe attempted to make an http request to this URL but the request failed without a response.\n\nWe received this error at the network level:\n\n  > Error: getaddrinfo ENOTFOUND beta.vendor.bookr-dev.com\n\nCommon situations why this would fail:\n  - you don't have internet access\n  - you forgot to run / boot your web server\n  - your web server isn't accessible\n  - you have weird network configuration settings on your computer\n\nThis error occurred while creating session. Because the session setup failed, we failed the test.\n\nBecause this error occurred during a `before each` hook we are skipping the remaining tests in the current suite: `Beta Vendor Admin | Employe...`\n    at <unknown> (https://vendor.beta.bookr-dev.com/__cypress/runner/cypress_runner.js:142341:82)\n    at visitFailedByErr (https://vendor.beta.bookr-dev.com/__cypress/runner/cypress_runner.js:141629:12)\n    at <unknown> (https://vendor.beta.bookr-dev.com/__cypress/runner/cypress_runner.js:142340:11)\n    at tryCatcher (https://vendor.beta.bookr-dev.com/__cypress/runner/cypress_runner.js:11318:23)\n    at Promise._settlePromiseFromHandler (https://vendor.beta.bookr-dev.com/__cypress/runner/cypress_runner.js:9253:31)\n    at Promise._settlePromise (https://vendor.beta.bookr-dev.com/__cypress/runner/cypress_runner.js:9310:18)\n    at Promise._settlePromise0 (https://vendor.beta.bookr-dev.com/__cypress/runner/cypress_runner.js:9355:10)\n    at Promise._settlePromises (https://vendor.beta.bookr-dev.com/__cypress/runner/cypress_runner.js:9431:18)\n    at _drainQueueStep (https://vendor.beta.bookr-dev.com/__cypress/runner/cypress_runner.js:6025:12)\n    at _drainQueue (https://vendor.beta.bookr-dev.com/__cypress/runner/cypress_runner.js:6018:9)\n    at ../../node_modules/bluebird/js/release/async.js.Async._drainQueues (https://vendor.beta.bookr-dev.com/__cypress/runner/cypress_runner.js:6034:5)\n    at Async.drainQueues (https://vendor.beta.bookr-dev.com/__cypress/runner/cypress_runner.js:5904:14)\nFrom Your Spec Code:\n    at Object.eval [as setup] (cypress/e2e/bv-stg-crtsubs.cy.js:16:11)\n\nFrom Node.js Internals:\n  Error: getaddrinfo ENOTFOUND beta.vendor.bookr-dev.com\n      at GetAddrInfoReqWrap.onlookup [as oncomplete] (node:dns:71:26)",
                "diff": null
              },
              "uuid": "5608f4cf-4252-41e7-b3c5-4dc91e362c70",
              "parentUUID": "da514887-56ee-4662-ac62-97953eb07c88",
              "isHook": false,
              "skipped": false
            },
            {
              "title": "Verify that the Update Subscription Service is required",
              "fullTitle": "Beta Vendor Admin | Employee | Update Subscription| logged with Admin credentials Verify that the Update Subscription Service is required",
              "timedOut": null,
              "duration": 0,
              "state": "skipped",
              "speed": null,
              "pass": false,
              "fail": false,
              "pending": false,
              "context": null,
              "code": "accessToSubsSection();\naccessToEditSubsForm();\ncy.get('[data-testid=\"CloseIcon\"]').click({\n  force: true\n});\nexpectedMessageCreateSubs('Please select at least one service');",
              "err": {},
              "uuid": "4055975b-a881-4929-8b3c-effdcc5b6079",
              "parentUUID": "da514887-56ee-4662-ac62-97953eb07c88",
              "isHook": false,
              "skipped": true
            },
            {
              "title": "Verify that the Update Subscription Name is required",
              "fullTitle": "Beta Vendor Admin | Employee | Update Subscription| logged with Admin credentials Verify that the Update Subscription Name is required",
              "timedOut": null,
              "duration": 0,
              "state": "skipped",
              "speed": null,
              "pass": false,
              "fail": false,
              "pending": false,
              "context": null,
              "code": "accessToSubsSection();\naccessToEditSubsForm();\nclearUpdateForm();\nexpectedMessageCreateSubs('Name is required');",
              "err": {},
              "uuid": "16daa91c-0be5-40e8-becf-439ea760dde2",
              "parentUUID": "da514887-56ee-4662-ac62-97953eb07c88",
              "isHook": false,
              "skipped": true
            },
            {
              "title": "Verify that the update Subscription Name must be at least 3 characters",
              "fullTitle": "Beta Vendor Admin | Employee | Update Subscription| logged with Admin credentials Verify that the update Subscription Name must be at least 3 characters",
              "timedOut": null,
              "duration": 0,
              "state": "skipped",
              "speed": null,
              "pass": false,
              "fail": false,
              "pending": false,
              "context": null,
              "code": "accessToSubsSection();\naccessToEditSubsForm();\nclearUpdateForm();\nfilloutSubscriptionInfo(10, 10, 20, 30, 'Notes10', 'Description10');\nexpectedMessageCreateSubs('Name must be at least 3 characters');",
              "err": {},
              "uuid": "6cadc264-4a39-4614-b97b-32abf4e0865e",
              "parentUUID": "da514887-56ee-4662-ac62-97953eb07c88",
              "isHook": false,
              "skipped": true
            },
            {
              "title": "Verify that the update Subscription Price is required",
              "fullTitle": "Beta Vendor Admin | Employee | Update Subscription| logged with Admin credentials Verify that the update Subscription Price is required",
              "timedOut": null,
              "duration": 0,
              "state": "skipped",
              "speed": null,
              "pass": false,
              "fail": false,
              "pending": false,
              "context": null,
              "code": "accessToSubsSection();\naccessToEditSubsForm();\nclearUpdateForm();\nfilloutSubscriptionInfo('SubPrice Required', '{enter}', 2, 3, 'Notes', 'Description');\nexpectedMessageCreateSubs('Price is required');",
              "err": {},
              "uuid": "58a78cdb-a208-4893-91bb-4a3e7040bf3d",
              "parentUUID": "da514887-56ee-4662-ac62-97953eb07c88",
              "isHook": false,
              "skipped": true
            },
            {
              "title": "Verify that the Update Subscription Price must be greater than Zero",
              "fullTitle": "Beta Vendor Admin | Employee | Update Subscription| logged with Admin credentials Verify that the Update Subscription Price must be greater than Zero",
              "timedOut": null,
              "duration": 0,
              "state": "skipped",
              "speed": null,
              "pass": false,
              "fail": false,
              "pending": false,
              "context": null,
              "code": "accessToSubsSection();\naccessToEditSubsForm();\nclearUpdateForm();\n// filloutSubscriptionInfo = (sub_name, sub_price, sub_expiration, sub_sessions, sub_notes, sub_description)\nfilloutSubscriptionInfo('SubPrice greater than 0', 0, 2, 3, 'Notes', 'Description');\nexpectedMessageCreateSubs('Price must be greater than 0');",
              "err": {},
              "uuid": "71c99e77-cab9-4a7c-b34e-d6f97483bcc9",
              "parentUUID": "da514887-56ee-4662-ac62-97953eb07c88",
              "isHook": false,
              "skipped": true
            },
            {
              "title": "Verify that the Update Subscription Price allow decimal numbers",
              "fullTitle": "Beta Vendor Admin | Employee | Update Subscription| logged with Admin credentials Verify that the Update Subscription Price allow decimal numbers",
              "timedOut": null,
              "duration": 0,
              "state": "skipped",
              "speed": null,
              "pass": false,
              "fail": false,
              "pending": false,
              "context": null,
              "code": "accessToSubsSection();\naccessToEditSubsForm();\nclearUpdateForm();\n// filloutSubscriptionInfo = (sub_name, sub_price, sub_expiration, sub_sessions, sub_notes, sub_description)\nfilloutSubscriptionInfo('SubPrice Zeropoint1', 0.1, 2, 3, 'Notes', 'Description');\nexpectedMessageCreateSubs('Subscription Updated Succesfully');",
              "err": {},
              "uuid": "6689e17e-565a-42e0-88c6-56aa88a62ecc",
              "parentUUID": "da514887-56ee-4662-ac62-97953eb07c88",
              "isHook": false,
              "skipped": true
            },
            {
              "title": "Verify that the Update Subscription Description field is optional",
              "fullTitle": "Beta Vendor Admin | Employee | Update Subscription| logged with Admin credentials Verify that the Update Subscription Description field is optional",
              "timedOut": null,
              "duration": 0,
              "state": "skipped",
              "speed": null,
              "pass": false,
              "fail": false,
              "pending": false,
              "context": null,
              "code": "accessToSubsSection();\naccessToEditSubsForm();\nclearUpdateForm();\n// filloutSubscriptionInfo = (sub_name, sub_price, sub_expiration, sub_sessions, sub_notes, sub_description)\nfilloutSubscriptionInfo('update SubDescription is optional', 0.101, 2, 3, 'Notes for Description is optional', '{enter}');\nexpectedMessageCreateSubs('Subscription Updated Succesfully');",
              "err": {},
              "uuid": "8b8681c3-a91f-464e-9029-dac59e5c4621",
              "parentUUID": "da514887-56ee-4662-ac62-97953eb07c88",
              "isHook": false,
              "skipped": true
            },
            {
              "title": "Verify that the Add Subscription Notes field is optional",
              "fullTitle": "Beta Vendor Admin | Employee | Update Subscription| logged with Admin credentials Verify that the Add Subscription Notes field is optional",
              "timedOut": null,
              "duration": 0,
              "state": "skipped",
              "speed": null,
              "pass": false,
              "fail": false,
              "pending": false,
              "context": null,
              "code": "accessToSubsSection();\naccessToEditSubsForm();\nclearUpdateForm();\n// filloutSubscriptionInfo = (sub_name, sub_price, sub_expiration, sub_sessions, sub_notes, sub_description)\nfilloutSubscriptionInfo('Update SubNotes is optional', 0.1, 2, 3, '{enter}', 'Description test for Notes is optional');\nexpectedMessageCreateSubs('Subscription Updated Succesfully');",
              "err": {},
              "uuid": "4463c282-9bbe-4337-ae4e-4ead525d9224",
              "parentUUID": "da514887-56ee-4662-ac62-97953eb07c88",
              "isHook": false,
              "skipped": true
            },
            {
              "title": "Verify that the Add Subscription Number of Sessions is required  ",
              "fullTitle": "Beta Vendor Admin | Employee | Update Subscription| logged with Admin credentials Verify that the Add Subscription Number of Sessions is required  ",
              "timedOut": null,
              "duration": 0,
              "state": "skipped",
              "speed": null,
              "pass": false,
              "fail": false,
              "pending": false,
              "context": null,
              "code": "accessToSubsSection();\naccessToAddSubsForm();\nselectSubsService();\n// filloutSubscriptionInfo = (sub_name, sub_price, sub_expiration, sub_sessions, sub_notes, sub_description)\nfilloutSubscriptionInfo('SubNotes is optional', 0.1, 2, '{enter}', 'Notes', 'Description');\nexpectedMessageCreateSubs('Number of sessions is required');",
              "err": {},
              "uuid": "45a08567-a669-4d49-b77a-2a8d9282bcee",
              "parentUUID": "da514887-56ee-4662-ac62-97953eb07c88",
              "isHook": false,
              "skipped": true
            },
            {
              "title": "Verify that the Add Subscription Number of Sessions must be greater than Zero",
              "fullTitle": "Beta Vendor Admin | Employee | Update Subscription| logged with Admin credentials Verify that the Add Subscription Number of Sessions must be greater than Zero",
              "timedOut": null,
              "duration": 0,
              "state": "skipped",
              "speed": null,
              "pass": false,
              "fail": false,
              "pending": false,
              "context": null,
              "code": "accessToSubsSection();\naccessToAddSubsForm();\nselectSubsService();\n// filloutSubscriptionInfo = (sub_name, sub_price, sub_expiration, sub_sessions, sub_notes, sub_description)\nfilloutSubscriptionInfo('SubNotes is optional', 0.1, 2, 0, 'Notes', 'Description');\nexpectedMessageCreateSubs('Number of sessions must be greater than 0');",
              "err": {},
              "uuid": "8190dbd9-d13c-46e1-9afb-c8de1052d2ad",
              "parentUUID": "da514887-56ee-4662-ac62-97953eb07c88",
              "isHook": false,
              "skipped": true
            },
            {
              "title": "Verify that the Add Subscription Number of Sessions must be an integer",
              "fullTitle": "Beta Vendor Admin | Employee | Update Subscription| logged with Admin credentials Verify that the Add Subscription Number of Sessions must be an integer",
              "timedOut": null,
              "duration": 0,
              "state": "skipped",
              "speed": null,
              "pass": false,
              "fail": false,
              "pending": false,
              "context": null,
              "code": "accessToSubsSection();\naccessToAddSubsForm();\nselectSubsService();\n// filloutSubscriptionInfo = (sub_name, sub_price, sub_expiration, sub_sessions, sub_notes, sub_description)\nfilloutSubscriptionInfo('SubNotes is optional', 10.10, 2, 2.1, 'Notes', 'Description');\nexpectedMessageCreateSubs('Number of sessions must be an integer number');",
              "err": {},
              "uuid": "e10a9245-8d0b-4da9-8d9d-517870b20d9d",
              "parentUUID": "da514887-56ee-4662-ac62-97953eb07c88",
              "isHook": false,
              "skipped": true
            },
            {
              "title": "Verify that the Add Subscription Expiration in days is required",
              "fullTitle": "Beta Vendor Admin | Employee | Update Subscription| logged with Admin credentials Verify that the Add Subscription Expiration in days is required",
              "timedOut": null,
              "duration": 0,
              "state": "skipped",
              "speed": null,
              "pass": false,
              "fail": false,
              "pending": false,
              "context": null,
              "code": "accessToSubsSection();\naccessToAddSubsForm();\nselectSubsService();\n// filloutSubscriptionInfo = (sub_name, sub_price, sub_expiration, sub_sessions, sub_notes, sub_description)\nfilloutSubscriptionInfo('SubNotes is optional', 0.1, '{enter}', 1000, 'Notes', 'Description');\nexpectedMessageCreateSubs('Expiration is required');",
              "err": {},
              "uuid": "f8c5d5ba-6479-4700-b564-a7eae669662d",
              "parentUUID": "da514887-56ee-4662-ac62-97953eb07c88",
              "isHook": false,
              "skipped": true
            },
            {
              "title": "Verify that the Add Subscription Expiration in days must be greater than Zero",
              "fullTitle": "Beta Vendor Admin | Employee | Update Subscription| logged with Admin credentials Verify that the Add Subscription Expiration in days must be greater than Zero",
              "timedOut": null,
              "duration": 0,
              "state": "skipped",
              "speed": null,
              "pass": false,
              "fail": false,
              "pending": false,
              "context": null,
              "code": "accessToSubsSection();\naccessToAddSubsForm();\nselectSubsService();\n// filloutSubscriptionInfo = (sub_name, sub_price, sub_expiration, sub_sessions, sub_notes, sub_description)\nfilloutSubscriptionInfo('SubNotes is optional', 0.1, 0, 8, 'Notes', 'Description');\nexpectedMessageCreateSubs('Expiration must be greater than 0');",
              "err": {},
              "uuid": "78fccdf0-dd1b-4f77-a17c-ad4d61db292d",
              "parentUUID": "da514887-56ee-4662-ac62-97953eb07c88",
              "isHook": false,
              "skipped": true
            },
            {
              "title": "Verify that the Add Subscription Expiration in days must be an integer",
              "fullTitle": "Beta Vendor Admin | Employee | Update Subscription| logged with Admin credentials Verify that the Add Subscription Expiration in days must be an integer",
              "timedOut": null,
              "duration": 0,
              "state": "skipped",
              "speed": null,
              "pass": false,
              "fail": false,
              "pending": false,
              "context": null,
              "code": "accessToSubsSection();\naccessToAddSubsForm();\nselectSubsService();\nselectSubsService();\n// filloutSubscriptionInfo = (sub_name, sub_price, sub_expiration, sub_sessions, sub_notes, sub_description)\nfilloutSubscriptionInfo('SubNotes is optional', 0.1, 8.1, 1000, 'Notes', 'Description');\nexpectedMessageCreateSubs('Expiration must be an integer number');",
              "err": {},
              "uuid": "bcb0607a-2666-4d1a-b0e8-82525b71fa8b",
              "parentUUID": "da514887-56ee-4662-ac62-97953eb07c88",
              "isHook": false,
              "skipped": true
            },
            {
              "title": "Verify that the Add Subscription Service: Add another service allows the user to add multiple services",
              "fullTitle": "Beta Vendor Admin | Employee | Update Subscription| logged with Admin credentials Verify that the Add Subscription Service: Add another service allows the user to add multiple services",
              "timedOut": null,
              "duration": 0,
              "state": "skipped",
              "speed": null,
              "pass": false,
              "fail": false,
              "pending": false,
              "context": null,
              "code": "accessToSubsSection();\naccessToAddSubsForm();\nselectSubsService();\nselectSubsService();\nselectSubsService();\nselectSubsService();\n// filloutSubscriptionInfo = (sub_name, sub_price, sub_expiration, sub_sessions, sub_notes, sub_description)\nfilloutSubscriptionInfo('Subscription linked to 4 services', 9.1, 3, 1000, 'Notes', 'Description');\nexpectedMessageCreateSubs('Subscription created');",
              "err": {},
              "uuid": "b755af91-4c26-4803-8a65-cc7959662bdb",
              "parentUUID": "da514887-56ee-4662-ac62-97953eb07c88",
              "isHook": false,
              "skipped": true
            },
            {
              "title": "Verify that the Add Subscription Service: Services can be removed ",
              "fullTitle": "Beta Vendor Admin | Employee | Update Subscription| logged with Admin credentials Verify that the Add Subscription Service: Services can be removed ",
              "timedOut": null,
              "duration": 0,
              "state": "skipped",
              "speed": null,
              "pass": false,
              "fail": false,
              "pending": false,
              "context": null,
              "code": "accessToSubsSection();\naccessToAddSubsForm();\nselectSubsService();\nfilloutSubscriptionInfo('Subscription linked to 4 services', 9.1, 3, 1000, 'Notes', 'Description');\ncy.get('[data-testid=\"CloseIcon\"]').click({\n  force: true\n});\n// filloutSubscriptionInfo = (sub_name, sub_price, sub_expiration, sub_sessions, sub_notes, sub_description)\nexpectedMessageCreateSubs('Please select at least one service');",
              "err": {},
              "uuid": "59a7af2a-6da1-4dde-ab76-d8e9df838393",
              "parentUUID": "da514887-56ee-4662-ac62-97953eb07c88",
              "isHook": false,
              "skipped": true
            },
            {
              "title": "Verify that the Add Subscription Service: Add another service allows the user to add multiple services",
              "fullTitle": "Beta Vendor Admin | Employee | Update Subscription| logged with Admin credentials Verify that the Add Subscription Service: Add another service allows the user to add multiple services",
              "timedOut": null,
              "duration": 0,
              "state": "skipped",
              "speed": null,
              "pass": false,
              "fail": false,
              "pending": false,
              "context": null,
              "code": "accessToSubsSection();\naccessToAddSubsForm();\nselectSubsService();\nselectSubsService();\n// filloutSubscriptionInfo = (sub_name, sub_price, sub_expiration, sub_sessions, sub_notes, sub_description)\nfilloutSubscriptionInfo('Subscription linked to 4 services', 9.1, 3, 1000, 'Notes', 'Description');\nexpectedMessageCreateSubs('Subscription created');",
              "err": {},
              "uuid": "c4878bcc-361b-45d9-b2be-29d3815061e5",
              "parentUUID": "da514887-56ee-4662-ac62-97953eb07c88",
              "isHook": false,
              "skipped": true
            }
          ],
          "suites": [],
          "passes": [],
          "failures": [
            "5608f4cf-4252-41e7-b3c5-4dc91e362c70"
          ],
          "pending": [],
          "skipped": [
            "4055975b-a881-4929-8b3c-effdcc5b6079",
            "16daa91c-0be5-40e8-becf-439ea760dde2",
            "6cadc264-4a39-4614-b97b-32abf4e0865e",
            "58a78cdb-a208-4893-91bb-4a3e7040bf3d",
            "71c99e77-cab9-4a7c-b34e-d6f97483bcc9",
            "6689e17e-565a-42e0-88c6-56aa88a62ecc",
            "8b8681c3-a91f-464e-9029-dac59e5c4621",
            "4463c282-9bbe-4337-ae4e-4ead525d9224",
            "45a08567-a669-4d49-b77a-2a8d9282bcee",
            "8190dbd9-d13c-46e1-9afb-c8de1052d2ad",
            "e10a9245-8d0b-4da9-8d9d-517870b20d9d",
            "f8c5d5ba-6479-4700-b564-a7eae669662d",
            "78fccdf0-dd1b-4f77-a17c-ad4d61db292d",
            "bcb0607a-2666-4d1a-b0e8-82525b71fa8b",
            "b755af91-4c26-4803-8a65-cc7959662bdb",
            "59a7af2a-6da1-4dde-ab76-d8e9df838393",
            "c4878bcc-361b-45d9-b2be-29d3815061e5"
          ],
          "duration": 707,
          "root": false,
          "rootEmpty": false,
          "_timeout": 2000
        }
      ],
      "passes": [],
      "failures": [],
      "pending": [],
      "skipped": [],
      "duration": 0,
      "root": true,
      "rootEmpty": true,
      "_timeout": 2000
    }
  ],
  "meta": {
    "mocha": {
      "version": "7.0.1"
    },
    "mochawesome": {
      "options": {
        "quiet": true,
        "reportFilename": "mochawesome",
        "saveHtml": false,
        "saveJson": true,
        "consoleReporter": "spec",
        "useInlineDiffs": false,
        "code": true
      },
      "version": "7.1.3"
    },
    "marge": {
      "options": {
        "id": "default",
        "reportDir": "cypress/reports/mocha",
        "quiet": true,
        "overwrite": false,
        "html": false,
        "json": true
      },
      "version": "6.2.0"
    }
  }
}