{
  "stats": {
    "suites": 3,
    "tests": 72,
    "passes": 70,
    "pending": 2,
    "failures": 0,
    "testsRegistered": 72,
    "passPercent": 97.22222222222223,
    "pendingPercent": 2.7777777777777777,
    "other": 0,
    "hasOther": false,
    "skipped": 0,
    "hasSkipped": false,
    "start": "2025-03-17T09:20:53.611Z",
    "end": "2025-03-17T09:43:39.635Z",
    "duration": 1366024
  },
  "results": [
    {
      "uuid": "8c14bc90-c9e3-4c29-89f5-c4ee394726da",
      "title": "",
      "fullFile": "cypress\\e2e\\productionBetaVendor\\calendar\\bv-prod-crtapt.cy.js",
      "file": "cypress\\e2e\\productionBetaVendor\\calendar\\bv-prod-crtapt.cy.js",
      "beforeHooks": [],
      "afterHooks": [],
      "tests": [],
      "suites": [
        {
          "uuid": "c7cec1e8-79f2-484b-95bb-64f475653d27",
          "title": "Production - Beta Vendor Admin | Calendar | Create appointments by Clicking on the calendar| logged with Admin credentials",
          "fullFile": "",
          "file": "",
          "beforeHooks": [],
          "afterHooks": [],
          "tests": [
            {
              "title": "Verify it is possible to create a new appointment for 1 service and 1 offer - Admin credentials",
              "fullTitle": "Production - Beta Vendor Admin | Calendar | Create appointments by Clicking on the calendar| logged with Admin credentials Verify it is possible to create a new appointment for 1 service and 1 offer - Admin credentials",
              "timedOut": null,
              "duration": 20556,
              "state": "passed",
              "speed": "slow",
              "pass": true,
              "fail": false,
              "pending": false,
              "context": null,
              "code": "searchTimeSlot('Susan one', '03:00');\ncy.xpath('//span[text()=\"Service\"]/parent::label/following-sibling::div/div/div/div/following-sibling::div/input').click().type('{downarrow}{enter}');\n// cy.get('.css-1u3or2w>*').eq(1).find('input').first().click().type('{downarrow}{enter}')\ncy.contains('Add New Item').should('exist');\ncy.contains('Add New Item').click();\ncy.contains('Add Offer').should('exist');\ncy.contains('Add Offer').click();\ncy.contains('div', 'Offer').should('exist');\ncy.xpath('//span[text()=\"Offer\"]/parent::label/following-sibling::div/div/div/div/following-sibling::div/input').click().type('{enter}');\ncy.get('.css-1u3or2w').eq(1).children('div').next('div').find('input').eq(1).click().type('{downarrow}{enter}');\ncy.get('.css-1u3or2w').eq(1).children('div').next('div').find('input').eq(2).click().type('{downarrow}{enter}');\ncy.intercept('POST', '/api/main/vendor/bookings/cart').as('new-user');\ncy.contains('Create Appointment').click({\n  force: true\n});\ncy.wait('@new-user').then(function (interception) {\n  expect(interception.response.statusCode).to.equal(200);\n});\ncy.contains('New Appointment').should('not.be.visible');",
              "err": {},
              "uuid": "fbae9219-7c1a-4441-8aba-85f4202e7c07",
              "parentUUID": "c7cec1e8-79f2-484b-95bb-64f475653d27",
              "isHook": false,
              "skipped": false
            },
            {
              "title": "Verify the New appointment modal is hidden after creating successfully an appointment - Admin credentials",
              "fullTitle": "Production - Beta Vendor Admin | Calendar | Create appointments by Clicking on the calendar| logged with Admin credentials Verify the New appointment modal is hidden after creating successfully an appointment - Admin credentials",
              "timedOut": null,
              "duration": 13750,
              "state": "passed",
              "speed": "slow",
              "pass": true,
              "fail": false,
              "pending": false,
              "context": null,
              "code": "searchTimeSlot('Susan one', '07:00');\ncy.xpath('//span[text()=\"Service\"]/parent::label/following-sibling::div/div/div/div/following-sibling::div/input').click().type('{downarrow}{enter}');\ncy.intercept('POST', '/api/main/vendor/bookings/cart').as('new-user');\ncy.contains('Create Appointment').click({\n  force: true\n});\ncy.wait('@new-user').then(function (interception) {\n  expect(interception.response.statusCode).to.equal(200);\n});\ncy.contains('New Appointment').should('not.be.visible');",
              "err": {},
              "uuid": "83f1b5f3-122c-490a-b3bb-f23259fb0ed0",
              "parentUUID": "c7cec1e8-79f2-484b-95bb-64f475653d27",
              "isHook": false,
              "skipped": false
            },
            {
              "title": "Verify it is possible to create an appointment searching and selecting customer from vendor - Admin credentials",
              "fullTitle": "Production - Beta Vendor Admin | Calendar | Create appointments by Clicking on the calendar| logged with Admin credentials Verify it is possible to create an appointment searching and selecting customer from vendor - Admin credentials",
              "timedOut": null,
              "duration": 9646,
              "state": "passed",
              "speed": "medium",
              "pass": true,
              "fail": false,
              "pending": false,
              "context": null,
              "code": "searchTimeSlot('Naomi Naomi', '07:00');\ncy.contains(\"Search customer..\").next('div').should('exist');\ncy.contains(\"Search customer..\").next('div').children('input').click({\n  force: true\n});\ncy.contains(\"Search customer..\").next('div').children('input').type('erika{enter}{enter}', {\n  force: true,\n  delay: 1000\n});\ncy.xpath('//span[text()=\"Service\"]/parent::label/following-sibling::div/div/div/div/following-sibling::div/input').click().type('{downarrow}{enter}');\ncy.intercept('POST', '/api/main/vendor/bookings/cart').as('new-user');\ncy.contains('Create Appointment').click({\n  force: true\n});\ncy.wait('@new-user').then(function (interception) {\n  expect(interception.response.statusCode).to.equal(200);\n});\ncy.contains('New Appointment').should('not.be.visible');",
              "err": {},
              "uuid": "fc848631-bdf0-48fd-8c4d-f3082ad1a725",
              "parentUUID": "c7cec1e8-79f2-484b-95bb-64f475653d27",
              "isHook": false,
              "skipped": false
            },
            {
              "title": "Verify the New appointment modal is hidden after creating successfully an ovelap appointment - Admin credentials",
              "fullTitle": "Production - Beta Vendor Admin | Calendar | Create appointments by Clicking on the calendar| logged with Admin credentials Verify the New appointment modal is hidden after creating successfully an ovelap appointment - Admin credentials",
              "timedOut": null,
              "duration": 15780,
              "state": "passed",
              "speed": "slow",
              "pass": true,
              "fail": false,
              "pending": false,
              "context": null,
              "code": "searchTimeSlot('Naomi Naomi', '07:00');\ncy.xpath('//span[text()=\"Service\"]/parent::label/following-sibling::div/div/div/div/following-sibling::div/input').click().type('{downarrow}{enter}');\ncy.contains('Create Appointment').click({\n  force: true\n});\ncy.intercept('POST', '/api/main/vendor/bookings/cart').as('new-user');\ncy.contains('Warning: ').should('be.visible');\ncy.contains('button', 'Continue').click({\n  force: true\n});\ncy.wait('@new-user').then(function (interception) {\n  expect(interception.response.statusCode).to.equal(200);\n});\ncy.contains('New Appointment').should('not.be.visible');",
              "err": {},
              "uuid": "d7c8cb8c-5147-49fc-bc01-988d48f06372",
              "parentUUID": "c7cec1e8-79f2-484b-95bb-64f475653d27",
              "isHook": false,
              "skipped": false
            },
            {
              "title": "Verify it is possible to create an appointment over and already taken time slot - Admin Credentials",
              "fullTitle": "Production - Beta Vendor Admin | Calendar | Create appointments by Clicking on the calendar| logged with Admin credentials Verify it is possible to create an appointment over and already taken time slot - Admin Credentials",
              "timedOut": null,
              "duration": 3893,
              "state": "passed",
              "speed": "fast",
              "pass": true,
              "fail": false,
              "pending": false,
              "context": null,
              "code": "searchTimeSlot('Naomi Naomi', '07:00');\ncy.contains('New Appointment').should('exist');\ncy.xpath('//span[text()=\"Service\"]/parent::label/following-sibling::div/div/div/div/following-sibling::div/input').click().type('{downarrow}{enter}');\ncy.contains('Create Appointment').click({\n  force: true\n});\ncy.contains('Warning: ').should('be.visible');\ncy.intercept('POST', '/api/main/vendor/bookings/cart').as('new-user');\ncy.contains('button', 'Continue').click({\n  force: true\n});\ncy.wait('@new-user').then(function (interception) {\n  expect(interception.response.statusCode).to.equal(200);\n});",
              "err": {},
              "uuid": "d0137f3c-463f-40ff-a19a-724c2eee74fd",
              "parentUUID": "c7cec1e8-79f2-484b-95bb-64f475653d27",
              "isHook": false,
              "skipped": false
            },
            {
              "title": "Verify the New appointment modal is hidden after creating successfully an appointment - Admin credentials",
              "fullTitle": "Production - Beta Vendor Admin | Calendar | Create appointments by Clicking on the calendar| logged with Admin credentials Verify the New appointment modal is hidden after creating successfully an appointment - Admin credentials",
              "timedOut": null,
              "duration": 3683,
              "state": "passed",
              "speed": "fast",
              "pass": true,
              "fail": false,
              "pending": false,
              "context": null,
              "code": "searchTimeSlot('ALEX ALEX', '07:00');\ncy.contains('New Appointment').should('exist');\ncy.xpath('//span[text()=\"Service\"]/parent::label/following-sibling::div/div/div/div/following-sibling::div/input').click().type('{downarrow}{enter}');\ncy.intercept('POST', '/api/main/vendor/bookings/cart').as('new-user');\ncy.contains('Create Appointment').click({\n  force: true\n});\ncy.wait('@new-user').then(function (interception) {\n  expect(interception.response.statusCode).to.equal(200);\n});\ncy.contains('New Appointment').should('not.be.visible');",
              "err": {},
              "uuid": "d9d872a2-2a18-4946-a8c9-9f1b57c56593",
              "parentUUID": "c7cec1e8-79f2-484b-95bb-64f475653d27",
              "isHook": false,
              "skipped": false
            },
            {
              "title": "Verify The edit appointment modal is display after clicking on Edit booking button - Admin credentials",
              "fullTitle": "Production - Beta Vendor Admin | Calendar | Create appointments by Clicking on the calendar| logged with Admin credentials Verify The edit appointment modal is display after clicking on Edit booking button - Admin credentials",
              "timedOut": null,
              "duration": 5242,
              "state": "passed",
              "speed": "medium",
              "pass": true,
              "fail": false,
              "pending": false,
              "context": null,
              "code": "searchApt('ALEX ALEX', '07:00');\ncy.log('Test completed');\ncy.contains('Appointment Details').should('be.visible');\ncy.contains('Edit Booking').should('be.visible');\ncy.contains('Edit Booking').click({\n  force: true\n});\ncy.contains('Edit Appointment').should('exist');",
              "err": {},
              "uuid": "cc44d2a7-40d4-47e3-a270-ca8388309e1f",
              "parentUUID": "c7cec1e8-79f2-484b-95bb-64f475653d27",
              "isHook": false,
              "skipped": false
            },
            {
              "title": "Verify it is possible to edit the Customer - Admin credentials",
              "fullTitle": "Production - Beta Vendor Admin | Calendar | Create appointments by Clicking on the calendar| logged with Admin credentials Verify it is possible to edit the Customer - Admin credentials",
              "timedOut": null,
              "duration": 6311,
              "state": "passed",
              "speed": "medium",
              "pass": true,
              "fail": false,
              "pending": false,
              "context": null,
              "code": "searchApt('ALEX ALEX', '07:00');\ncy.contains('Appointment Details').should('be.visible');\ncy.contains('Edit Booking').should('be.visible');\ncy.contains('Edit Booking').click({\n  force: true\n});\ncy.contains('Edit Appointment').should('exist');\ncy.xpath(\"//h2[text()=\\\"Edit Appointment\\\"]/parent::div/following-sibling::div/div/div/div/div/button[text()=\\\"Change customer\\\"]\").should('be.visible');\ncy.xpath(\"//h2[text()=\\\"Edit Appointment\\\"]/parent::div/following-sibling::div/div/div/div/div/button[text()=\\\"Change customer\\\"]\").click();\ncy.wait(1000);",
              "err": {},
              "uuid": "64cc3574-f0cf-4cdc-82b7-5f19de90af48",
              "parentUUID": "c7cec1e8-79f2-484b-95bb-64f475653d27",
              "isHook": false,
              "skipped": false
            }
          ],
          "suites": [],
          "passes": [
            "fbae9219-7c1a-4441-8aba-85f4202e7c07",
            "83f1b5f3-122c-490a-b3bb-f23259fb0ed0",
            "fc848631-bdf0-48fd-8c4d-f3082ad1a725",
            "d7c8cb8c-5147-49fc-bc01-988d48f06372",
            "d0137f3c-463f-40ff-a19a-724c2eee74fd",
            "d9d872a2-2a18-4946-a8c9-9f1b57c56593",
            "cc44d2a7-40d4-47e3-a270-ca8388309e1f",
            "64cc3574-f0cf-4cdc-82b7-5f19de90af48"
          ],
          "failures": [],
          "pending": [],
          "skipped": [],
          "duration": 78861,
          "root": false,
          "rootEmpty": false,
          "_timeout": 2000
        },
        {
          "uuid": "117af384-4381-45e6-991d-68fd59833430",
          "title": "Production - Beta Vendor Admin | Calendar | Create appointments by Clicking on the calendar| logged with Receptionist credentials",
          "fullFile": "",
          "file": "",
          "beforeHooks": [],
          "afterHooks": [],
          "tests": [
            {
              "title": "Verify it is possible to create a new appointment for 1 service and 1 offer - Receptionist credentials",
              "fullTitle": "Production - Beta Vendor Admin | Calendar | Create appointments by Clicking on the calendar| logged with Receptionist credentials Verify it is possible to create a new appointment for 1 service and 1 offer - Receptionist credentials",
              "timedOut": null,
              "duration": 26797,
              "state": "passed",
              "speed": "slow",
              "pass": true,
              "fail": false,
              "pending": false,
              "context": null,
              "code": "searchTimeSlot('Zstaff ', '03:00');\ncy.xpath('//span[text()=\"Service\"]/parent::label/following-sibling::div/div/div/div/following-sibling::div/input').click().type('{downarrow}{enter}');\n// cy.get('.css-1u3or2w>*').eq(1).find('input').first().click().type('{downarrow}{enter}')\ncy.contains('Add New Item').should('exist');\ncy.contains('Add New Item').click();\ncy.contains('Add Offer').should('exist');\ncy.contains('Add Offer').click();\ncy.contains('div', 'Offer').should('exist');\ncy.xpath('//span[text()=\"Offer\"]/parent::label/following-sibling::div/div/div/div/following-sibling::div/input').click().type('{enter}');\ncy.get('.css-1u3or2w').eq(1).children('div').next('div').find('input').eq(1).click().type('{downarrow}{downarrow}{downarrow}{downarrow}{enter}');\ncy.get('.css-1u3or2w').eq(1).children('div').next('div').find('input').eq(2).click().type('{downarrow}{enter}');\ncy.intercept('POST', '/api/main/vendor/bookings/cart').as('new-user');\ncy.contains('Create Appointment').click({\n  force: true\n});\ncy.wait('@new-user').then(function (interception) {\n  expect(interception.response.statusCode).to.equal(200);\n});\ncy.contains('New Appointment').should('not.be.visible');",
              "err": {},
              "uuid": "7f10b3f8-db59-4759-8d7f-08a0fc72df9c",
              "parentUUID": "117af384-4381-45e6-991d-68fd59833430",
              "isHook": false,
              "skipped": false
            },
            {
              "title": "Verify the New appointment modal is hidden after creating successfully an appointment - Receptionist credentials",
              "fullTitle": "Production - Beta Vendor Admin | Calendar | Create appointments by Clicking on the calendar| logged with Receptionist credentials Verify the New appointment modal is hidden after creating successfully an appointment - Receptionist credentials",
              "timedOut": null,
              "duration": 14479,
              "state": "passed",
              "speed": "slow",
              "pass": true,
              "fail": false,
              "pending": false,
              "context": null,
              "code": "searchTimeSlot('Mateo', '03:00');\ncy.xpath('//span[text()=\"Service\"]/parent::label/following-sibling::div/div/div/div/following-sibling::div/input').click().type('{downarrow}{enter}');\ncy.intercept('POST', '/api/main/vendor/bookings/cart').as('new-user');\ncy.contains('Create Appointment').click({\n  force: true\n});\ncy.wait('@new-user').then(function (interception) {\n  expect(interception.response.statusCode).to.equal(200);\n});\ncy.contains('New Appointment').should('not.be.visible');",
              "err": {},
              "uuid": "ba953f4e-6eb4-4d09-b1bf-5107f6338de2",
              "parentUUID": "117af384-4381-45e6-991d-68fd59833430",
              "isHook": false,
              "skipped": false
            },
            {
              "title": "Verify it is possible to create an appointment searching and selecting customer from vendor - Receptionist credentials",
              "fullTitle": "Production - Beta Vendor Admin | Calendar | Create appointments by Clicking on the calendar| logged with Receptionist credentials Verify it is possible to create an appointment searching and selecting customer from vendor - Receptionist credentials",
              "timedOut": null,
              "duration": 21829,
              "state": "passed",
              "speed": "slow",
              "pass": true,
              "fail": false,
              "pending": false,
              "context": null,
              "code": "searchTimeSlot('Zstaff ', '06:00');\ncy.contains(\"Search customer..\").next('div').should('exist');\ncy.contains(\"Search customer..\").next('div').children('input').click({\n  force: true\n});\ncy.contains(\"Search customer..\").next('div').children('input').type('erika{enter}{enter}', {\n  force: true,\n  delay: 1000\n});\ncy.xpath('//span[text()=\"Service\"]/parent::label/following-sibling::div/div/div/div/following-sibling::div/input').click().type('{downarrow}{enter}');\ncy.intercept('POST', '/api/main/vendor/bookings/cart').as('new-user');\ncy.contains('Create Appointment').click({\n  force: true\n});\ncy.wait('@new-user').then(function (interception) {\n  expect(interception.response.statusCode).to.equal(200);\n});\ncy.contains('New Appointment').should('not.be.visible');",
              "err": {},
              "uuid": "f364c4b1-364a-43f3-a0ec-38a0d94c892b",
              "parentUUID": "117af384-4381-45e6-991d-68fd59833430",
              "isHook": false,
              "skipped": false
            },
            {
              "title": "Verify the New appointment modal is hidden after creating successfully an ovelap appointment - Receptionist credentials",
              "fullTitle": "Production - Beta Vendor Admin | Calendar | Create appointments by Clicking on the calendar| logged with Receptionist credentials Verify the New appointment modal is hidden after creating successfully an ovelap appointment - Receptionist credentials",
              "timedOut": null,
              "duration": 12632,
              "state": "passed",
              "speed": "slow",
              "pass": true,
              "fail": false,
              "pending": false,
              "context": null,
              "code": "searchTimeSlot('Zstaff ', '06:00');\ncy.xpath('//span[text()=\"Service\"]/parent::label/following-sibling::div/div/div/div/following-sibling::div/input').click().type('{downarrow}{enter}');\ncy.contains('Create Appointment').click({\n  force: true\n});\ncy.intercept('POST', '/api/main/vendor/bookings/cart').as('new-user');\ncy.contains('Warning: ').should('be.visible');\ncy.contains('button', 'Continue').click({\n  force: true\n});\ncy.wait('@new-user').then(function (interception) {\n  expect(interception.response.statusCode).to.equal(200);\n});\ncy.contains('New Appointment').should('not.be.visible');",
              "err": {},
              "uuid": "2b28f956-1051-4b85-a137-3789c4ba5548",
              "parentUUID": "117af384-4381-45e6-991d-68fd59833430",
              "isHook": false,
              "skipped": false
            },
            {
              "title": "Verify it is possible to create an appointment over and already taken time slot - Receptionist Credentials",
              "fullTitle": "Production - Beta Vendor Admin | Calendar | Create appointments by Clicking on the calendar| logged with Receptionist credentials Verify it is possible to create an appointment over and already taken time slot - Receptionist Credentials",
              "timedOut": null,
              "duration": 15951,
              "state": "passed",
              "speed": "slow",
              "pass": true,
              "fail": false,
              "pending": false,
              "context": null,
              "code": "searchTimeSlot('Zstaff ', '06:00');\ncy.xpath('//span[text()=\"Service\"]/parent::label/following-sibling::div/div/div/div/following-sibling::div/input').click().type('{downarrow}{enter}');\ncy.contains('Create Appointment').click({\n  force: true\n});\ncy.contains('Warning: ').should('be.visible');\ncy.intercept('POST', '/api/main/vendor/bookings/cart').as('new-user');\ncy.contains('button', 'Continue').click({\n  force: true\n});\ncy.wait('@new-user').then(function (interception) {\n  expect(interception.response.statusCode).to.equal(200);\n});",
              "err": {},
              "uuid": "7ecd6526-5a02-43ea-a443-2e6d7dc1aef9",
              "parentUUID": "117af384-4381-45e6-991d-68fd59833430",
              "isHook": false,
              "skipped": false
            },
            {
              "title": "Verify the New appointment modal is hidden after creating successfully an appointment - Receptionist credentials",
              "fullTitle": "Production - Beta Vendor Admin | Calendar | Create appointments by Clicking on the calendar| logged with Receptionist credentials Verify the New appointment modal is hidden after creating successfully an appointment - Receptionist credentials",
              "timedOut": null,
              "duration": 3384,
              "state": "passed",
              "speed": "fast",
              "pass": true,
              "fail": false,
              "pending": false,
              "context": null,
              "code": "searchTimeSlot('Mateo ', '06:00');\ncy.xpath('//span[text()=\"Service\"]/parent::label/following-sibling::div/div/div/div/following-sibling::div/input').click().type('{downarrow}{enter}');\ncy.intercept('POST', '/api/main/vendor/bookings/cart').as('new-user');\ncy.contains('Create Appointment').click({\n  force: true\n});\ncy.wait('@new-user').then(function (interception) {\n  expect(interception.response.statusCode).to.equal(200);\n});\ncy.contains('New Appointment').should('not.be.visible');",
              "err": {},
              "uuid": "d6385418-7e0f-4770-b90d-9d916cb66795",
              "parentUUID": "117af384-4381-45e6-991d-68fd59833430",
              "isHook": false,
              "skipped": false
            },
            {
              "title": "Verify the New appointment modal is hidden after creating successfully an appointment - Receptionist Credentials",
              "fullTitle": "Production - Beta Vendor Admin | Calendar | Create appointments by Clicking on the calendar| logged with Receptionist credentials Verify the New appointment modal is hidden after creating successfully an appointment - Receptionist Credentials",
              "timedOut": null,
              "duration": 3721,
              "state": "passed",
              "speed": "fast",
              "pass": true,
              "fail": false,
              "pending": false,
              "context": null,
              "code": "searchTimeSlot('Jaira ', '06:00');\ncy.xpath('//span[text()=\"Service\"]/parent::label/following-sibling::div/div/div/div/following-sibling::div/input').click().type('{downarrow}{enter}');\ncy.intercept('POST', '/api/main/vendor/bookings/cart').as('new-user');\ncy.contains('Create Appointment').click({\n  force: true\n});\ncy.wait('@new-user').then(function (interception) {\n  expect(interception.response.statusCode).to.equal(200);\n});\ncy.contains('New Appointment').should('not.be.visible');",
              "err": {},
              "uuid": "4d579318-5bb3-46ad-945f-6567a0e99907",
              "parentUUID": "117af384-4381-45e6-991d-68fd59833430",
              "isHook": false,
              "skipped": false
            },
            {
              "title": "Verify The edit appointment modal is display after clicking on Edit booking button - Receptionist credentials",
              "fullTitle": "Production - Beta Vendor Admin | Calendar | Create appointments by Clicking on the calendar| logged with Receptionist credentials Verify The edit appointment modal is display after clicking on Edit booking button - Receptionist credentials",
              "timedOut": null,
              "duration": 5535,
              "state": "passed",
              "speed": "medium",
              "pass": true,
              "fail": false,
              "pending": false,
              "context": null,
              "code": "searchApt('Mateo ', '06:00');\ncy.contains('Appointment Details').should('be.visible');\ncy.contains('Edit Booking').should('be.visible');\ncy.contains('Edit Booking').click({\n  force: true\n});\ncy.contains('Edit Appointment').should('exist');",
              "err": {},
              "uuid": "2c4b6b15-bb96-4316-b89d-32a75682181f",
              "parentUUID": "117af384-4381-45e6-991d-68fd59833430",
              "isHook": false,
              "skipped": false
            },
            {
              "title": "Verify it is possible to edit the Customer - Receptionist credentials",
              "fullTitle": "Production - Beta Vendor Admin | Calendar | Create appointments by Clicking on the calendar| logged with Receptionist credentials Verify it is possible to edit the Customer - Receptionist credentials",
              "timedOut": null,
              "duration": 6376,
              "state": "passed",
              "speed": "medium",
              "pass": true,
              "fail": false,
              "pending": false,
              "context": null,
              "code": "searchApt('Mateo ', '06:00');\ncy.contains('Appointment Details').should('be.visible');\ncy.contains('Edit Booking').should('be.visible');\ncy.contains('Edit Booking').click({\n  force: true\n});\ncy.contains('Edit Appointment').should('exist');\ncy.xpath(\"//h2[text()=\\\"Edit Appointment\\\"]/parent::div/following-sibling::div/div/div/div/div/button[text()=\\\"Change customer\\\"]\").should('be.visible');\ncy.xpath(\"//h2[text()=\\\"Edit Appointment\\\"]/parent::div/following-sibling::div/div/div/div/div/button[text()=\\\"Change customer\\\"]\").click();\ncy.wait(1000);",
              "err": {},
              "uuid": "fa87644b-44be-46d5-bed9-99dffc2b3718",
              "parentUUID": "117af384-4381-45e6-991d-68fd59833430",
              "isHook": false,
              "skipped": false
            }
          ],
          "suites": [],
          "passes": [
            "7f10b3f8-db59-4759-8d7f-08a0fc72df9c",
            "ba953f4e-6eb4-4d09-b1bf-5107f6338de2",
            "f364c4b1-364a-43f3-a0ec-38a0d94c892b",
            "2b28f956-1051-4b85-a137-3789c4ba5548",
            "7ecd6526-5a02-43ea-a443-2e6d7dc1aef9",
            "d6385418-7e0f-4770-b90d-9d916cb66795",
            "4d579318-5bb3-46ad-945f-6567a0e99907",
            "2c4b6b15-bb96-4316-b89d-32a75682181f",
            "fa87644b-44be-46d5-bed9-99dffc2b3718"
          ],
          "failures": [],
          "pending": [],
          "skipped": [],
          "duration": 110704,
          "root": false,
          "rootEmpty": false,
          "_timeout": 2000
        },
        {
          "uuid": "d264f976-7006-48af-af8f-15cf34b0781f",
          "title": "Production - Beta Vendor Admin | Calendar | Create appointments by Clicking on the calendar| logged with Staff credentials",
          "fullFile": "",
          "file": "",
          "beforeHooks": [],
          "afterHooks": [],
          "tests": [
            {
              "title": "Verify it is possible to create a new appointment for 1 service and 1 offer - Staff credentials",
              "fullTitle": "Production - Beta Vendor Admin | Calendar | Create appointments by Clicking on the calendar| logged with Staff credentials Verify it is possible to create a new appointment for 1 service and 1 offer - Staff credentials",
              "timedOut": null,
              "duration": 22002,
              "state": "passed",
              "speed": "slow",
              "pass": true,
              "fail": false,
              "pending": false,
              "context": null,
              "code": "searchTimeSlot('Zumba Zumba', '03:00');\ncy.xpath('//span[text()=\"Service\"]/parent::label/following-sibling::div/div/div/div/following-sibling::div/input').click().type('{downarrow}{enter}');\n// cy.get('.css-1u3or2w>*').eq(1).find('input').first().click().type('{downarrow}{enter}')\ncy.contains('Add New Item').should('exist');\ncy.contains('Add New Item').click();\ncy.contains('Add Offer').should('exist');\ncy.contains('Add Offer').click();\ncy.contains('div', 'Offer').should('exist');\ncy.xpath('//span[text()=\"Offer\"]/parent::label/following-sibling::div/div/div/div/following-sibling::div/input').click().type('{enter}');\ncy.get('.css-1u3or2w').eq(1).children('div').next('div').find('input').eq(1).click().type('{downarrow}{downarrow}{downarrow}{enter}');\ncy.get('.css-1u3or2w').eq(1).children('div').next('div').find('input').eq(2).click().type('{downarrow}{downarrow}{downarrow}{enter}');\ncy.intercept('POST', '/api/main/vendor/bookings/cart').as('new-user');\ncy.contains('Create Appointment').click({\n  force: true\n});\ncy.wait('@new-user').then(function (interception) {\n  expect(interception.response.statusCode).to.equal(200);\n});\ncy.contains('New Appointment').should('not.be.visible');",
              "err": {},
              "uuid": "46b6f408-0a24-4d8f-aac3-32bde7b5392a",
              "parentUUID": "d264f976-7006-48af-af8f-15cf34b0781f",
              "isHook": false,
              "skipped": false
            },
            {
              "title": "Verify the New appointment modal is hidden after creating successfully an appointment - Staff credentials",
              "fullTitle": "Production - Beta Vendor Admin | Calendar | Create appointments by Clicking on the calendar| logged with Staff credentials Verify the New appointment modal is hidden after creating successfully an appointment - Staff credentials",
              "timedOut": null,
              "duration": 13831,
              "state": "passed",
              "speed": "slow",
              "pass": true,
              "fail": false,
              "pending": false,
              "context": null,
              "code": "searchTimeSlot('Zumba Zumba', '05:00');\ncy.xpath('//span[text()=\"Service\"]/parent::label/following-sibling::div/div/div/div/following-sibling::div/input').click().type('{downarrow}{enter}');\ncy.intercept('POST', '/api/main/vendor/bookings/cart').as('new-user');\ncy.contains('Create Appointment').click({\n  force: true\n});\ncy.wait('@new-user').then(function (interception) {\n  expect(interception.response.statusCode).to.equal(200);\n});\ncy.contains('New Appointment').should('not.be.visible');",
              "err": {},
              "uuid": "cd254159-28c8-4788-ad26-cde99f7ed082",
              "parentUUID": "d264f976-7006-48af-af8f-15cf34b0781f",
              "isHook": false,
              "skipped": false
            },
            {
              "title": "Verify it is possible to create an appointment searching and selecting customer from vendor - Staff credentials",
              "fullTitle": "Production - Beta Vendor Admin | Calendar | Create appointments by Clicking on the calendar| logged with Staff credentials Verify it is possible to create an appointment searching and selecting customer from vendor - Staff credentials",
              "timedOut": null,
              "duration": 9141,
              "state": "passed",
              "speed": "medium",
              "pass": true,
              "fail": false,
              "pending": false,
              "context": null,
              "code": "searchTimeSlot('Zumba Zumba', '07:00');\ncy.contains(\"Search customer..\").next('div').should('exist');\ncy.contains(\"Search customer..\").next('div').children('input').click({\n  force: true\n});\ncy.contains(\"Search customer..\").next('div').children('input').type('erika{enter}{enter}', {\n  force: true,\n  delay: 1000\n});\ncy.xpath('//span[text()=\"Service\"]/parent::label/following-sibling::div/div/div/div/following-sibling::div/input').click().type('{downarrow}{enter}');\ncy.intercept('POST', '/api/main/vendor/bookings/cart').as('new-user');\ncy.contains('Create Appointment').click({\n  force: true\n});\ncy.wait('@new-user').then(function (interception) {\n  expect(interception.response.statusCode).to.equal(200);\n});\ncy.contains('New Appointment').should('not.be.visible');",
              "err": {},
              "uuid": "9f9c95c2-e45e-442e-a1a8-42cff84c2134",
              "parentUUID": "d264f976-7006-48af-af8f-15cf34b0781f",
              "isHook": false,
              "skipped": false
            },
            {
              "title": "Verify the New appointment modal is hidden after creating successfully an ovelap appointment - Staff credentials",
              "fullTitle": "Production - Beta Vendor Admin | Calendar | Create appointments by Clicking on the calendar| logged with Staff credentials Verify the New appointment modal is hidden after creating successfully an ovelap appointment - Staff credentials",
              "timedOut": null,
              "duration": 14542,
              "state": "passed",
              "speed": "slow",
              "pass": true,
              "fail": false,
              "pending": false,
              "context": null,
              "code": "searchTimeSlot('Zumba Zumba', '05:00');\ncy.xpath('//span[text()=\"Service\"]/parent::label/following-sibling::div/div/div/div/following-sibling::div/input').click().type('{downarrow}{enter}');\ncy.contains('Create Appointment').click({\n  force: true\n});\ncy.intercept('POST', '/api/main/vendor/bookings/cart').as('new-user');\ncy.contains('Warning: ').should('be.visible');\ncy.contains('button', 'Continue').click({\n  force: true\n});\ncy.wait('@new-user').then(function (interception) {\n  expect(interception.response.statusCode).to.equal(200);\n});\ncy.contains('New Appointment').should('not.be.visible');",
              "err": {},
              "uuid": "8d9972e7-133c-4f97-a32b-fe68b43c7530",
              "parentUUID": "d264f976-7006-48af-af8f-15cf34b0781f",
              "isHook": false,
              "skipped": false
            },
            {
              "title": "Verify it is possible to create an appointment over and already taken time slot - Staff Credentials",
              "fullTitle": "Production - Beta Vendor Admin | Calendar | Create appointments by Clicking on the calendar| logged with Staff credentials Verify it is possible to create an appointment over and already taken time slot - Staff Credentials",
              "timedOut": null,
              "duration": 3133,
              "state": "passed",
              "speed": "fast",
              "pass": true,
              "fail": false,
              "pending": false,
              "context": null,
              "code": "searchTimeSlot('Zumba Zumba', '05:00');\ncy.xpath('//span[text()=\"Service\"]/parent::label/following-sibling::div/div/div/div/following-sibling::div/input').click().type('{downarrow}{enter}');\ncy.contains('Create Appointment').click({\n  force: true\n});\ncy.contains('Warning: ').should('be.visible');\ncy.intercept('POST', '/api/main/vendor/bookings/cart').as('new-user');\ncy.contains('button', 'Continue').click({\n  force: true\n});\ncy.wait('@new-user').then(function (interception) {\n  expect(interception.response.statusCode).to.equal(200);\n});",
              "err": {},
              "uuid": "a672c266-3d3a-42e0-85a3-bead6804b683",
              "parentUUID": "d264f976-7006-48af-af8f-15cf34b0781f",
              "isHook": false,
              "skipped": false
            },
            {
              "title": "Verify The edit appointment modal is display after clicking on Edit booking button - Staff credentials",
              "fullTitle": "Production - Beta Vendor Admin | Calendar | Create appointments by Clicking on the calendar| logged with Staff credentials Verify The edit appointment modal is display after clicking on Edit booking button - Staff credentials",
              "timedOut": null,
              "duration": 3965,
              "state": "passed",
              "speed": "fast",
              "pass": true,
              "fail": false,
              "pending": false,
              "context": null,
              "code": "searchApt('Zumba Zumba', '07:00');\ncy.contains('Edit Booking').should('be.visible');\ncy.contains('Edit Booking').click({\n  force: true\n});\ncy.contains('Edit Appointment').should('exist');",
              "err": {},
              "uuid": "680e4737-7f38-421f-86cc-4587cf97ebca",
              "parentUUID": "d264f976-7006-48af-af8f-15cf34b0781f",
              "isHook": false,
              "skipped": false
            },
            {
              "title": "Verify it is possible to edit the Customer - Staff credentials",
              "fullTitle": "Production - Beta Vendor Admin | Calendar | Create appointments by Clicking on the calendar| logged with Staff credentials Verify it is possible to edit the Customer - Staff credentials",
              "timedOut": null,
              "duration": 5576,
              "state": "passed",
              "speed": "medium",
              "pass": true,
              "fail": false,
              "pending": false,
              "context": null,
              "code": "searchApt('Zumba Zumba', '07:00');\ncy.contains('Edit Booking').should('be.visible');\ncy.contains('Edit Booking').click({\n  force: true\n});\ncy.contains('Edit Appointment').should('exist');\ncy.xpath(\"//h2[text()=\\\"Edit Appointment\\\"]/parent::div/following-sibling::div/div/div/div/div/button[text()=\\\"Change customer\\\"]\").should('be.visible');\ncy.xpath(\"//h2[text()=\\\"Edit Appointment\\\"]/parent::div/following-sibling::div/div/div/div/div/button[text()=\\\"Change customer\\\"]\").click();\ncy.wait(1000);",
              "err": {},
              "uuid": "b11898b3-7a2f-4eef-b098-46ce717906c2",
              "parentUUID": "d264f976-7006-48af-af8f-15cf34b0781f",
              "isHook": false,
              "skipped": false
            }
          ],
          "suites": [],
          "passes": [
            "46b6f408-0a24-4d8f-aac3-32bde7b5392a",
            "cd254159-28c8-4788-ad26-cde99f7ed082",
            "9f9c95c2-e45e-442e-a1a8-42cff84c2134",
            "8d9972e7-133c-4f97-a32b-fe68b43c7530",
            "a672c266-3d3a-42e0-85a3-bead6804b683",
            "680e4737-7f38-421f-86cc-4587cf97ebca",
            "b11898b3-7a2f-4eef-b098-46ce717906c2"
          ],
          "failures": [],
          "pending": [],
          "skipped": [],
          "duration": 72190,
          "root": false,
          "rootEmpty": false,
          "_timeout": 2000
        },
        {
          "uuid": "2fc86341-4862-4e7e-babe-c28232418862",
          "title": "Production - Beta Vendor Admin | Calendar| Create appointments by Clicking on the calendar | logged with Read Only credentials",
          "fullFile": "",
          "file": "",
          "beforeHooks": [],
          "afterHooks": [],
          "tests": [
            {
              "title": "Verify it is not possible to create an appointment when loggeed with readonly creadentials  - Readonly credentials",
              "fullTitle": "Production - Beta Vendor Admin | Calendar| Create appointments by Clicking on the calendar | logged with Read Only credentials Verify it is not possible to create an appointment when loggeed with readonly creadentials  - Readonly credentials",
              "timedOut": null,
              "duration": 18071,
              "state": "passed",
              "speed": "slow",
              "pass": true,
              "fail": false,
              "pending": false,
              "context": null,
              "code": "searchTimeSlot('Naomi Naomi', '03:00');\ncy.contains('New Appointment').should('not.be.visible');\n// cy.xpath('//span[text()=\"Service\"]/parent::label/following-sibling::div/div/div/div/following-sibling::div/input').click().type('{downarrow}{enter}')\n// cy.intercept('POST', '/api/main/vendor/bookings/validate/slots').as('new-user')",
              "err": {},
              "uuid": "e3fc6f1e-7d16-44fe-8029-06d8792b3df1",
              "parentUUID": "2fc86341-4862-4e7e-babe-c28232418862",
              "isHook": false,
              "skipped": false
            },
            {
              "title": "Verify it is not possible to create a new appointment for 1 service and 1 offer - Read Only credentials",
              "fullTitle": "Production - Beta Vendor Admin | Calendar| Create appointments by Clicking on the calendar | logged with Read Only credentials Verify it is not possible to create a new appointment for 1 service and 1 offer - Read Only credentials",
              "timedOut": null,
              "duration": 17354,
              "state": "passed",
              "speed": "slow",
              "pass": true,
              "fail": false,
              "pending": false,
              "context": null,
              "code": "searchTimeSlot('Naomi Naomi', '03:00');\n// cy.xpath('//span[text()=\"Service\"]/parent::label/following-sibling::div/div/div/div/following-sibling::div/input').click().type('{downarrow}{enter}')\ncy.get('.css-1u3or2w>*').eq(1).find('input').first().click().type('{downarrow}{enter}');\ncy.contains('Add New Item').should('exist');\ncy.contains('Add New Item').click();\ncy.contains('Add Offer').should('exist');\ncy.contains('Add Offer').click();\ncy.contains('div', 'Offer').should('exist');\ncy.xpath('//span[text()=\"Offer\"]/parent::label/following-sibling::div/div/div/div/following-sibling::div/input').click().type('{enter}');\ncy.get('.css-1u3or2w').eq(1).children('div').next('div').find('input').eq(1).click().type('nao{enter}');\ncy.get('.css-1u3or2w').eq(1).children('div').next('div').find('input').eq(2).click().type('{downarrow}{downarrow}{downarrow}{downarrow}{enter}');\ncy.intercept('POST', '/api/main/vendor/bookings/validate/slots').as('new-user');\ncy.contains('New Appointment').should('not.be.visible');",
              "err": {},
              "uuid": "a33a052c-62cc-4524-b3c5-827add50f839",
              "parentUUID": "2fc86341-4862-4e7e-babe-c28232418862",
              "isHook": false,
              "skipped": false
            }
          ],
          "suites": [],
          "passes": [
            "e3fc6f1e-7d16-44fe-8029-06d8792b3df1",
            "a33a052c-62cc-4524-b3c5-827add50f839"
          ],
          "failures": [],
          "pending": [],
          "skipped": [],
          "duration": 35425,
          "root": false,
          "rootEmpty": false,
          "_timeout": 2000
        }
      ],
      "passes": [],
      "failures": [],
      "pending": [],
      "skipped": [],
      "duration": 0,
      "root": true,
      "rootEmpty": true,
      "_timeout": 2000
    },
    {
      "uuid": "9339fbf2-670b-4fe5-9994-6bbc81b42dbb",
      "title": "",
      "fullFile": "cypress\\e2e\\productionBetaVendor\\calendar\\bv-prod-newchck.cy.js",
      "file": "cypress\\e2e\\productionBetaVendor\\calendar\\bv-prod-newchck.cy.js",
      "beforeHooks": [],
      "afterHooks": [],
      "tests": [],
      "suites": [
        {
          "uuid": "148aecfc-fc14-4728-9639-ebf25121c06f",
          "title": "Production - Beta Vendor Admin | Calendar| New Checkout | logged with Admin Credentials",
          "fullFile": "",
          "file": "",
          "beforeHooks": [],
          "afterHooks": [],
          "tests": [
            {
              "title": "Verify it is not possible to complete New Checkout without adding item and payment - Admin credentials",
              "fullTitle": "Production - Beta Vendor Admin | Calendar| New Checkout | logged with Admin Credentials Verify it is not possible to complete New Checkout without adding item and payment - Admin credentials",
              "timedOut": null,
              "duration": 20119,
              "state": "passed",
              "speed": "slow",
              "pass": true,
              "fail": false,
              "pending": false,
              "context": null,
              "code": "cy.newCheckout(\"URL_BetaVendor_Production\");\n// cy.contains('div','Search customer..').should('be.visible')\n// cy.contains('button','Walk In').should('be.visible')\n// cy.contains('button','Walk In').click({force: true})\ncy.expectedMessageCompleteSale('Add at least one payment');",
              "err": {},
              "uuid": "214fa772-e39f-4aa7-8c0d-a0db18eabc12",
              "parentUUID": "148aecfc-fc14-4728-9639-ebf25121c06f",
              "isHook": false,
              "skipped": false
            },
            {
              "title": "Verify it is not possible to complete New Checkout without adding payment - Admin credentials",
              "fullTitle": "Production - Beta Vendor Admin | Calendar| New Checkout | logged with Admin Credentials Verify it is not possible to complete New Checkout without adding payment - Admin credentials",
              "timedOut": null,
              "duration": 16528,
              "state": "passed",
              "speed": "slow",
              "pass": true,
              "fail": false,
              "pending": false,
              "context": null,
              "code": "cy.newCheckout(\"URL_BetaVendor_Production\");\n// cy.contains('div','Search customer..').should('be.visible')\n// cy.contains('button','Walk In').should('be.visible')\n// cy.contains('button','Walk In').click({force: true})\ncy.contains('button', 'Add New').should('be.visible');\ncy.contains('button', 'Add New').click({\n  force: true\n});\ncy.get('div[role=\"tablist\"]').find('button').eq(0).click({\n  force: true\n});\ncy.contains('label>span', 'search').parents('label').next('div').find('input').type('Hair Cut');\ncy.contains('div', 'Hair Cut').parents('li').find('button').click({\n  force: true\n});\ncy.get('div[role=\"presentation\"]').click({\n  force: true\n}).type('{esc}');\ncy.expectedMessageCompleteSale('Add at least one payment');",
              "err": {},
              "uuid": "a5b20a98-9f75-42d4-a9fe-b73baf72e3db",
              "parentUUID": "148aecfc-fc14-4728-9639-ebf25121c06f",
              "isHook": false,
              "skipped": false
            },
            {
              "title": "Verify it is not possible to complete New Checkout with the cart empty  - Admin credentials",
              "fullTitle": "Production - Beta Vendor Admin | Calendar| New Checkout | logged with Admin Credentials Verify it is not possible to complete New Checkout with the cart empty  - Admin credentials",
              "timedOut": null,
              "duration": 14702,
              "state": "passed",
              "speed": "slow",
              "pass": true,
              "fail": false,
              "pending": false,
              "context": null,
              "code": "cy.newCheckout(\"URL_BetaVendor_Production\");\n// cy.contains('div','Search customer..').should('be.visible')\n// cy.contains('button','Walk In').should('be.visible')\n// cy.contains('button','Walk In').click({force: true})\ncy.contains('h5', 'Amount to pay').parent('div').next('div').find('input').eq(0).type('0');\ncy.wait(10);\ncy.expectedMessageCompleteSale('Add at least one payment');\ncy.wait(10);",
              "err": {},
              "uuid": "fad6e951-a263-4b84-89b8-8874664e3648",
              "parentUUID": "148aecfc-fc14-4728-9639-ebf25121c06f",
              "isHook": false,
              "skipped": false
            },
            {
              "title": "Verify it is not possible to complete New Checkout for a service linking it to an employee  - Admin credentials",
              "fullTitle": "Production - Beta Vendor Admin | Calendar| New Checkout | logged with Admin Credentials Verify it is not possible to complete New Checkout for a service linking it to an employee  - Admin credentials",
              "timedOut": null,
              "duration": 16940,
              "state": "passed",
              "speed": "slow",
              "pass": true,
              "fail": false,
              "pending": false,
              "context": null,
              "code": "cy.newCheckout(\"URL_BetaVendor_Production\");\n// cy.contains('div','Search customer..').should('be.visible')\n// cy.contains('button','Walk In').should('be.visible')\n// cy.contains('button','Walk In').click({force: true})\ncy.contains('button', 'Add New').should('be.visible');\ncy.contains('button', 'Add New').click({\n  force: true\n});\ncy.get('div[role=\"tablist\"]').find('button').eq(0).click({\n  force: true\n});\ncy.contains('label>span', 'search').parents('label').next('div').find('input').type('Hair Cut');\ncy.contains('div', 'Hair Cut').parents('li').find('button').click({\n  force: true\n});\ncy.get('div[role=\"presentation\"]').click({\n  force: true\n}).type('{esc}');\ncy.contains('h5', 'Amount to pay').parent('div').next('div').find('input').eq(0).type('0');\ncy.wait(10);\ncy.expectedMessageCompleteSale('Add at least one payment');\ncy.wait(10);",
              "err": {},
              "uuid": "c85002b6-3c31-470c-ae32-2c84fc0ece58",
              "parentUUID": "148aecfc-fc14-4728-9639-ebf25121c06f",
              "isHook": false,
              "skipped": false
            },
            {
              "title": "Verify it is not possible to complete New Checkout for a service linking it to an employee  - Admin credentials",
              "fullTitle": "Production - Beta Vendor Admin | Calendar| New Checkout | logged with Admin Credentials Verify it is not possible to complete New Checkout for a service linking it to an employee  - Admin credentials",
              "timedOut": null,
              "duration": 17197,
              "state": "passed",
              "speed": "slow",
              "pass": true,
              "fail": false,
              "pending": false,
              "context": null,
              "code": "cy.newCheckout(\"URL_BetaVendor_Production\");\n// cy.contains('div','Search customer..').should('be.visible')\n// cy.contains('button','Walk In').should('be.visible')\n// cy.contains('button','Walk In').click({force: true})\ncy.contains('button', 'Add New').should('be.visible');\ncy.contains('button', 'Add New').click({\n  force: true\n});\ncy.get('div[role=\"tablist\"]').find('button').eq(0).click({\n  force: true\n});\ncy.contains('label>span', 'search').parents('label').next('div').find('input').type('Hair Cut');\ncy.contains('div', 'Hair Cut').parents('li').find('button').click({\n  force: true\n});\ncy.get('div[role=\"presentation\"]').click({\n  force: true\n}).type('{esc}');\ncy.fillButton('Cash');\ncy.wait(10);\ncy.expectedMessageCompleteSale('Employee must be present');\ncy.wait(10);",
              "err": {},
              "uuid": "33606d6c-cf5b-4a81-9783-0dcfde669a05",
              "parentUUID": "148aecfc-fc14-4728-9639-ebf25121c06f",
              "isHook": false,
              "skipped": false
            },
            {
              "title": "Verify that After clicking the Fill button for Debit, the Debit text field is populated with the correct balance - Admin credentials",
              "fullTitle": "Production - Beta Vendor Admin | Calendar| New Checkout | logged with Admin Credentials Verify that After clicking the Fill button for Debit, the Debit text field is populated with the correct balance - Admin credentials",
              "timedOut": null,
              "duration": 17107,
              "state": "passed",
              "speed": "slow",
              "pass": true,
              "fail": false,
              "pending": false,
              "context": null,
              "code": "cy.newCheckout(\"URL_BetaVendor_Production\");\ncy.addItemService('Hair Cut');\ncy.fillButton('Debit');",
              "err": {},
              "uuid": "b06f949c-71dc-49ad-913c-c5ad427c9e40",
              "parentUUID": "148aecfc-fc14-4728-9639-ebf25121c06f",
              "isHook": false,
              "skipped": false
            },
            {
              "title": "Verify that After clicking the Fill button for Credit, the Credit text field is populated with the correct balance - Admin credentials",
              "fullTitle": "Production - Beta Vendor Admin | Calendar| New Checkout | logged with Admin Credentials Verify that After clicking the Fill button for Credit, the Credit text field is populated with the correct balance - Admin credentials",
              "timedOut": null,
              "duration": 17187,
              "state": "passed",
              "speed": "slow",
              "pass": true,
              "fail": false,
              "pending": false,
              "context": null,
              "code": "cy.newCheckout(\"URL_BetaVendor_Production\");\ncy.addItemService('Hair Cut');\ncy.fillButton('Credit');",
              "err": {},
              "uuid": "74e032ce-001a-4f3a-a002-ce4623881bd3",
              "parentUUID": "148aecfc-fc14-4728-9639-ebf25121c06f",
              "isHook": false,
              "skipped": false
            },
            {
              "title": "Verify that After clicking the Fill button for Cash, the Cash text field is populated with the correct balance - Admin credentials",
              "fullTitle": "Production - Beta Vendor Admin | Calendar| New Checkout | logged with Admin Credentials Verify that After clicking the Fill button for Cash, the Cash text field is populated with the correct balance - Admin credentials",
              "timedOut": null,
              "duration": 15715,
              "state": "passed",
              "speed": "slow",
              "pass": true,
              "fail": false,
              "pending": false,
              "context": null,
              "code": "cy.newCheckout(\"URL_BetaVendor_Production\");\ncy.addItemService('Hair Cut');\ncy.fillButton('Cash');",
              "err": {},
              "uuid": "9728ce27-ed72-48c0-9aac-5ea0e51fbc60",
              "parentUUID": "148aecfc-fc14-4728-9639-ebf25121c06f",
              "isHook": false,
              "skipped": false
            },
            {
              "title": "Verify that After clicking the Fill button for Other, the Other text field is populated with the correct balance - Admin credentials",
              "fullTitle": "Production - Beta Vendor Admin | Calendar| New Checkout | logged with Admin Credentials Verify that After clicking the Fill button for Other, the Other text field is populated with the correct balance - Admin credentials",
              "timedOut": null,
              "duration": 16903,
              "state": "passed",
              "speed": "slow",
              "pass": true,
              "fail": false,
              "pending": false,
              "context": null,
              "code": "cy.newCheckout(\"URL_BetaVendor_Production\");\ncy.addItemService('Hair Cut');\ncy.fillButton('Other');",
              "err": {},
              "uuid": "38b3bdf9-4531-4a9f-b854-7f930df674df",
              "parentUUID": "148aecfc-fc14-4728-9639-ebf25121c06f",
              "isHook": false,
              "skipped": false
            },
            {
              "title": "Verify the breakdown is correct after adding a service  - Admin credentials",
              "fullTitle": "Production - Beta Vendor Admin | Calendar| New Checkout | logged with Admin Credentials Verify the breakdown is correct after adding a service  - Admin credentials",
              "timedOut": null,
              "duration": 16756,
              "state": "passed",
              "speed": "slow",
              "pass": true,
              "fail": false,
              "pending": false,
              "context": null,
              "code": "cy.newCheckout(\"URL_BetaVendor_Production\");\ncy.addItemService('Hair Cut');\ncy.checkBreakdownNoDiscount('Hair Cut');",
              "err": {},
              "uuid": "8739d1b6-9f9f-4922-b7d2-e4010fdb45e3",
              "parentUUID": "148aecfc-fc14-4728-9639-ebf25121c06f",
              "isHook": false,
              "skipped": false
            },
            {
              "title": "Verify the breakdown is correct after applying a coupon to a service  - Admin credentials",
              "fullTitle": "Production - Beta Vendor Admin | Calendar| New Checkout | logged with Admin Credentials Verify the breakdown is correct after applying a coupon to a service  - Admin credentials",
              "timedOut": null,
              "duration": 0,
              "state": "pending",
              "speed": null,
              "pass": false,
              "fail": false,
              "pending": false,
              "context": null,
              "code": "cy.newCheckout(\"URL_BetaVendor_Production\");\ncy.addItemService('Hair Cut');\ncy.addCouponDiscount('Long Hair', '10');",
              "err": {},
              "uuid": "38176c67-a6e7-4933-b55f-4bcc950aa712",
              "parentUUID": "148aecfc-fc14-4728-9639-ebf25121c06f",
              "isHook": false,
              "skipped": true
            },
            {
              "title": "Verify the breakdown is correct after applying a fixed discount to a service  - Admin credentials",
              "fullTitle": "Production - Beta Vendor Admin | Calendar| New Checkout | logged with Admin Credentials Verify the breakdown is correct after applying a fixed discount to a service  - Admin credentials",
              "timedOut": null,
              "duration": 17420,
              "state": "passed",
              "speed": "slow",
              "pass": true,
              "fail": false,
              "pending": false,
              "context": null,
              "code": "cy.newCheckout(\"URL_BetaVendor_Production\");\ncy.addItemService('Long Hair');\ncy.addFixedDiscount('Long Hair', '1');",
              "err": {},
              "uuid": "8fefbc7f-3d9f-4d19-93b1-15e82e080776",
              "parentUUID": "148aecfc-fc14-4728-9639-ebf25121c06f",
              "isHook": false,
              "skipped": false
            },
            {
              "title": "Verify the breakdown is correct after applying a percentage discount to a service  - Admin credentials",
              "fullTitle": "Production - Beta Vendor Admin | Calendar| New Checkout | logged with Admin Credentials Verify the breakdown is correct after applying a percentage discount to a service  - Admin credentials",
              "timedOut": null,
              "duration": 18574,
              "state": "passed",
              "speed": "slow",
              "pass": true,
              "fail": false,
              "pending": false,
              "context": null,
              "code": "cy.newCheckout(\"URL_BetaVendor_Production\");\ncy.addItemService('Hair Cut');\ncy.addPercentageDiscount('Hair Cut', '20');",
              "err": {},
              "uuid": "e7f67703-c3b6-484f-95d4-3c206052feec",
              "parentUUID": "148aecfc-fc14-4728-9639-ebf25121c06f",
              "isHook": false,
              "skipped": false
            },
            {
              "title": "Verify it is not possible to apply a fixed discount greather than the service price - Admin credentials",
              "fullTitle": "Production - Beta Vendor Admin | Calendar| New Checkout | logged with Admin Credentials Verify it is not possible to apply a fixed discount greather than the service price - Admin credentials",
              "timedOut": null,
              "duration": 18034,
              "state": "passed",
              "speed": "slow",
              "pass": true,
              "fail": false,
              "pending": false,
              "context": null,
              "code": "cy.newCheckout(\"URL_BetaVendor_Production\");\ncy.addItemService('Long Hair');\ncy.addFixedDiscount('Long Hair', '20');",
              "err": {},
              "uuid": "d61280c4-1db4-4349-ba5f-989b9371bd43",
              "parentUUID": "148aecfc-fc14-4728-9639-ebf25121c06f",
              "isHook": false,
              "skipped": false
            },
            {
              "title": "Verify it is not possible to apply a fixed discount when leaving the discount empty - Admin credentials",
              "fullTitle": "Production - Beta Vendor Admin | Calendar| New Checkout | logged with Admin Credentials Verify it is not possible to apply a fixed discount when leaving the discount empty - Admin credentials",
              "timedOut": null,
              "duration": 17164,
              "state": "passed",
              "speed": "slow",
              "pass": true,
              "fail": false,
              "pending": false,
              "context": null,
              "code": "cy.newCheckout(\"URL_BetaVendor_Production\");\ncy.addItemService('Long Hair');\ncy.addEmptyDiscount('Fixed');",
              "err": {},
              "uuid": "c99626e2-089b-463c-baf0-45a4bf77948e",
              "parentUUID": "148aecfc-fc14-4728-9639-ebf25121c06f",
              "isHook": false,
              "skipped": false
            },
            {
              "title": "Verify it is not possible to apply a Percentage discount when leaving the discount empty - Admin credentials",
              "fullTitle": "Production - Beta Vendor Admin | Calendar| New Checkout | logged with Admin Credentials Verify it is not possible to apply a Percentage discount when leaving the discount empty - Admin credentials",
              "timedOut": null,
              "duration": 18278,
              "state": "passed",
              "speed": "slow",
              "pass": true,
              "fail": false,
              "pending": false,
              "context": null,
              "code": "cy.newCheckout(\"URL_BetaVendor_Production\");\ncy.addItemService('Long Hair');\ncy.addEmptyDiscount('Percentage');",
              "err": {},
              "uuid": "e203f9d8-0add-4a73-9c29-12ad8b22534a",
              "parentUUID": "148aecfc-fc14-4728-9639-ebf25121c06f",
              "isHook": false,
              "skipped": false
            },
            {
              "title": "Verify it is not possible to apply a Coupon discount when leaving the discount empty - Admin credentials",
              "fullTitle": "Production - Beta Vendor Admin | Calendar| New Checkout | logged with Admin Credentials Verify it is not possible to apply a Coupon discount when leaving the discount empty - Admin credentials",
              "timedOut": null,
              "duration": 17223,
              "state": "passed",
              "speed": "slow",
              "pass": true,
              "fail": false,
              "pending": false,
              "context": null,
              "code": "cy.newCheckout(\"URL_BetaVendor_Production\");\ncy.addItemService('Long Hair');\ncy.addEmptyDiscount('Coupon');",
              "err": {},
              "uuid": "3bd3d756-bbfd-40b3-a308-9c6f323a9049",
              "parentUUID": "148aecfc-fc14-4728-9639-ebf25121c06f",
              "isHook": false,
              "skipped": false
            },
            {
              "title": "Verify that it is possible to remove a service from the cart after confirming do you want to delete it - Admin credentials",
              "fullTitle": "Production - Beta Vendor Admin | Calendar| New Checkout | logged with Admin Credentials Verify that it is possible to remove a service from the cart after confirming do you want to delete it - Admin credentials",
              "timedOut": null,
              "duration": 18592,
              "state": "passed",
              "speed": "slow",
              "pass": true,
              "fail": false,
              "pending": false,
              "context": null,
              "code": "cy.newCheckout(\"URL_BetaVendor_Production\");\ncy.addItemService('Long Hair');\ncy.removeService('Long Hair', 'Yes');",
              "err": {},
              "uuid": "660d55d5-47ff-4f47-b3c5-04b0b5c5ccec",
              "parentUUID": "148aecfc-fc14-4728-9639-ebf25121c06f",
              "isHook": false,
              "skipped": false
            },
            {
              "title": "Verify that it is not possible to remove a service from the cart after canceling do you want to delete it - Admin credentials",
              "fullTitle": "Production - Beta Vendor Admin | Calendar| New Checkout | logged with Admin Credentials Verify that it is not possible to remove a service from the cart after canceling do you want to delete it - Admin credentials",
              "timedOut": null,
              "duration": 18196,
              "state": "passed",
              "speed": "slow",
              "pass": true,
              "fail": false,
              "pending": false,
              "context": null,
              "code": "cy.newCheckout(\"URL_BetaVendor_Production\");\ncy.addItemService('Long Hair');\ncy.removeService('Long Hair', 'Cancel');",
              "err": {},
              "uuid": "ede3d9a2-508f-4290-a37f-de4c92ad2717",
              "parentUUID": "148aecfc-fc14-4728-9639-ebf25121c06f",
              "isHook": false,
              "skipped": false
            },
            {
              "title": "Verify it is possible to add new service after removing one leaving the cart empty - Admin credentials",
              "fullTitle": "Production - Beta Vendor Admin | Calendar| New Checkout | logged with Admin Credentials Verify it is possible to add new service after removing one leaving the cart empty - Admin credentials",
              "timedOut": null,
              "duration": 20208,
              "state": "passed",
              "speed": "slow",
              "pass": true,
              "fail": false,
              "pending": false,
              "context": null,
              "code": "cy.newCheckout(\"URL_BetaVendor_Production\");\ncy.addItemService('Long Hair');\ncy.removeService('Long Hair', 'Yes');\ncy.addItemService('Hair Cut');",
              "err": {},
              "uuid": "5a47fd96-133a-418c-88df-c47e58aa239c",
              "parentUUID": "148aecfc-fc14-4728-9639-ebf25121c06f",
              "isHook": false,
              "skipped": false
            },
            {
              "title": "Verify the Gift card must be the only item in the cart - Admin credentials",
              "fullTitle": "Production - Beta Vendor Admin | Calendar| New Checkout | logged with Admin Credentials Verify the Gift card must be the only item in the cart - Admin credentials",
              "timedOut": null,
              "duration": 0,
              "state": "pending",
              "speed": null,
              "pass": false,
              "fail": false,
              "pending": false,
              "context": null,
              "code": "cy.newCheckout(\"URL_BetaVendor_Production\");\ncy.addItemService('Long Hair');\ncy.addEmptyDiscount('Coupon');",
              "err": {},
              "uuid": "581359bb-f248-46af-8d3a-0d1d1b969b6d",
              "parentUUID": "148aecfc-fc14-4728-9639-ebf25121c06f",
              "isHook": false,
              "skipped": true
            }
          ],
          "suites": [],
          "passes": [
            "214fa772-e39f-4aa7-8c0d-a0db18eabc12",
            "a5b20a98-9f75-42d4-a9fe-b73baf72e3db",
            "fad6e951-a263-4b84-89b8-8874664e3648",
            "c85002b6-3c31-470c-ae32-2c84fc0ece58",
            "33606d6c-cf5b-4a81-9783-0dcfde669a05",
            "b06f949c-71dc-49ad-913c-c5ad427c9e40",
            "74e032ce-001a-4f3a-a002-ce4623881bd3",
            "9728ce27-ed72-48c0-9aac-5ea0e51fbc60",
            "38b3bdf9-4531-4a9f-b854-7f930df674df",
            "8739d1b6-9f9f-4922-b7d2-e4010fdb45e3",
            "8fefbc7f-3d9f-4d19-93b1-15e82e080776",
            "e7f67703-c3b6-484f-95d4-3c206052feec",
            "d61280c4-1db4-4349-ba5f-989b9371bd43",
            "c99626e2-089b-463c-baf0-45a4bf77948e",
            "e203f9d8-0add-4a73-9c29-12ad8b22534a",
            "3bd3d756-bbfd-40b3-a308-9c6f323a9049",
            "660d55d5-47ff-4f47-b3c5-04b0b5c5ccec",
            "ede3d9a2-508f-4290-a37f-de4c92ad2717",
            "5a47fd96-133a-418c-88df-c47e58aa239c"
          ],
          "failures": [],
          "pending": [],
          "skipped": [
            "38176c67-a6e7-4933-b55f-4bcc950aa712",
            "581359bb-f248-46af-8d3a-0d1d1b969b6d"
          ],
          "duration": 332843,
          "root": false,
          "rootEmpty": false,
          "_timeout": 2000
        }
      ],
      "passes": [],
      "failures": [],
      "pending": [],
      "skipped": [],
      "duration": 0,
      "root": true,
      "rootEmpty": true,
      "_timeout": 2000
    },
    {
      "uuid": "05612d0b-1350-422d-823d-6ce19fc6cdb9",
      "title": "",
      "fullFile": "cypress\\e2e\\productionBetaVendor\\calendar\\bv-prod-blcktime.cy.js",
      "file": "cypress\\e2e\\productionBetaVendor\\calendar\\bv-prod-blcktime.cy.js",
      "beforeHooks": [],
      "afterHooks": [],
      "tests": [],
      "suites": [
        {
          "uuid": "a37c505b-86d7-4237-b7a0-3d827b8f109b",
          "title": "Production - Beta Vendor Admin | Calendar| Create Blocktime on the Calendar | logged with Admin Credentials",
          "fullFile": "",
          "file": "",
          "beforeHooks": [],
          "afterHooks": [],
          "tests": [
            {
              "title": "Verify Start time is required to create a blocktime on the Calendar  - Admin credentials",
              "fullTitle": "Production - Beta Vendor Admin | Calendar| Create Blocktime on the Calendar | logged with Admin Credentials Verify Start time is required to create a blocktime on the Calendar  - Admin credentials",
              "timedOut": null,
              "duration": 20479,
              "state": "passed",
              "speed": "slow",
              "pass": true,
              "fail": false,
              "pending": false,
              "context": null,
              "code": "newBlockTime();\ncy.contains('div', 'Choose a staff').next('div').find('input').should('be.visible');\ncy.contains('div', 'Choose a staff').next('div').find('input').click().type('Helen {enter}');\ncy.contains('button', 'Submit').click({\n  force: true\n});\ncy.contains('div>span', 'Start time cannot be empty').should('be.visible');",
              "err": {},
              "uuid": "8569f06b-8e62-4156-a241-b25d0ea0e4e0",
              "parentUUID": "a37c505b-86d7-4237-b7a0-3d827b8f109b",
              "isHook": false,
              "skipped": false
            },
            {
              "title": "Verify End time is required to create a blocktime on the Calendar  - Admin credentials",
              "fullTitle": "Production - Beta Vendor Admin | Calendar| Create Blocktime on the Calendar | logged with Admin Credentials Verify End time is required to create a blocktime on the Calendar  - Admin credentials",
              "timedOut": null,
              "duration": 16491,
              "state": "passed",
              "speed": "slow",
              "pass": true,
              "fail": false,
              "pending": false,
              "context": null,
              "code": "newBlockTime();\ncy.contains('div', 'Choose a staff').next('div').find('input').should('be.visible');\ncy.contains('div', 'Choose a staff').next('div').find('input').click().type('Helen {enter}');\ncy.contains('span', 'Start Time').parent().next('div').find('input').should('be.visible');\ncy.contains('span', 'Start Time').parent().next('div').find('input').type('{enter}{enter}');\ncy.contains('button', 'Submit').click({\n  force: true\n});\ncy.contains('div>span', 'End time cannot be empty').should('be.visible');",
              "err": {},
              "uuid": "382806e4-2863-4c9a-8673-3c5486c3ff4a",
              "parentUUID": "a37c505b-86d7-4237-b7a0-3d827b8f109b",
              "isHook": false,
              "skipped": false
            },
            {
              "title": "Verify Start time and End time cannot be the same time when creating a blocktime on the Calendar  - Admin credentials",
              "fullTitle": "Production - Beta Vendor Admin | Calendar| Create Blocktime on the Calendar | logged with Admin Credentials Verify Start time and End time cannot be the same time when creating a blocktime on the Calendar  - Admin credentials",
              "timedOut": null,
              "duration": 17709,
              "state": "passed",
              "speed": "slow",
              "pass": true,
              "fail": false,
              "pending": false,
              "context": null,
              "code": "newBlockTime();\ncy.contains('div', 'Choose a staff').next('div').find('input').should('be.visible');\ncy.contains('div', 'Choose a staff').next('div').find('input').click().type('Helen {enter}');\ncy.contains('span', 'Start Time').parent().next('div').find('input').should('be.visible');\ncy.contains('span', 'Start Time').parent().next('div').find('input').type('03:00{enter}');\ncy.contains('span', 'End Time').parent().next('div').find('input').should('be.visible');\ncy.contains('span', 'End Time').parent().next('div').find('input').type('03:00{enter}');\ncy.contains('button', 'Submit').click({\n  force: true\n});\ncy.contains('div>span', 'Blocked times start and end time are invalid').should('be.visible');",
              "err": {},
              "uuid": "d2255bd4-470d-4c88-b7b4-2c7a883a69d1",
              "parentUUID": "a37c505b-86d7-4237-b7a0-3d827b8f109b",
              "isHook": false,
              "skipped": false
            },
            {
              "title": "Verify it is possible to create a blocktime on the Calendar by filling up the required fields - Admin credentials",
              "fullTitle": "Production - Beta Vendor Admin | Calendar| Create Blocktime on the Calendar | logged with Admin Credentials Verify it is possible to create a blocktime on the Calendar by filling up the required fields - Admin credentials",
              "timedOut": null,
              "duration": 17889,
              "state": "passed",
              "speed": "slow",
              "pass": true,
              "fail": false,
              "pending": false,
              "context": null,
              "code": "newBlockTime();\ncy.contains('div', 'Choose a staff').next('div').find('input').should('be.visible');\ncy.contains('div', 'Choose a staff').next('div').find('input').click().type('Helen {enter}');\ncy.contains('span', 'Start Time').parent().next('div').find('input').should('be.visible');\ncy.contains('span', 'Start Time').parent().next('div').find('input').type('01:00{enter}');\ncy.contains('span', 'End Time').parent().next('div').find('input').should('be.visible');\ncy.contains('span', 'End Time').parent().next('div').find('input').type('03:00{enter}');\ncy.contains('button', 'Submit').click({\n  force: true\n});\ncy.contains('div>span', 'Blocked Time Created').should('be.visible');",
              "err": {},
              "uuid": "2f77c435-cce1-401a-a62a-4625c3d809e1",
              "parentUUID": "a37c505b-86d7-4237-b7a0-3d827b8f109b",
              "isHook": false,
              "skipped": false
            },
            {
              "title": "Verify it is possible to edit staff on a blocktime from the Calendar - Admin credentials",
              "fullTitle": "Production - Beta Vendor Admin | Calendar| Create Blocktime on the Calendar | logged with Admin Credentials Verify it is possible to edit staff on a blocktime from the Calendar - Admin credentials",
              "timedOut": null,
              "duration": 15537,
              "state": "passed",
              "speed": "slow",
              "pass": true,
              "fail": false,
              "pending": false,
              "context": null,
              "code": "cy.visit(Cypress.env(\"URL_BetaVendor_Production\") + 'admin/calendar');\ncy.contains('span', 'Blocked Time for').next('span', 'Helen').click({\n  force: true\n});\ncy.contains('div', 'Choose a staff').next('div').find('input').should('be.visible');\ncy.contains('div', 'Choose a staff').next('div').find('input').click().type('Set {enter}');\ncy.contains('button', 'Update').click({\n  force: true\n});\ncy.contains('div>span', 'Employee Blocktime updated successfully').should('be.visible');",
              "err": {},
              "uuid": "65d39725-f4d0-479b-8f7f-fdc150eb3cea",
              "parentUUID": "a37c505b-86d7-4237-b7a0-3d827b8f109b",
              "isHook": false,
              "skipped": false
            },
            {
              "title": "Verify it is possible to edit Start time on a blocktime from the Calendar - Admin credentials",
              "fullTitle": "Production - Beta Vendor Admin | Calendar| Create Blocktime on the Calendar | logged with Admin Credentials Verify it is possible to edit Start time on a blocktime from the Calendar - Admin credentials",
              "timedOut": null,
              "duration": 16382,
              "state": "passed",
              "speed": "slow",
              "pass": true,
              "fail": false,
              "pending": false,
              "context": null,
              "code": "cy.visit(Cypress.env(\"URL_BetaVendor_Production\") + 'admin/calendar');\ncy.contains('span', 'Blocked Time for').next('span', 'Helen').click({\n  force: true\n});\ncy.contains('span', 'Start Time').parent().next('div').find('input').should('be.visible');\ncy.contains('span', 'Start Time').parent().next('div').find('input').type('{downarrow}{downarrow}{downarrow}{downarrow}{enter}');\ncy.contains('span', 'End Time').parent().next('div').find('input').should('be.visible');\ncy.contains('span', 'End Time').parent().next('div').find('input').type('{downarrow}{downarrow}{downarrow}{downarrow}{downarrow}{downarrow}{downarrow}{downarrow}{enter}');\ncy.wait(1000);\ncy.contains('button', 'Update').click({\n  force: true\n});\ncy.contains('div>span', 'Employee Blocktime updated successfully').should('be.visible');",
              "err": {},
              "uuid": "ed092f6b-93de-49df-b10b-3b999c1368ce",
              "parentUUID": "a37c505b-86d7-4237-b7a0-3d827b8f109b",
              "isHook": false,
              "skipped": false
            },
            {
              "title": "Verify it is possible to edit End time on a blocktime from the Calendar - Admin credentials",
[...]
              "fullTitle": "Production - Beta Vendor Admin | Calendar| Create Blocktime on the Calendar | logged with Staff Credentials Verify it is possible to edit Start time on a blocktime from the Calendar - Staff credentials",
              "timedOut": null,
              "duration": 16609,
              "state": "passed",
              "speed": "slow",
              "pass": true,
              "fail": false,
              "pending": false,
              "context": null,
              "code": "cy.visit(Cypress.env(\"URL_BetaVendor_Production\") + 'admin/calendar');\ncy.contains('span', 'Blocked Time for').next('span', 'Zumba Zumba').click({\n  force: true\n});\ncy.contains('span', 'Start Time').parent().next('div').find('input').should('be.visible');\ncy.contains('span', 'Start Time').parent().next('div').find('input').type('{downarrow}{downarrow}{downarrow}{downarrow}{enter}');\ncy.contains('span', 'End Time').parent().next('div').find('input').should('be.visible');\ncy.contains('span', 'End Time').parent().next('div').find('input').type('{downarrow}{downarrow}{downarrow}{downarrow}{downarrow}{downarrow}{downarrow}{downarrow}{enter}');\ncy.wait(1000);\ncy.contains('button', 'Update').click({\n  force: true\n});\ncy.contains('div>span', 'Employee Blocktime updated successfully').should('be.visible');",
              "err": {},
              "uuid": "14572de8-2972-428d-a78c-ad9baa3de0f9",
              "parentUUID": "8a44413b-f882-40ec-bb15-7436b8196c2d",
              "isHook": false,
              "skipped": false
            },
            {
              "title": "Verify it is possible to edit End time on a blocktime from the Calendar - Staff credentials",
              "fullTitle": "Production - Beta Vendor Admin | Calendar| Create Blocktime on the Calendar | logged with Staff Credentials Verify it is possible to edit End time on a blocktime from the Calendar - Staff credentials",
              "timedOut": null,
              "duration": 15979,
              "state": "passed",
              "speed": "slow",
              "pass": true,
              "fail": false,
              "pending": false,
              "context": null,
              "code": "cy.visit(Cypress.env(\"URL_BetaVendor_Production\") + 'admin/calendar');\ncy.contains('span', 'Blocked Time for').next('span', 'Zumba Zumba').click({\n  force: true\n});\ncy.contains('span', 'End Time').parent().next('div').find('input').should('be.visible');\ncy.contains('span', 'End Time').parent().next('div').find('input').type('{downarrow}{downarrow}{downarrow}{downarrow}{enter}');\ncy.wait(1000);\ncy.contains('button', 'Update').click({\n  force: true\n});\ncy.contains('div>span', 'Employee Blocktime updated successfully').should('be.visible');",
              "err": {},
              "uuid": "45ac156c-6441-4778-98f2-9d682b82ba81",
              "parentUUID": "8a44413b-f882-40ec-bb15-7436b8196c2d",
              "isHook": false,
              "skipped": false
            },
            {
              "title": "Verify it is possible to delete a blocktime from the Calendar - Staff credentials",
              "fullTitle": "Production - Beta Vendor Admin | Calendar| Create Blocktime on the Calendar | logged with Staff Credentials Verify it is possible to delete a blocktime from the Calendar - Staff credentials",
              "timedOut": null,
              "duration": 14540,
              "state": "passed",
              "speed": "slow",
              "pass": true,
              "fail": false,
              "pending": false,
              "context": null,
              "code": "cy.visit(Cypress.env(\"URL_BetaVendor_Production\") + 'admin/calendar');\ncy.contains('span', 'Blocked Time for').next('span', 'Zumba Zumba').click({\n  force: true\n});\ncy.contains('button', 'Delete').click({\n  force: true\n});\ncy.contains('div>span', 'Employee Blocktime deleted successfully').should('be.visible');",
              "err": {},
              "uuid": "ecbd200d-92ef-4ffb-985b-7de068f79e4c",
              "parentUUID": "8a44413b-f882-40ec-bb15-7436b8196c2d",
              "isHook": false,
              "skipped": false
            }
          ],
          "suites": [],
          "passes": [
            "65d4c20a-ff4e-48ac-9de8-2fc48feeff33",
            "f09ab902-cf1a-4708-b331-4ccd56aac1c4",
            "de56751b-5992-4408-bed8-4808141fb313",
            "0fe31d94-6699-4de3-8b2b-fd310c49baec",
            "ef4fa2e9-e2d3-47d2-8fe9-8ff10f408efd",
            "14572de8-2972-428d-a78c-ad9baa3de0f9",
            "45ac156c-6441-4778-98f2-9d682b82ba81",
            "ecbd200d-92ef-4ffb-985b-7de068f79e4c"
          ],
          "failures": [],
          "pending": [],
          "skipped": [],
          "duration": 125569,
          "root": false,
          "rootEmpty": false,
          "_timeout": 2000
        },
        {
          "uuid": "36260c3f-126c-4a6a-9f81-f0cc1e41eef8",
          "title": "Production - Beta Vendor Admin | Calendar| Create Blocktime on the Calendar | logged with Receptionist Credentials",
          "fullFile": "",
          "file": "",
          "beforeHooks": [],
          "afterHooks": [],
          "tests": [
            {
              "title": "Verify Start time is required to create a blocktime on the Calendar  - Receptionist credentials",
              "fullTitle": "Production - Beta Vendor Admin | Calendar| Create Blocktime on the Calendar | logged with Receptionist Credentials Verify Start time is required to create a blocktime on the Calendar  - Receptionist credentials",
              "timedOut": null,
              "duration": 22078,
              "state": "passed",
              "speed": "slow",
              "pass": true,
              "fail": false,
              "pending": false,
              "context": null,
              "code": "newBlockTime();\ncy.contains('div', 'Choose a staff').next('div').find('input').should('be.visible');\ncy.contains('div', 'Choose a staff').next('div').find('input').click().type('Helen {enter}');\ncy.contains('button', 'Submit').click({\n  force: true\n});\ncy.contains('div>span', 'Start time cannot be empty').should('be.visible');",
              "err": {},
              "uuid": "4d0faa42-8002-431d-bf1b-7e0b5942497f",
              "parentUUID": "36260c3f-126c-4a6a-9f81-f0cc1e41eef8",
              "isHook": false,
              "skipped": false
            },
            {
              "title": "Verify End time is required to create a blocktime on the Calendar  - Receptionist credentials",
              "fullTitle": "Production - Beta Vendor Admin | Calendar| Create Blocktime on the Calendar | logged with Receptionist Credentials Verify End time is required to create a blocktime on the Calendar  - Receptionist credentials",
              "timedOut": null,
              "duration": 15872,
              "state": "passed",
              "speed": "slow",
              "pass": true,
              "fail": false,
              "pending": false,
              "context": null,
              "code": "newBlockTime();\ncy.contains('div', 'Choose a staff').next('div').find('input').should('be.visible');\ncy.contains('div', 'Choose a staff').next('div').find('input').click().type('Helen {enter}');\ncy.contains('span', 'Start Time').parent().next('div').find('input').should('be.visible');\ncy.contains('span', 'Start Time').parent().next('div').find('input').type('{enter}{enter}');\ncy.contains('button', 'Submit').click({\n  force: true\n});\ncy.contains('div>span', 'End time cannot be empty').should('be.visible');",
              "err": {},
              "uuid": "ec3c8c7a-6755-47f7-a241-011b65d1007a",
              "parentUUID": "36260c3f-126c-4a6a-9f81-f0cc1e41eef8",
              "isHook": false,
              "skipped": false
            },
            {
              "title": "Verify Start time and End time cannot be the same time when creating a blocktime on the Calendar  - Receptionist credentials",
              "fullTitle": "Production - Beta Vendor Admin | Calendar| Create Blocktime on the Calendar | logged with Receptionist Credentials Verify Start time and End time cannot be the same time when creating a blocktime on the Calendar  - Receptionist credentials",
              "timedOut": null,
              "duration": 18596,
              "state": "passed",
              "speed": "slow",
              "pass": true,
              "fail": false,
              "pending": false,
              "context": null,
              "code": "newBlockTime();\ncy.contains('div', 'Choose a staff').next('div').find('input').should('be.visible');\ncy.contains('div', 'Choose a staff').next('div').find('input').click().type('Helen {enter}');\ncy.contains('span', 'Start Time').parent().next('div').find('input').should('be.visible');\ncy.contains('span', 'Start Time').parent().next('div').find('input').type('03:00{enter}');\ncy.contains('span', 'End Time').parent().next('div').find('input').should('be.visible');\ncy.contains('span', 'End Time').parent().next('div').find('input').type('03:00{enter}');\ncy.contains('button', 'Submit').click({\n  force: true\n});\ncy.contains('div>span', 'Blocked times start and end time are invalid').should('be.visible');",
              "err": {},
              "uuid": "ee8c535a-c0a5-451a-9702-c94efef01c13",
              "parentUUID": "36260c3f-126c-4a6a-9f81-f0cc1e41eef8",
              "isHook": false,
              "skipped": false
            },
            {
              "title": "Verify it is possible to create a blocktime on the Calendar by filling up the required fields - Admin credentials",
              "fullTitle": "Production - Beta Vendor Admin | Calendar| Create Blocktime on the Calendar | logged with Receptionist Credentials Verify it is possible to create a blocktime on the Calendar by filling up the required fields - Admin credentials",
              "timedOut": null,
              "duration": 17984,
              "state": "passed",
              "speed": "slow",
              "pass": true,
              "fail": false,
              "pending": false,
              "context": null,
              "code": "newBlockTime();\ncy.contains('div', 'Choose a staff').next('div').find('input').should('be.visible');\ncy.contains('div', 'Choose a staff').next('div').find('input').click().type('Helen {enter}');\ncy.contains('span', 'Start Time').parent().next('div').find('input').should('be.visible');\ncy.contains('span', 'Start Time').parent().next('div').find('input').type('01:00{enter}');\ncy.contains('span', 'End Time').parent().next('div').find('input').should('be.visible');\ncy.contains('span', 'End Time').parent().next('div').find('input').type('03:00{enter}');\ncy.contains('button', 'Submit').click({\n  force: true\n});\ncy.contains('div>span', 'Blocked Time Created').should('be.visible');",
              "err": {},
              "uuid": "6fe861e5-3aba-48cf-bf77-d59cabf7186e",
              "parentUUID": "36260c3f-126c-4a6a-9f81-f0cc1e41eef8",
              "isHook": false,
              "skipped": false
            },
            {
              "title": "Verify it is possible to edit staff on a blocktime from the Calendar - Admin credentials",
              "fullTitle": "Production - Beta Vendor Admin | Calendar| Create Blocktime on the Calendar | logged with Receptionist Credentials Verify it is possible to edit staff on a blocktime from the Calendar - Admin credentials",
              "timedOut": null,
              "duration": 15684,
              "state": "passed",
              "speed": "slow",
              "pass": true,
              "fail": false,
              "pending": false,
              "context": null,
              "code": "cy.visit(Cypress.env(\"URL_BetaVendor_Production\") + 'admin/calendar');\ncy.contains('span', 'Blocked Time for').next('span', 'Helen').click({\n  force: true\n});\ncy.contains('div', 'Choose a staff').next('div').find('input').should('be.visible');\ncy.contains('div', 'Choose a staff').next('div').find('input').click().type('Set {enter}');\ncy.contains('button', 'Update').click({\n  force: true\n});\ncy.contains('div>span', 'Employee Blocktime updated successfully').should('be.visible');",
              "err": {},
              "uuid": "ff1f71dc-b8de-4c42-a70e-363c8f28ee98",
              "parentUUID": "36260c3f-126c-4a6a-9f81-f0cc1e41eef8",
              "isHook": false,
              "skipped": false
            },
            {
              "title": "Verify it is possible to edit Start time on a blocktime from the Calendar - Admin credentials",
              "fullTitle": "Production - Beta Vendor Admin | Calendar| Create Blocktime on the Calendar | logged with Receptionist Credentials Verify it is possible to edit Start time on a blocktime from the Calendar - Admin credentials",
              "timedOut": null,
              "duration": 16458,
              "state": "passed",
              "speed": "slow",
              "pass": true,
              "fail": false,
              "pending": false,
              "context": null,
              "code": "cy.visit(Cypress.env(\"URL_BetaVendor_Production\") + 'admin/calendar');\ncy.contains('span', 'Blocked Time for').next('span', 'Helen').click({\n  force: true\n});\ncy.contains('span', 'Start Time').parent().next('div').find('input').should('be.visible');\ncy.contains('span', 'Start Time').parent().next('div').find('input').type('{downarrow}{downarrow}{downarrow}{downarrow}{enter}');\ncy.contains('span', 'End Time').parent().next('div').find('input').should('be.visible');\ncy.contains('span', 'End Time').parent().next('div').find('input').type('{downarrow}{downarrow}{downarrow}{downarrow}{downarrow}{downarrow}{downarrow}{downarrow}{enter}');\ncy.wait(1000);\ncy.contains('button', 'Update').click({\n  force: true\n});\ncy.contains('div>span', 'Employee Blocktime updated successfully').should('be.visible');",
              "err": {},
              "uuid": "1c1a040a-d4f4-4008-978f-b24912aa9caa",
              "parentUUID": "36260c3f-126c-4a6a-9f81-f0cc1e41eef8",
              "isHook": false,
              "skipped": false
            },
            {
              "title": "Verify it is possible to edit End time on a blocktime from the Calendar - Admin credentials",
              "fullTitle": "Production - Beta Vendor Admin | Calendar| Create Blocktime on the Calendar | logged with Receptionist Credentials Verify it is possible to edit End time on a blocktime from the Calendar - Admin credentials",
              "timedOut": null,
              "duration": 16441,
              "state": "passed",
              "speed": "slow",
              "pass": true,
              "fail": false,
              "pending": false,
              "context": null,
              "code": "cy.visit(Cypress.env(\"URL_BetaVendor_Production\") + 'admin/calendar');\ncy.contains('span', 'Blocked Time for').next('span', 'Helen').click({\n  force: true\n});\ncy.contains('span', 'End Time').parent().next('div').find('input').should('be.visible');\ncy.contains('span', 'End Time').parent().next('div').find('input').type('{downarrow}{downarrow}{downarrow}{downarrow}{enter}');\ncy.wait(1000);\ncy.contains('button', 'Update').click({\n  force: true\n});\ncy.contains('div>span', 'Employee Blocktime updated successfully').should('be.visible');",
              "err": {},
              "uuid": "01ddec77-7d48-4edb-b286-392d404decc3",
              "parentUUID": "36260c3f-126c-4a6a-9f81-f0cc1e41eef8",
              "isHook": false,
              "skipped": false
            },
            {
              "title": "Verify it is possible to delete a blocktime from the Calendar - Admin credentials",
              "fullTitle": "Production - Beta Vendor Admin | Calendar| Create Blocktime on the Calendar | logged with Receptionist Credentials Verify it is possible to delete a blocktime from the Calendar - Admin credentials",
              "timedOut": null,
              "duration": 14164,
              "state": "passed",
              "speed": "slow",
              "pass": true,
              "fail": false,
              "pending": false,
              "context": null,
              "code": "cy.visit(Cypress.env(\"URL_BetaVendor_Production\") + 'admin/calendar');\ncy.contains('span', 'Blocked Time for').next('span', 'Helen').click({\n  force: true\n});\ncy.contains('button', 'Delete').click({\n  force: true\n});\ncy.contains('div>span', 'Employee Blocktime deleted successfully').should('be.visible');",
              "err": {},
              "uuid": "91d82cb7-97a8-4b7b-80c2-c6894b1d3d7d",
              "parentUUID": "36260c3f-126c-4a6a-9f81-f0cc1e41eef8",
              "isHook": false,
              "skipped": false
            }
          ],
          "suites": [],
          "passes": [
            "4d0faa42-8002-431d-bf1b-7e0b5942497f",
            "ec3c8c7a-6755-47f7-a241-011b65d1007a",
            "ee8c535a-c0a5-451a-9702-c94efef01c13",
            "6fe861e5-3aba-48cf-bf77-d59cabf7186e",
            "ff1f71dc-b8de-4c42-a70e-363c8f28ee98",
            "1c1a040a-d4f4-4008-978f-b24912aa9caa",
            "01ddec77-7d48-4edb-b286-392d404decc3",
            "91d82cb7-97a8-4b7b-80c2-c6894b1d3d7d"
          ],
          "failures": [],
          "pending": [],
          "skipped": [],
          "duration": 137277,
          "root": false,
          "rootEmpty": false,
          "_timeout": 2000
        },
        {
          "uuid": "17b90840-5d9b-45bb-a534-72e75ac9e847",
          "title": "Production - Beta Vendor Admin | Calendar| Create Blocktime on the Calendar | logged with Read-Only Credentials",
          "fullFile": "",
          "file": "",
          "beforeHooks": [],
          "afterHooks": [],
          "tests": [
            {
              "title": "Verify The option to add Block Time is not available for Readonlyu Role - Read-Only credentials",
              "fullTitle": "Production - Beta Vendor Admin | Calendar| Create Blocktime on the Calendar | logged with Read-Only Credentials Verify The option to add Block Time is not available for Readonlyu Role - Read-Only credentials",
              "timedOut": null,
              "duration": 16484,
              "state": "passed",
              "speed": "slow",
              "pass": true,
              "fail": false,
              "pending": false,
              "context": null,
              "code": "cy.visit(Cypress.env(\"URL_BetaVendor_Production\") + 'admin/calendar');\ncy.contains('button', 'Add New').should('be.visible');\ncy.contains('button', 'Add New').click({\n  force: true\n});\ncy.wait(1000);\ncy.contains('li', 'New Block Time').should('not.exist');",
              "err": {},
              "uuid": "be3478d9-1eca-42cf-b3e4-a65d3dffff5c",
              "parentUUID": "17b90840-5d9b-45bb-a534-72e75ac9e847",
              "isHook": false,
              "skipped": false
            }
          ],
          "suites": [],
          "passes": [
            "be3478d9-1eca-42cf-b3e4-a65d3dffff5c"
          ],
          "failures": [],
          "pending": [],
          "skipped": [],
          "duration": 16484,
          "root": false,
          "rootEmpty": false,
          "_timeout": 2000
        }
      ],
      "passes": [],
      "failures": [],
      "pending": [],
      "skipped": [],
      "duration": 0,
      "root": true,
      "rootEmpty": true,
      "_timeout": 2000
    }
  ],
  "meta": {
    "mocha": {
      "version": "7.0.1"
    },
    "mochawesome": {
      "options": {
        "quiet": false,
        "reportFilename": "mochawesome",
        "saveHtml": true,
        "saveJson": true,
        "consoleReporter": "spec",
        "useInlineDiffs": false,
        "code": true
      },
      "version": "7.1.3"
    },
    "marge": {
      "options": {
        "reportDir": "cypress/reports/mochawesome-report",
        "overwrite": false,
        "inline": true,
        "html": true,
        "json": true,
        "charts": true
      },
      "version": "6.2.0"
    }
  }
}