<?xml version="1.0" encoding="UTF-8"?>
<testsuites name="Mocha Tests" time="13.208" tests="1" failures="0">
  <testsuite name="Root Suite" timestamp="2025-03-19T12:33:27" tests="0" file="cypress\e2e\stagingBetaVendor\calendar\bv-stg-newchck.cy.js" time="0.000" failures="0">
  </testsuite>
  <testsuite name="Staging - Beta Vendor Admin | Calendar| New Checkout | logged with Admin Credentials" timestamp="2025-03-19T12:33:27" tests="1" time="13.174" failures="0">
    <testcase name="Staging - Beta Vendor Admin | Calendar| New Checkout | logged with Admin Credentials Verify it is not possible to complete New Checkout without adding payment - Admin credentials" time="13.023" classname="Verify it is not possible to complete New Checkout without adding payment - Admin credentials">
    </testcase>
  </testsuite>
</testsuites>