{
  "stats": {
    "suites": 4,
    "tests": 26,
    "passes": 26,
    "pending": 0,
    "failures": 0,
    "start": "2025-03-16T04:23:57.004Z",
    "end": "2025-03-16T04:35:59.283Z",
    "duration": 722279,
    "testsRegistered": 26,
    "passPercent": 100,
    "pendingPercent": 0,
    "other": 0,
    "hasOther": false,
    "skipped": 0,
    "hasSkipped": false
  },
  "results": [
    {
      "uuid": "b46cf4d2-ae3a-4450-bc6f-5db6ac22d55f",
      "title": "",
      "fullFile": "cypress\\e2e\\productionBetaVendor\\calendar\\bv-prod-crtapt.cy.js",
      "file": "cypress\\e2e\\productionBetaVendor\\calendar\\bv-prod-crtapt.cy.js",
      "beforeHooks": [],
      "afterHooks": [],
      "tests": [],
      "suites": [
        {
          "uuid": "dddde275-b89b-4583-ad6b-9b40ee6745bc",
          "title": "Production - Beta Vendor Admin | Calendar | Create appointments by Clicking on the calendar| logged with Admin credentials",
          "fullFile": "",
          "file": "",
          "beforeHooks": [],
          "afterHooks": [],
          "tests": [
            {
              "title": "Verify it is possible to create a new appointment for 1 service and 1 offer - Admin credentials",
              "fullTitle": "Production - Beta Vendor Admin | Calendar | Create appointments by Clicking on the calendar| logged with Admin credentials Verify it is possible to create a new appointment for 1 service and 1 offer - Admin credentials",
              "timedOut": null,
              "duration": 27445,
              "state": "passed",
              "speed": "slow",
              "pass": true,
              "fail": false,
              "pending": false,
              "context": null,
              "code": "searchTimeSlot('Susan one', '03:00');\ncy.xpath('//span[text()=\"Service\"]/parent::label/following-sibling::div/div/div/div/following-sibling::div/input').click().type('{downarrow}{enter}');\n// cy.get('.css-1u3or2w>*').eq(1).find('input').first().click().type('{downarrow}{enter}')\ncy.contains('Add New Item').should('exist');\ncy.contains('Add New Item').click();\ncy.contains('Add Offer').should('exist');\ncy.contains('Add Offer').click();\ncy.contains('div', 'Offer').should('exist');\ncy.xpath('//span[text()=\"Offer\"]/parent::label/following-sibling::div/div/div/div/following-sibling::div/input').click().type('{enter}');\ncy.get('.css-1u3or2w').eq(1).children('div').next('div').find('input').eq(1).click().type('{downarrow}{enter}');\ncy.get('.css-1u3or2w').eq(1).children('div').next('div').find('input').eq(2).click().type('{downarrow}{enter}');\ncy.intercept('POST', '/api/main/vendor/bookings/cart').as('new-user');\ncy.contains('Create Appointment').click({\n  force: true\n});\ncy.wait('@new-user').then(function (interception) {\n  expect(interception.response.statusCode).to.equal(200);\n});\ncy.contains('New Appointment').should('not.be.visible');",
              "err": {},
              "uuid": "bdb9a3db-f6fb-4ac3-bffe-5d2f06f85ebd",
              "parentUUID": "dddde275-b89b-4583-ad6b-9b40ee6745bc",
              "isHook": false,
              "skipped": false
            },
            {
              "title": "Verify the New appointment modal is hidden after creating successfully an appointment - Admin credentials",
              "fullTitle": "Production - Beta Vendor Admin | Calendar | Create appointments by Clicking on the calendar| logged with Admin credentials Verify the New appointment modal is hidden after creating successfully an appointment - Admin credentials",
              "timedOut": null,
              "duration": 17323,
              "state": "passed",
              "speed": "slow",
              "pass": true,
              "fail": false,
              "pending": false,
              "context": null,
              "code": "searchTimeSlot('Susan one', '07:00');\ncy.xpath('//span[text()=\"Service\"]/parent::label/following-sibling::div/div/div/div/following-sibling::div/input').click().type('{downarrow}{enter}');\ncy.intercept('POST', '/api/main/vendor/bookings/cart').as('new-user');\ncy.contains('Create Appointment').click({\n  force: true\n});\ncy.wait('@new-user').then(function (interception) {\n  expect(interception.response.statusCode).to.equal(200);\n});\ncy.contains('New Appointment').should('not.be.visible');",
              "err": {},
              "uuid": "6a3a7bc6-3433-4cb8-a0bc-c621b691d3aa",
              "parentUUID": "dddde275-b89b-4583-ad6b-9b40ee6745bc",
              "isHook": false,
              "skipped": false
            },
            {
              "title": "Verify it is possible to create an appointment searching and selecting customer from vendor - Admin credentials",
              "fullTitle": "Production - Beta Vendor Admin | Calendar | Create appointments by Clicking on the calendar| logged with Admin credentials Verify it is possible to create an appointment searching and selecting customer from vendor - Admin credentials",
              "timedOut": null,
              "duration": 11270,
              "state": "passed",
              "speed": "slow",
              "pass": true,
              "fail": false,
              "pending": false,
              "context": null,
              "code": "searchTimeSlot('Naomi Naomi', '07:00');\ncy.contains(\"Search customer..\").next('div').should('exist');\ncy.contains(\"Search customer..\").next('div').children('input').click({\n  force: true\n});\ncy.contains(\"Search customer..\").next('div').children('input').type('erika{enter}{enter}', {\n  force: true,\n  delay: 1000\n});\ncy.xpath('//span[text()=\"Service\"]/parent::label/following-sibling::div/div/div/div/following-sibling::div/input').click().type('{downarrow}{enter}');\ncy.intercept('POST', '/api/main/vendor/bookings/cart').as('new-user');\ncy.contains('Create Appointment').click({\n  force: true\n});\ncy.wait('@new-user').then(function (interception) {\n  expect(interception.response.statusCode).to.equal(200);\n});\ncy.contains('New Appointment').should('not.be.visible');",
              "err": {},
              "uuid": "fb0d3e24-a2b5-440a-afab-bc5ea923d9fd",
              "parentUUID": "dddde275-b89b-4583-ad6b-9b40ee6745bc",
              "isHook": false,
              "skipped": false
            },
            {
              "title": "Verify the New appointment modal is hidden after creating successfully an ovelap appointment - Admin credentials",
              "fullTitle": "Production - Beta Vendor Admin | Calendar | Create appointments by Clicking on the calendar| logged with Admin credentials Verify the New appointment modal is hidden after creating successfully an ovelap appointment - Admin credentials",
              "timedOut": null,
              "duration": 19416,
              "state": "passed",
              "speed": "slow",
              "pass": true,
              "fail": false,
              "pending": false,
              "context": null,
              "code": "searchTimeSlot('Naomi Naomi', '07:00');\ncy.xpath('//span[text()=\"Service\"]/parent::label/following-sibling::div/div/div/div/following-sibling::div/input').click().type('{downarrow}{enter}');\ncy.contains('Create Appointment').click({\n  force: true\n});\ncy.intercept('POST', '/api/main/vendor/bookings/cart').as('new-user');\ncy.contains('Warning: ').should('be.visible');\ncy.contains('button', 'Continue').click({\n  force: true\n});\ncy.wait('@new-user').then(function (interception) {\n  expect(interception.response.statusCode).to.equal(200);\n});\ncy.contains('New Appointment').should('not.be.visible');",
              "err": {},
              "uuid": "99ffe73f-3eba-4440-b22c-dbc7fbbd3c25",
              "parentUUID": "dddde275-b89b-4583-ad6b-9b40ee6745bc",
              "isHook": false,
              "skipped": false
            },
            {
              "title": "Verify it is possible to create an appointment over and already taken time slot - Admin Credentials",
              "fullTitle": "Production - Beta Vendor Admin | Calendar | Create appointments by Clicking on the calendar| logged with Admin credentials Verify it is possible to create an appointment over and already taken time slot - Admin Credentials",
              "timedOut": null,
              "duration": 6704,
              "state": "passed",
              "speed": "medium",
              "pass": true,
              "fail": false,
              "pending": false,
              "context": null,
              "code": "searchTimeSlot('Naomi Naomi', '07:00');\ncy.contains('New Appointment').should('exist');\ncy.xpath('//span[text()=\"Service\"]/parent::label/following-sibling::div/div/div/div/following-sibling::div/input').click().type('{downarrow}{enter}');\ncy.contains('Create Appointment').click({\n  force: true\n});\ncy.contains('Warning: ').should('be.visible');\ncy.intercept('POST', '/api/main/vendor/bookings/cart').as('new-user');\ncy.contains('button', 'Continue').click({\n  force: true\n});\ncy.wait('@new-user').then(function (interception) {\n  expect(interception.response.statusCode).to.equal(200);\n});",
              "err": {},
              "uuid": "ebca7a0e-aeaf-48c1-ae59-7cef200fca90",
              "parentUUID": "dddde275-b89b-4583-ad6b-9b40ee6745bc",
              "isHook": false,
              "skipped": false
            },
            {
              "title": "Verify the New appointment modal is hidden after creating successfully an appointment - Admin credentials",
              "fullTitle": "Production - Beta Vendor Admin | Calendar | Create appointments by Clicking on the calendar| logged with Admin credentials Verify the New appointment modal is hidden after creating successfully an appointment - Admin credentials",
              "timedOut": null,
              "duration": 5480,
              "state": "passed",
              "speed": "medium",
              "pass": true,
              "fail": false,
              "pending": false,
              "context": null,
              "code": "searchTimeSlot('ALEX ALEX', '07:00');\ncy.contains('New Appointment').should('exist');\ncy.xpath('//span[text()=\"Service\"]/parent::label/following-sibling::div/div/div/div/following-sibling::div/input').click().type('{downarrow}{enter}');\ncy.intercept('POST', '/api/main/vendor/bookings/cart').as('new-user');\ncy.contains('Create Appointment').click({\n  force: true\n});\ncy.wait('@new-user').then(function (interception) {\n  expect(interception.response.statusCode).to.equal(200);\n});\ncy.contains('New Appointment').should('not.be.visible');",
              "err": {},
              "uuid": "5f220b7d-c6ea-4a74-bdbc-5b9ff06710e6",
              "parentUUID": "dddde275-b89b-4583-ad6b-9b40ee6745bc",
              "isHook": false,
              "skipped": false
            },
            {
              "title": "Verify The edit appointment modal is display after clicking on Edit booking button - Admin credentials",
              "fullTitle": "Production - Beta Vendor Admin | Calendar | Create appointments by Clicking on the calendar| logged with Admin credentials Verify The edit appointment modal is display after clicking on Edit booking button - Admin credentials",
              "timedOut": null,
              "duration": 7758,
              "state": "passed",
              "speed": "medium",
              "pass": true,
              "fail": false,
              "pending": false,
              "context": null,
              "code": "searchApt('ALEX ALEX', '07:00');\ncy.log('Test completed');\ncy.contains('Appointment Details').should('be.visible');\ncy.contains('Edit Booking').should('be.visible');\ncy.contains('Edit Booking').click({\n  force: true\n});\ncy.contains('Edit Appointment').should('exist');",
              "err": {},
              "uuid": "09cc894a-7062-4426-9f13-82c011170908",
              "parentUUID": "dddde275-b89b-4583-ad6b-9b40ee6745bc",
              "isHook": false,
              "skipped": false
            },
            {
              "title": "Verify it is possible to edit the Customer - Admin credentials",
              "fullTitle": "Production - Beta Vendor Admin | Calendar | Create appointments by Clicking on the calendar| logged with Admin credentials Verify it is possible to edit the Customer - Admin credentials",
              "timedOut": null,
              "duration": 8898,
              "state": "passed",
              "speed": "medium",
              "pass": true,
              "fail": false,
              "pending": false,
              "context": null,
              "code": "searchApt('ALEX ALEX', '07:00');\ncy.contains('Appointment Details').should('be.visible');\ncy.contains('Edit Booking').should('be.visible');\ncy.contains('Edit Booking').click({\n  force: true\n});\ncy.contains('Edit Appointment').should('exist');\ncy.xpath(\"//h2[text()=\\\"Edit Appointment\\\"]/parent::div/following-sibling::div/div/div/div/div/button[text()=\\\"Change customer\\\"]\").should('be.visible');\ncy.xpath(\"//h2[text()=\\\"Edit Appointment\\\"]/parent::div/following-sibling::div/div/div/div/div/button[text()=\\\"Change customer\\\"]\").click();\ncy.wait(1000);",
              "err": {},
              "uuid": "e1bc8818-bb22-488e-84e7-96fc1174007e",
              "parentUUID": "dddde275-b89b-4583-ad6b-9b40ee6745bc",
              "isHook": false,
              "skipped": false
            }
          ],
          "suites": [],
          "passes": [
            "bdb9a3db-f6fb-4ac3-bffe-5d2f06f85ebd",
            "6a3a7bc6-3433-4cb8-a0bc-c621b691d3aa",
            "fb0d3e24-a2b5-440a-afab-bc5ea923d9fd",
            "99ffe73f-3eba-4440-b22c-dbc7fbbd3c25",
            "ebca7a0e-aeaf-48c1-ae59-7cef200fca90",
            "5f220b7d-c6ea-4a74-bdbc-5b9ff06710e6",
            "09cc894a-7062-4426-9f13-82c011170908",
            "e1bc8818-bb22-488e-84e7-96fc1174007e"
          ],
          "failures": [],
          "pending": [],
          "skipped": [],
          "duration": 104294,
          "root": false,
          "rootEmpty": false,
          "_timeout": 2000
        },
        {
          "uuid": "8a8e8c5c-831f-44bd-8c32-8dfa34871153",
          "title": "Production - Beta Vendor Admin | Calendar | Create appointments by Clicking on the calendar| logged with Receptionist credentials",
          "fullFile": "",
          "file": "",
          "beforeHooks": [],
          "afterHooks": [],
          "tests": [
            {
              "title": "Verify it is possible to create a new appointment for 1 service and 1 offer - Receptionist credentials",
              "fullTitle": "Production - Beta Vendor Admin | Calendar | Create appointments by Clicking on the calendar| logged with Receptionist credentials Verify it is possible to create a new appointment for 1 service and 1 offer - Receptionist credentials",
              "timedOut": null,
              "duration": 30343,
              "state": "passed",
              "speed": "slow",
              "pass": true,
              "fail": false,
              "pending": false,
              "context": null,
              "code": "searchTimeSlot('Zstaff ', '03:00');\ncy.xpath('//span[text()=\"Service\"]/parent::label/following-sibling::div/div/div/div/following-sibling::div/input').click().type('{downarrow}{enter}');\n// cy.get('.css-1u3or2w>*').eq(1).find('input').first().click().type('{downarrow}{enter}')\ncy.contains('Add New Item').should('exist');\ncy.contains('Add New Item').click();\ncy.contains('Add Offer').should('exist');\ncy.contains('Add Offer').click();\ncy.contains('div', 'Offer').should('exist');\ncy.xpath('//span[text()=\"Offer\"]/parent::label/following-sibling::div/div/div/div/following-sibling::div/input').click().type('{enter}');\ncy.get('.css-1u3or2w').eq(1).children('div').next('div').find('input').eq(1).click().type('{downarrow}{downarrow}{downarrow}{downarrow}{enter}');\ncy.get('.css-1u3or2w').eq(1).children('div').next('div').find('input').eq(2).click().type('{downarrow}{enter}');\ncy.intercept('POST', '/api/main/vendor/bookings/cart').as('new-user');\ncy.contains('Create Appointment').click({\n  force: true\n});\ncy.wait('@new-user').then(function (interception) {\n  expect(interception.response.statusCode).to.equal(200);\n});\ncy.contains('New Appointment').should('not.be.visible');",
              "err": {},
              "uuid": "139b2828-84e0-417c-9718-2a2d6c2d4927",
              "parentUUID": "8a8e8c5c-831f-44bd-8c32-8dfa34871153",
              "isHook": false,
              "skipped": false
            },
            {
              "title": "Verify the New appointment modal is hidden after creating successfully an appointment - Receptionist credentials",
              "fullTitle": "Production - Beta Vendor Admin | Calendar | Create appointments by Clicking on the calendar| logged with Receptionist credentials Verify the New appointment modal is hidden after creating successfully an appointment - Receptionist credentials",
              "timedOut": null,
              "duration": 12691,
              "state": "passed",
              "speed": "slow",
              "pass": true,
              "fail": false,
              "pending": false,
              "context": null,
              "code": "searchTimeSlot('Mateo', '03:00');\ncy.xpath('//span[text()=\"Service\"]/parent::label/following-sibling::div/div/div/div/following-sibling::div/input').click().type('{downarrow}{enter}');\ncy.intercept('POST', '/api/main/vendor/bookings/cart').as('new-user');\ncy.contains('Create Appointment').click({\n  force: true\n});\ncy.wait('@new-user').then(function (interception) {\n  expect(interception.response.statusCode).to.equal(200);\n});\ncy.contains('New Appointment').should('not.be.visible');",
              "err": {},
              "uuid": "5eb66c9d-a668-4ef9-94be-f80f9f9d0efa",
              "parentUUID": "8a8e8c5c-831f-44bd-8c32-8dfa34871153",
              "isHook": false,
              "skipped": false
            },
            {
              "title": "Verify it is possible to create an appointment searching and selecting customer from vendor - Receptionist credentials",
              "fullTitle": "Production - Beta Vendor Admin | Calendar | Create appointments by Clicking on the calendar| logged with Receptionist credentials Verify it is possible to create an appointment searching and selecting customer from vendor - Receptionist credentials",
              "timedOut": null,
              "duration": 24533,
              "state": "passed",
              "speed": "slow",
              "pass": true,
              "fail": false,
              "pending": false,
              "context": null,
              "code": "searchTimeSlot('Zstaff ', '06:00');\ncy.contains(\"Search customer..\").next('div').should('exist');\ncy.contains(\"Search customer..\").next('div').children('input').click({\n  force: true\n});\ncy.contains(\"Search customer..\").next('div').children('input').type('erika{enter}{enter}', {\n  force: true,\n  delay: 1000\n});\ncy.xpath('//span[text()=\"Service\"]/parent::label/following-sibling::div/div/div/div/following-sibling::div/input').click().type('{downarrow}{enter}');\ncy.intercept('POST', '/api/main/vendor/bookings/cart').as('new-user');\ncy.contains('Create Appointment').click({\n  force: true\n});\ncy.wait('@new-user').then(function (interception) {\n  expect(interception.response.statusCode).to.equal(200);\n});\ncy.contains('New Appointment').should('not.be.visible');",
              "err": {},
              "uuid": "5363e0cb-b26f-4602-bde9-288fda36e35e",
              "parentUUID": "8a8e8c5c-831f-44bd-8c32-8dfa34871153",
              "isHook": false,
              "skipped": false
            },
            {
              "title": "Verify the New appointment modal is hidden after creating successfully an ovelap appointment - Receptionist credentials",
              "fullTitle": "Production - Beta Vendor Admin | Calendar | Create appointments by Clicking on the calendar| logged with Receptionist credentials Verify the New appointment modal is hidden after creating successfully an ovelap appointment - Receptionist credentials",
              "timedOut": null,
              "duration": 18532,
              "state": "passed",
              "speed": "slow",
              "pass": true,
              "fail": false,
              "pending": false,
              "context": null,
              "code": "searchTimeSlot('Zstaff ', '06:00');\ncy.xpath('//span[text()=\"Service\"]/parent::label/following-sibling::div/div/div/div/following-sibling::div/input').click().type('{downarrow}{enter}');\ncy.contains('Create Appointment').click({\n  force: true\n});\ncy.intercept('POST', '/api/main/vendor/bookings/cart').as('new-user');\ncy.contains('Warning: ').should('be.visible');\ncy.contains('button', 'Continue').click({\n  force: true\n});\ncy.wait('@new-user').then(function (interception) {\n  expect(interception.response.statusCode).to.equal(200);\n});\ncy.contains('New Appointment').should('not.be.visible');",
              "err": {},
              "uuid": "b6dd49e0-9d1f-4bb2-aa41-5a272b56267a",
              "parentUUID": "8a8e8c5c-831f-44bd-8c32-8dfa34871153",
              "isHook": false,
              "skipped": false
            },
            {
              "title": "Verify it is possible to create an appointment over and already taken time slot - Receptionist Credentials",
              "fullTitle": "Production - Beta Vendor Admin | Calendar | Create appointments by Clicking on the calendar| logged with Receptionist credentials Verify it is possible to create an appointment over and already taken time slot - Receptionist Credentials",
              "timedOut": null,
              "duration": 6085,
              "state": "passed",
              "speed": "medium",
              "pass": true,
              "fail": false,
              "pending": false,
              "context": null,
              "code": "searchTimeSlot('Zstaff ', '06:00');\ncy.xpath('//span[text()=\"Service\"]/parent::label/following-sibling::div/div/div/div/following-sibling::div/input').click().type('{downarrow}{enter}');\ncy.contains('Create Appointment').click({\n  force: true\n});\ncy.contains('Warning: ').should('be.visible');\ncy.intercept('POST', '/api/main/vendor/bookings/cart').as('new-user');\ncy.contains('button', 'Continue').click({\n  force: true\n});\ncy.wait('@new-user').then(function (interception) {\n  expect(interception.response.statusCode).to.equal(200);\n});",
              "err": {},
              "uuid": "d5e1b6a8-0e06-4443-9fba-cb989d777077",
              "parentUUID": "8a8e8c5c-831f-44bd-8c32-8dfa34871153",
              "isHook": false,
              "skipped": false
            },
            {
              "title": "Verify the New appointment modal is hidden after creating successfully an appointment - Receptionist credentials",
              "fullTitle": "Production - Beta Vendor Admin | Calendar | Create appointments by Clicking on the calendar| logged with Receptionist credentials Verify the New appointment modal is hidden after creating successfully an appointment - Receptionist credentials",
              "timedOut": null,
              "duration": 6144,
              "state": "passed",
              "speed": "medium",
              "pass": true,
              "fail": false,
              "pending": false,
              "context": null,
              "code": "searchTimeSlot('Mateo ', '06:00');\ncy.xpath('//span[text()=\"Service\"]/parent::label/following-sibling::div/div/div/div/following-sibling::div/input').click().type('{downarrow}{enter}');\ncy.intercept('POST', '/api/main/vendor/bookings/cart').as('new-user');\ncy.contains('Create Appointment').click({\n  force: true\n});\ncy.wait('@new-user').then(function (interception) {\n  expect(interception.response.statusCode).to.equal(200);\n});\ncy.contains('New Appointment').should('not.be.visible');",
              "err": {},
              "uuid": "8df31c49-7c10-4e10-97b9-24d0f393079e",
              "parentUUID": "8a8e8c5c-831f-44bd-8c32-8dfa34871153",
              "isHook": false,
              "skipped": false
            },
            {
              "title": "Verify the New appointment modal is hidden after creating successfully an appointment - Receptionist Credentials",
              "fullTitle": "Production - Beta Vendor Admin | Calendar | Create appointments by Clicking on the calendar| logged with Receptionist credentials Verify the New appointment modal is hidden after creating successfully an appointment - Receptionist Credentials",
              "timedOut": null,
              "duration": 18704,
              "state": "passed",
              "speed": "slow",
              "pass": true,
              "fail": false,
              "pending": false,
              "context": null,
              "code": "searchTimeSlot('Jaira ', '06:00');\ncy.xpath('//span[text()=\"Service\"]/parent::label/following-sibling::div/div/div/div/following-sibling::div/input').click().type('{downarrow}{enter}');\ncy.intercept('POST', '/api/main/vendor/bookings/cart').as('new-user');\ncy.contains('Create Appointment').click({\n  force: true\n});\ncy.wait('@new-user').then(function (interception) {\n  expect(interception.response.statusCode).to.equal(200);\n});\ncy.contains('New Appointment').should('not.be.visible');",
              "err": {},
              "uuid": "536c1eea-47e3-4e08-bbba-0d663196a258",
              "parentUUID": "8a8e8c5c-831f-44bd-8c32-8dfa34871153",
              "isHook": false,
              "skipped": false
            },
            {
              "title": "Verify The edit appointment modal is display after clicking on Edit booking button - Receptionist credentials",
              "fullTitle": "Production - Beta Vendor Admin | Calendar | Create appointments by Clicking on the calendar| logged with Receptionist credentials Verify The edit appointment modal is display after clicking on Edit booking button - Receptionist credentials",
              "timedOut": null,
              "duration": 18578,
              "state": "passed",
              "speed": "slow",
              "pass": true,
              "fail": false,
              "pending": false,
              "context": null,
              "code": "searchApt('Mateo ', '06:00');\ncy.contains('Appointment Details').should('be.visible');\ncy.contains('Edit Booking').should('be.visible');\ncy.contains('Edit Booking').click({\n  force: true\n});\ncy.contains('Edit Appointment').should('exist');",
              "err": {},
              "uuid": "c2f1976e-aeed-49e4-8ea6-5c0cea842a54",
              "parentUUID": "8a8e8c5c-831f-44bd-8c32-8dfa34871153",
              "isHook": false,
              "skipped": false
            },
            {
              "title": "Verify it is possible to edit the Customer - Receptionist credentials",
              "fullTitle": "Production - Beta Vendor Admin | Calendar | Create appointments by Clicking on the calendar| logged with Receptionist credentials Verify it is possible to edit the Customer - Receptionist credentials",
              "timedOut": null,
              "duration": 9046,
              "state": "passed",
              "speed": "medium",
              "pass": true,
              "fail": false,
              "pending": false,
              "context": null,
              "code": "searchApt('Mateo ', '06:00');\ncy.contains('Appointment Details').should('be.visible');\ncy.contains('Edit Booking').should('be.visible');\ncy.contains('Edit Booking').click({\n  force: true\n});\ncy.contains('Edit Appointment').should('exist');\ncy.xpath(\"//h2[text()=\\\"Edit Appointment\\\"]/parent::div/following-sibling::div/div/div/div/div/button[text()=\\\"Change customer\\\"]\").should('be.visible');\ncy.xpath(\"//h2[text()=\\\"Edit Appointment\\\"]/parent::div/following-sibling::div/div/div/div/div/button[text()=\\\"Change customer\\\"]\").click();\ncy.wait(1000);",
              "err": {},
              "uuid": "6eea7fd7-fe03-4d65-97a8-4b004b5c2b50",
              "parentUUID": "8a8e8c5c-831f-44bd-8c32-8dfa34871153",
              "isHook": false,
              "skipped": false
            }
          ],
          "suites": [],
          "passes": [
            "139b2828-84e0-417c-9718-2a2d6c2d4927",
            "5eb66c9d-a668-4ef9-94be-f80f9f9d0efa",
            "5363e0cb-b26f-4602-bde9-288fda36e35e",
            "b6dd49e0-9d1f-4bb2-aa41-5a272b56267a",
            "d5e1b6a8-0e06-4443-9fba-cb989d777077",
            "8df31c49-7c10-4e10-97b9-24d0f393079e",
            "536c1eea-47e3-4e08-bbba-0d663196a258",
            "c2f1976e-aeed-49e4-8ea6-5c0cea842a54",
            "6eea7fd7-fe03-4d65-97a8-4b004b5c2b50"
          ],
          "failures": [],
          "pending": [],
          "skipped": [],
          "duration": 144656,
          "root": false,
          "rootEmpty": false,
          "_timeout": 2000
        },
        {
          "uuid": "8ac9924d-d2cf-424e-b590-a1d0b68ce348",
          "title": "Production - Beta Vendor Admin | Calendar | Create appointments by Clicking on the calendar| logged with Staff credentials",
          "fullFile": "",
          "file": "",
          "beforeHooks": [],
          "afterHooks": [],
          "tests": [
            {
              "title": "Verify it is possible to create a new appointment for 1 service and 1 offer - Staff credentials",
              "fullTitle": "Production - Beta Vendor Admin | Calendar | Create appointments by Clicking on the calendar| logged with Staff credentials Verify it is possible to create a new appointment for 1 service and 1 offer - Staff credentials",
              "timedOut": null,
              "duration": 24321,
              "state": "passed",
              "speed": "slow",
              "pass": true,
              "fail": false,
              "pending": false,
              "context": null,
              "code": "searchTimeSlot('Zumba Zumba', '03:00');\ncy.xpath('//span[text()=\"Service\"]/parent::label/following-sibling::div/div/div/div/following-sibling::div/input').click().type('{downarrow}{enter}');\n// cy.get('.css-1u3or2w>*').eq(1).find('input').first().click().type('{downarrow}{enter}')\ncy.contains('Add New Item').should('exist');\ncy.contains('Add New Item').click();\ncy.contains('Add Offer').should('exist');\ncy.contains('Add Offer').click();\ncy.contains('div', 'Offer').should('exist');\ncy.xpath('//span[text()=\"Offer\"]/parent::label/following-sibling::div/div/div/div/following-sibling::div/input').click().type('{enter}');\ncy.get('.css-1u3or2w').eq(1).children('div').next('div').find('input').eq(1).click().type('{downarrow}{downarrow}{downarrow}{enter}');\ncy.get('.css-1u3or2w').eq(1).children('div').next('div').find('input').eq(2).click().type('{downarrow}{downarrow}{downarrow}{enter}');\ncy.intercept('POST', '/api/main/vendor/bookings/cart').as('new-user');\ncy.contains('Create Appointment').click({\n  force: true\n});\ncy.wait('@new-user').then(function (interception) {\n  expect(interception.response.statusCode).to.equal(200);\n});\ncy.contains('New Appointment').should('not.be.visible');",
              "err": {},
              "uuid": "b950a2ad-b0fe-43ad-81b2-1a7512fd4997",
              "parentUUID": "8ac9924d-d2cf-424e-b590-a1d0b68ce348",
              "isHook": false,
              "skipped": false
            },
            {
              "title": "Verify the New appointment modal is hidden after creating successfully an appointment - Staff credentials",
              "fullTitle": "Production - Beta Vendor Admin | Calendar | Create appointments by Clicking on the calendar| logged with Staff credentials Verify the New appointment modal is hidden after creating successfully an appointment - Staff credentials",
              "timedOut": null,
              "duration": 16765,
              "state": "passed",
              "speed": "slow",
              "pass": true,
              "fail": false,
              "pending": false,
              "context": null,
              "code": "searchTimeSlot('Zumba Zumba', '05:00');\ncy.xpath('//span[text()=\"Service\"]/parent::label/following-sibling::div/div/div/div/following-sibling::div/input').click().type('{downarrow}{enter}');\ncy.intercept('POST', '/api/main/vendor/bookings/cart').as('new-user');\ncy.contains('Create Appointment').click({\n  force: true\n});\ncy.wait('@new-user').then(function (interception) {\n  expect(interception.response.statusCode).to.equal(200);\n});\ncy.contains('New Appointment').should('not.be.visible');",
              "err": {},
              "uuid": "404b9293-2c51-44e3-b091-ac8660acd21a",
              "parentUUID": "8ac9924d-d2cf-424e-b590-a1d0b68ce348",
              "isHook": false,
              "skipped": false
            },
            {
              "title": "Verify it is possible to create an appointment searching and selecting customer from vendor - Staff credentials",
              "fullTitle": "Production - Beta Vendor Admin | Calendar | Create appointments by Clicking on the calendar| logged with Staff credentials Verify it is possible to create an appointment searching and selecting customer from vendor - Staff credentials",
              "timedOut": null,
              "duration": 10038,
              "state": "passed",
              "speed": "slow",
              "pass": true,
              "fail": false,
              "pending": false,
              "context": null,
              "code": "searchTimeSlot('Zumba Zumba', '07:00');\ncy.contains(\"Search customer..\").next('div').should('exist');\ncy.contains(\"Search customer..\").next('div').children('input').click({\n  force: true\n});\ncy.contains(\"Search customer..\").next('div').children('input').type('erika{enter}{enter}', {\n  force: true,\n  delay: 1000\n});\ncy.xpath('//span[text()=\"Service\"]/parent::label/following-sibling::div/div/div/div/following-sibling::div/input').click().type('{downarrow}{enter}');\ncy.intercept('POST', '/api/main/vendor/bookings/cart').as('new-user');\ncy.contains('Create Appointment').click({\n  force: true\n});\ncy.wait('@new-user').then(function (interception) {\n  expect(interception.response.statusCode).to.equal(200);\n});\ncy.contains('New Appointment').should('not.be.visible');",
              "err": {},
              "uuid": "a3950d82-b37e-4c65-be2d-96a4d21b540f",
              "parentUUID": "8ac9924d-d2cf-424e-b590-a1d0b68ce348",
              "isHook": false,
              "skipped": false
            },
            {
              "title": "Verify the New appointment modal is hidden after creating successfully an ovelap appointment - Staff credentials",
              "fullTitle": "Production - Beta Vendor Admin | Calendar | Create appointments by Clicking on the calendar| logged with Staff credentials Verify the New appointment modal is hidden after creating successfully an ovelap appointment - Staff credentials",
              "timedOut": null,
              "duration": 4845,
              "state": "passed",
              "speed": "fast",
              "pass": true,
              "fail": false,
              "pending": false,
              "context": null,
              "code": "searchTimeSlot('Zumba Zumba', '05:00');\ncy.xpath('//span[text()=\"Service\"]/parent::label/following-sibling::div/div/div/div/following-sibling::div/input').click().type('{downarrow}{enter}');\ncy.contains('Create Appointment').click({\n  force: true\n});\ncy.intercept('POST', '/api/main/vendor/bookings/cart').as('new-user');\ncy.contains('Warning: ').should('be.visible');\ncy.contains('button', 'Continue').click({\n  force: true\n});\ncy.wait('@new-user').then(function (interception) {\n  expect(interception.response.statusCode).to.equal(200);\n});\ncy.contains('New Appointment').should('not.be.visible');",
              "err": {},
              "uuid": "d2b231b2-809c-404b-a9d3-bcb985ddde22",
              "parentUUID": "8ac9924d-d2cf-424e-b590-a1d0b68ce348",
              "isHook": false,
              "skipped": false
            },
            {
              "title": "Verify it is possible to create an appointment over and already taken time slot - Staff Credentials",
              "fullTitle": "Production - Beta Vendor Admin | Calendar | Create appointments by Clicking on the calendar| logged with Staff credentials Verify it is possible to create an appointment over and already taken time slot - Staff Credentials",
              "timedOut": null,
              "duration": 4877,
              "state": "passed",
              "speed": "fast",
              "pass": true,
              "fail": false,
              "pending": false,
              "context": null,
              "code": "searchTimeSlot('Zumba Zumba', '05:00');\ncy.xpath('//span[text()=\"Service\"]/parent::label/following-sibling::div/div/div/div/following-sibling::div/input').click().type('{downarrow}{enter}');\ncy.contains('Create Appointment').click({\n  force: true\n});\ncy.contains('Warning: ').should('be.visible');\ncy.intercept('POST', '/api/main/vendor/bookings/cart').as('new-user');\ncy.contains('button', 'Continue').click({\n  force: true\n});\ncy.wait('@new-user').then(function (interception) {\n  expect(interception.response.statusCode).to.equal(200);\n});",
              "err": {},
              "uuid": "b7ae0555-86a9-43c0-ade4-a80c6fedde23",
              "parentUUID": "8ac9924d-d2cf-424e-b590-a1d0b68ce348",
              "isHook": false,
              "skipped": false
            },
            {
              "title": "Verify The edit appointment modal is display after clicking on Edit booking button - Staff credentials",
              "fullTitle": "Production - Beta Vendor Admin | Calendar | Create appointments by Clicking on the calendar| logged with Staff credentials Verify The edit appointment modal is display after clicking on Edit booking button - Staff credentials",
              "timedOut": null,
              "duration": 16225,
              "state": "passed",
              "speed": "slow",
              "pass": true,
              "fail": false,
              "pending": false,
              "context": null,
              "code": "searchApt('Zumba Zumba', '07:00');\ncy.contains('Edit Booking').should('be.visible');\ncy.contains('Edit Booking').click({\n  force: true\n});\ncy.contains('Edit Appointment').should('exist');",
              "err": {},
              "uuid": "4312800e-b2ba-4809-81ea-865871051148",
              "parentUUID": "8ac9924d-d2cf-424e-b590-a1d0b68ce348",
              "isHook": false,
              "skipped": false
            },
            {
              "title": "Verify it is possible to edit the Customer - Staff credentials",
              "fullTitle": "Production - Beta Vendor Admin | Calendar | Create appointments by Clicking on the calendar| logged with Staff credentials Verify it is possible to edit the Customer - Staff credentials",
              "timedOut": null,
              "duration": 7861,
              "state": "passed",
              "speed": "medium",
              "pass": true,
              "fail": false,
              "pending": false,
              "context": null,
              "code": "searchApt('Zumba Zumba', '07:00');\ncy.contains('Edit Booking').should('be.visible');\ncy.contains('Edit Booking').click({\n  force: true\n});\ncy.contains('Edit Appointment').should('exist');\ncy.xpath(\"//h2[text()=\\\"Edit Appointment\\\"]/parent::div/following-sibling::div/div/div/div/div/button[text()=\\\"Change customer\\\"]\").should('be.visible');\ncy.xpath(\"//h2[text()=\\\"Edit Appointment\\\"]/parent::div/following-sibling::div/div/div/div/div/button[text()=\\\"Change customer\\\"]\").click();\ncy.wait(1000);",
              "err": {},
              "uuid": "5c23884c-479d-4118-9e9a-ed4135e7389f",
              "parentUUID": "8ac9924d-d2cf-424e-b590-a1d0b68ce348",
              "isHook": false,
              "skipped": false
            }
          ],
          "suites": [],
          "passes": [
            "b950a2ad-b0fe-43ad-81b2-1a7512fd4997",
            "404b9293-2c51-44e3-b091-ac8660acd21a",
            "a3950d82-b37e-4c65-be2d-96a4d21b540f",
            "d2b231b2-809c-404b-a9d3-bcb985ddde22",
            "b7ae0555-86a9-43c0-ade4-a80c6fedde23",
            "4312800e-b2ba-4809-81ea-865871051148",
            "5c23884c-479d-4118-9e9a-ed4135e7389f"
          ],
          "failures": [],
          "pending": [],
          "skipped": [],
          "duration": 84932,
          "root": false,
          "rootEmpty": false,
          "_timeout": 2000
        },
        {
          "uuid": "a3f6c0de-409b-47ec-aca9-a8de66418047",
          "title": "Production - Beta Vendor Admin | Calendar| Create appointments by Clicking on the calendar | logged with Read Only credentials",
          "fullFile": "",
          "file": "",
          "beforeHooks": [],
          "afterHooks": [],
          "tests": [
            {
              "title": "Verify it is not possible to create an appointment when loggeed with readonly creadentials  - Readonly credentials",
              "fullTitle": "Production - Beta Vendor Admin | Calendar| Create appointments by Clicking on the calendar | logged with Read Only credentials Verify it is not possible to create an appointment when loggeed with readonly creadentials  - Readonly credentials",
              "timedOut": null,
              "duration": 20272,
              "state": "passed",
              "speed": "slow",
              "pass": true,
              "fail": false,
              "pending": false,
              "context": null,
              "code": "searchTimeSlot('Naomi Naomi', '03:00');\ncy.contains('New Appointment').should('not.be.visible');\n// cy.xpath('//span[text()=\"Service\"]/parent::label/following-sibling::div/div/div/div/following-sibling::div/input').click().type('{downarrow}{enter}')\n// cy.intercept('POST', '/api/main/vendor/bookings/validate/slots').as('new-user')",
              "err": {},
              "uuid": "66d700e7-d2e1-4ad4-b2ea-352885ef23d1",
              "parentUUID": "a3f6c0de-409b-47ec-aca9-a8de66418047",
              "isHook": false,
              "skipped": false
            },
            {
              "title": "Verify it is not possible to create a new appointment for 1 service and 1 offer - Read Only credentials",
              "fullTitle": "Production - Beta Vendor Admin | Calendar| Create appointments by Clicking on the calendar | logged with Read Only credentials Verify it is not possible to create a new appointment for 1 service and 1 offer - Read Only credentials",
              "timedOut": null,
              "duration": 21742,
              "state": "passed",
              "speed": "slow",
              "pass": true,
              "fail": false,
              "pending": false,
              "context": null,
              "code": "searchTimeSlot('Naomi Naomi', '03:00');\n// cy.xpath('//span[text()=\"Service\"]/parent::label/following-sibling::div/div/div/div/following-sibling::div/input').click().type('{downarrow}{enter}')\ncy.get('.css-1u3or2w>*').eq(1).find('input').first().click().type('{downarrow}{enter}');\ncy.contains('Add New Item').should('exist');\ncy.contains('Add New Item').click();\ncy.contains('Add Offer').should('exist');\ncy.contains('Add Offer').click();\ncy.contains('div', 'Offer').should('exist');\ncy.xpath('//span[text()=\"Offer\"]/parent::label/following-sibling::div/div/div/div/following-sibling::div/input').click().type('{enter}');\ncy.get('.css-1u3or2w').eq(1).children('div').next('div').find('input').eq(1).click().type('nao{enter}');\ncy.get('.css-1u3or2w').eq(1).children('div').next('div').find('input').eq(2).click().type('{downarrow}{downarrow}{downarrow}{downarrow}{enter}');\ncy.intercept('POST', '/api/main/vendor/bookings/validate/slots').as('new-user');\ncy.contains('New Appointment').should('not.be.visible');",
              "err": {},
              "uuid": "cf6c9977-8ef0-42ca-ae74-5dea091725de",
              "parentUUID": "a3f6c0de-409b-47ec-aca9-a8de66418047",
              "isHook": false,
              "skipped": false
            }
          ],
          "suites": [],
          "passes": [
            "66d700e7-d2e1-4ad4-b2ea-352885ef23d1",
            "cf6c9977-8ef0-42ca-ae74-5dea091725de"
          ],
          "failures": [],
          "pending": [],
          "skipped": [],
          "duration": 42014,
          "root": false,
          "rootEmpty": false,
          "_timeout": 2000
        }
      ],
      "passes": [],
      "failures": [],
      "pending": [],
      "skipped": [],
      "duration": 0,
      "root": true,
      "rootEmpty": true,
      "_timeout": 2000
    }
  ],
  "meta": {
    "mocha": {
      "version": "7.0.1"
    },
    "mochawesome": {
      "options": {
        "quiet": false,
        "reportFilename": "mochawesome",
        "saveHtml": true,
        "saveJson": true,
        "consoleReporter": "spec",
        "useInlineDiffs": false,
        "code": true
      },
      "version": "7.1.3"
    },
    "marge": {
      "options": {
        "reportDir": "cypress/reports",
        "overwrite": false,
        "html": true,
        "json": true,
        "charts": true
      },
      "version": "6.2.0"
    }
  }
}