{
  "stats": {
    "suites": 1,
    "tests": 20,
    "passes": 19,
    "pending": 2,
    "failures": -1,
    "start": "2025-03-16T04:36:02.063Z",
    "end": "2025-03-16T04:42:17.489Z",
    "duration": 375426,
    "testsRegistered": 21,
    "passPercent": 100,
    "pendingPercent": 9.523809523809524,
    "other": 1,
    "hasOther": true,
    "skipped": 2,
    "hasSkipped": true
  },
  "results": [
    {
      "uuid": "89d8c98e-a11b-4600-894d-43b77bc84202",
      "title": "",
      "fullFile": "cypress\\e2e\\productionBetaVendor\\calendar\\bv-prod-newchck.cy.js",
      "file": "cypress\\e2e\\productionBetaVendor\\calendar\\bv-prod-newchck.cy.js",
      "beforeHooks": [],
      "afterHooks": [],
      "tests": [],
      "suites": [
        {
          "uuid": "cac075a8-d311-4fd2-b73c-e4c979d5deba",
          "title": "Production - Beta Vendor Admin | Calendar| New Checkout | logged with Admin Credentials",
          "fullFile": "",
          "file": "",
          "beforeHooks": [],
          "afterHooks": [],
          "tests": [
            {
              "title": "Verify it is not possible to complete New Checkout without adding item and payment - Admin credentials",
              "fullTitle": "Production - Beta Vendor Admin | Calendar| New Checkout | logged with Admin Credentials Verify it is not possible to complete New Checkout without adding item and payment - Admin credentials",
              "timedOut": null,
              "duration": 21276,
              "state": "passed",
              "speed": "slow",
              "pass": true,
              "fail": false,
              "pending": false,
              "context": null,
              "code": "cy.newCheckout(\"URL_BetaVendor_Production\");\n// cy.contains('div','Search customer..').should('be.visible')\n// cy.contains('button','Walk In').should('be.visible')\n// cy.contains('button','Walk In').click({force: true})\ncy.expectedMessageCompleteSale('Add at least one payment');",
              "err": {},
              "uuid": "6b29ea76-79da-4eff-8fa7-1efe15715efd",
              "parentUUID": "cac075a8-d311-4fd2-b73c-e4c979d5deba",
              "isHook": false,
              "skipped": false
            },
            {
              "title": "Verify it is not possible to complete New Checkout without adding payment - Admin credentials",
              "fullTitle": "Production - Beta Vendor Admin | Calendar| New Checkout | logged with Admin Credentials Verify it is not possible to complete New Checkout without adding payment - Admin credentials",
              "timedOut": null,
              "duration": 17359,
              "state": "passed",
              "speed": "slow",
              "pass": true,
              "fail": false,
              "pending": false,
              "context": null,
              "code": "cy.newCheckout(\"URL_BetaVendor_Production\");\n// cy.contains('div','Search customer..').should('be.visible')\n// cy.contains('button','Walk In').should('be.visible')\n// cy.contains('button','Walk In').click({force: true})\ncy.contains('button', 'Add New').should('be.visible');\ncy.contains('button', 'Add New').click({\n  force: true\n});\ncy.get('div[role=\"tablist\"]').find('button').eq(0).click({\n  force: true\n});\ncy.contains('label>span', 'search').parents('label').next('div').find('input').type('Hair Cut');\ncy.contains('div', 'Hair Cut').parents('li').find('button').click({\n  force: true\n});\ncy.get('div[role=\"presentation\"]').click({\n  force: true\n}).type('{esc}');\ncy.expectedMessageCompleteSale('Add at least one payment');",
              "err": {},
              "uuid": "92f7ea66-a109-4200-be66-4606f5cbc4ec",
              "parentUUID": "cac075a8-d311-4fd2-b73c-e4c979d5deba",
              "isHook": false,
              "skipped": false
            },
            {
              "title": "Verify it is not possible to complete New Checkout with the cart empty  - Admin credentials",
              "fullTitle": "Production - Beta Vendor Admin | Calendar| New Checkout | logged with Admin Credentials Verify it is not possible to complete New Checkout with the cart empty  - Admin credentials",
              "timedOut": null,
              "duration": 16252,
              "state": "passed",
              "speed": "slow",
              "pass": true,
              "fail": false,
              "pending": false,
              "context": null,
              "code": "cy.newCheckout(\"URL_BetaVendor_Production\");\n// cy.contains('div','Search customer..').should('be.visible')\n// cy.contains('button','Walk In').should('be.visible')\n// cy.contains('button','Walk In').click({force: true})\ncy.contains('h5', 'Amount to pay').parent('div').next('div').find('input').eq(0).type('0');\ncy.wait(10);\ncy.expectedMessageCompleteSale('Add at least one payment');\ncy.wait(10);",
              "err": {},
              "uuid": "5ddc7071-ae51-466d-99b8-02f0e9078d25",
              "parentUUID": "cac075a8-d311-4fd2-b73c-e4c979d5deba",
              "isHook": false,
              "skipped": false
            },
            {
              "title": "Verify it is not possible to complete New Checkout for a service linking it to an employee  - Admin credentials",
              "fullTitle": "Production - Beta Vendor Admin | Calendar| New Checkout | logged with Admin Credentials Verify it is not possible to complete New Checkout for a service linking it to an employee  - Admin credentials",
              "timedOut": null,
              "duration": 20219,
              "state": "passed",
              "speed": "slow",
              "pass": true,
              "fail": false,
              "pending": false,
              "context": null,
              "code": "cy.newCheckout(\"URL_BetaVendor_Production\");\n// cy.contains('div','Search customer..').should('be.visible')\n// cy.contains('button','Walk In').should('be.visible')\n// cy.contains('button','Walk In').click({force: true})\ncy.contains('button', 'Add New').should('be.visible');\ncy.contains('button', 'Add New').click({\n  force: true\n});\ncy.get('div[role=\"tablist\"]').find('button').eq(0).click({\n  force: true\n});\ncy.contains('label>span', 'search').parents('label').next('div').find('input').type('Hair Cut');\ncy.contains('div', 'Hair Cut').parents('li').find('button').click({\n  force: true\n});\ncy.get('div[role=\"presentation\"]').click({\n  force: true\n}).type('{esc}');\ncy.contains('h5', 'Amount to pay').parent('div').next('div').find('input').eq(0).type('0');\ncy.wait(10);\ncy.expectedMessageCompleteSale('Add at least one payment');\ncy.wait(10);",
              "err": {},
              "uuid": "555a5ab7-1119-45b7-b0b1-ba71bb1a5599",
              "parentUUID": "cac075a8-d311-4fd2-b73c-e4c979d5deba",
              "isHook": false,
              "skipped": false
            },
            {
              "title": "Verify it is not possible to complete New Checkout for a service linking it to an employee  - Admin credentials",
              "fullTitle": "Production - Beta Vendor Admin | Calendar| New Checkout | logged with Admin Credentials Verify it is not possible to complete New Checkout for a service linking it to an employee  - Admin credentials",
              "timedOut": null,
              "duration": 19054,
              "state": "passed",
              "speed": "slow",
              "pass": true,
              "fail": false,
              "pending": false,
              "context": null,
              "code": "cy.newCheckout(\"URL_BetaVendor_Production\");\n// cy.contains('div','Search customer..').should('be.visible')\n// cy.contains('button','Walk In').should('be.visible')\n// cy.contains('button','Walk In').click({force: true})\ncy.contains('button', 'Add New').should('be.visible');\ncy.contains('button', 'Add New').click({\n  force: true\n});\ncy.get('div[role=\"tablist\"]').find('button').eq(0).click({\n  force: true\n});\ncy.contains('label>span', 'search').parents('label').next('div').find('input').type('Hair Cut');\ncy.contains('div', 'Hair Cut').parents('li').find('button').click({\n  force: true\n});\ncy.get('div[role=\"presentation\"]').click({\n  force: true\n}).type('{esc}');\ncy.fillButton('Cash');\ncy.wait(10);\ncy.expectedMessageCompleteSale('Employee must be present');\ncy.wait(10);",
              "err": {},
              "uuid": "5491f367-c80a-4af8-baff-e045ed9cfb28",
              "parentUUID": "cac075a8-d311-4fd2-b73c-e4c979d5deba",
              "isHook": false,
              "skipped": false
            },
            {
              "title": "Verify that After clicking the Fill button for Debit, the Debit text field is populated with the correct balance - Admin credentials",
              "fullTitle": "Production - Beta Vendor Admin | Calendar| New Checkout | logged with Admin Credentials Verify that After clicking the Fill button for Debit, the Debit text field is populated with the correct balance - Admin credentials",
              "timedOut": null,
              "duration": 8836,
              "state": "passed",
              "speed": "medium",
              "pass": true,
              "fail": false,
              "pending": false,
              "context": null,
              "code": "cy.newCheckout(\"URL_BetaVendor_Production\");\ncy.addItemService('Hair Cut');\ncy.fillButton('Debit');",
              "err": {},
              "uuid": "859d0cc5-9990-4e2e-8f3c-dc22cb04535c",
              "parentUUID": "cac075a8-d311-4fd2-b73c-e4c979d5deba",
              "isHook": false,
              "skipped": false
            },
            {
              "title": "Verify that After clicking the Fill button for Credit, the Credit text field is populated with the correct balance - Admin credentials",
              "fullTitle": "Production - Beta Vendor Admin | Calendar| New Checkout | logged with Admin Credentials Verify that After clicking the Fill button for Credit, the Credit text field is populated with the correct balance - Admin credentials",
              "timedOut": null,
              "duration": 18975,
              "state": "passed",
              "speed": "slow",
              "pass": true,
              "fail": false,
              "pending": false,
              "context": null,
              "code": "cy.newCheckout(\"URL_BetaVendor_Production\");\ncy.addItemService('Hair Cut');\ncy.fillButton('Credit');",
              "err": {},
              "uuid": "0fdf18e3-ca96-419f-941b-3e68e7803c57",
              "parentUUID": "cac075a8-d311-4fd2-b73c-e4c979d5deba",
              "isHook": false,
              "skipped": false
            },
            {
              "title": "Verify that After clicking the Fill button for Cash, the Cash text field is populated with the correct balance - Admin credentials",
              "fullTitle": "Production - Beta Vendor Admin | Calendar| New Checkout | logged with Admin Credentials Verify that After clicking the Fill button for Cash, the Cash text field is populated with the correct balance - Admin credentials",
              "timedOut": null,
              "duration": 18211,
              "state": "passed",
              "speed": "slow",
              "pass": true,
              "fail": false,
              "pending": false,
              "context": null,
              "code": "cy.newCheckout(\"URL_BetaVendor_Production\");\ncy.addItemService('Hair Cut');\ncy.fillButton('Cash');",
              "err": {},
              "uuid": "503d66ed-5cfe-45e3-b6c8-74b35f29fd8b",
              "parentUUID": "cac075a8-d311-4fd2-b73c-e4c979d5deba",
              "isHook": false,
              "skipped": false
            },
            {
              "title": "Verify that After clicking the Fill button for Other, the Other text field is populated with the correct balance - Admin credentials",
              "fullTitle": "Production - Beta Vendor Admin | Calendar| New Checkout | logged with Admin Credentials Verify that After clicking the Fill button for Other, the Other text field is populated with the correct balance - Admin credentials",
              "timedOut": null,
              "duration": 19074,
              "state": "passed",
              "speed": "slow",
              "pass": true,
              "fail": false,
              "pending": false,
              "context": null,
              "code": "cy.newCheckout(\"URL_BetaVendor_Production\");\ncy.addItemService('Hair Cut');\ncy.fillButton('Other');",
              "err": {},
              "uuid": "458e40c9-3861-4704-bb90-e321e091753d",
              "parentUUID": "cac075a8-d311-4fd2-b73c-e4c979d5deba",
              "isHook": false,
              "skipped": false
            },
            {
              "title": "Verify the breakdown is correct after adding a service  - Admin credentials",
              "fullTitle": "Production - Beta Vendor Admin | Calendar| New Checkout | logged with Admin Credentials Verify the breakdown is correct after adding a service  - Admin credentials",
              "timedOut": null,
              "duration": 18945,
              "state": "passed",
              "speed": "slow",
              "pass": true,
              "fail": false,
              "pending": false,
              "context": null,
              "code": "cy.newCheckout(\"URL_BetaVendor_Production\");\ncy.addItemService('Hair Cut');\ncy.checkBreakdownNoDiscount('Hair Cut');",
              "err": {},
              "uuid": "ef971526-7f71-4e3c-959d-b5c1b25b1d32",
              "parentUUID": "cac075a8-d311-4fd2-b73c-e4c979d5deba",
              "isHook": false,
              "skipped": false
            },
            {
              "title": "Verify the breakdown is correct after applying a coupon to a service  - Admin credentials",
              "fullTitle": "Production - Beta Vendor Admin | Calendar| New Checkout | logged with Admin Credentials Verify the breakdown is correct after applying a coupon to a service  - Admin credentials",
              "timedOut": null,
              "duration": 0,
              "state": "pending",
              "speed": null,
              "pass": false,
              "fail": false,
              "pending": false,
              "context": null,
              "code": "cy.newCheckout(\"URL_BetaVendor_Production\");\ncy.addItemService('Hair Cut');\ncy.addCouponDiscount('Long Hair', '10');",
              "err": {},
              "uuid": "4d752fe4-39fb-4680-8d36-d93cf4c0eb0d",
              "parentUUID": "cac075a8-d311-4fd2-b73c-e4c979d5deba",
              "isHook": false,
              "skipped": true
            },
            {
              "title": "Verify the breakdown is correct after applying a fixed discount to a service  - Admin credentials",
              "fullTitle": "Production - Beta Vendor Admin | Calendar| New Checkout | logged with Admin Credentials Verify the breakdown is correct after applying a fixed discount to a service  - Admin credentials",
              "timedOut": null,
              "duration": 19904,
              "state": "passed",
              "speed": "slow",
              "pass": true,
              "fail": false,
              "pending": false,
              "context": null,
              "code": "cy.newCheckout(\"URL_BetaVendor_Production\");\ncy.addItemService('Long Hair');\ncy.addFixedDiscount('Long Hair', '1');",
              "err": {},
              "uuid": "31d94b5a-81ac-469f-bf9b-9ba3c837bd4c",
              "parentUUID": "cac075a8-d311-4fd2-b73c-e4c979d5deba",
              "isHook": false,
              "skipped": false
            },
            {
              "title": "Verify the breakdown is correct after applying a percentage discount to a service  - Admin credentials",
              "fullTitle": "Production - Beta Vendor Admin | Calendar| New Checkout | logged with Admin Credentials Verify the breakdown is correct after applying a percentage discount to a service  - Admin credentials",
              "timedOut": null,
              "duration": 19915,
              "state": "passed",
              "speed": "slow",
              "pass": true,
              "fail": false,
              "pending": false,
              "context": null,
              "code": "cy.newCheckout(\"URL_BetaVendor_Production\");\ncy.addItemService('Hair Cut');\ncy.addPercentageDiscount('Hair Cut', '20');",
              "err": {},
              "uuid": "a8de592d-f19d-4760-b84d-73fccc0a3dfd",
              "parentUUID": "cac075a8-d311-4fd2-b73c-e4c979d5deba",
              "isHook": false,
              "skipped": false
            },
            {
              "title": "Verify it is not possible to apply a fixed discount greather than the service price - Admin credentials",
              "fullTitle": "Production - Beta Vendor Admin | Calendar| New Checkout | logged with Admin Credentials Verify it is not possible to apply a fixed discount greather than the service price - Admin credentials",
              "timedOut": null,
              "duration": 19156,
              "state": "passed",
              "speed": "slow",
              "pass": true,
              "fail": false,
              "pending": false,
              "context": null,
              "code": "cy.newCheckout(\"URL_BetaVendor_Production\");\ncy.addItemService('Long Hair');\ncy.addFixedDiscount('Long Hair', '20');",
              "err": {},
              "uuid": "eda3203e-e3a4-44f9-b1dc-acd08b882f33",
              "parentUUID": "cac075a8-d311-4fd2-b73c-e4c979d5deba",
              "isHook": false,
              "skipped": false
            },
            {
              "title": "Verify it is not possible to apply a fixed discount when leaving the discount empty - Admin credentials",
              "fullTitle": "Production - Beta Vendor Admin | Calendar| New Checkout | logged with Admin Credentials Verify it is not possible to apply a fixed discount when leaving the discount empty - Admin credentials",
              "timedOut": null,
              "duration": 18820,
              "state": "passed",
              "speed": "slow",
              "pass": true,
              "fail": false,
              "pending": false,
              "context": null,
              "code": "cy.newCheckout(\"URL_BetaVendor_Production\");\ncy.addItemService('Long Hair');\ncy.addEmptyDiscount('Fixed');",
              "err": {},
              "uuid": "e656d166-5e76-4710-9574-d39a6e0a478b",
              "parentUUID": "cac075a8-d311-4fd2-b73c-e4c979d5deba",
              "isHook": false,
              "skipped": false
            },
            {
              "title": "Verify it is not possible to apply a Percentage discount when leaving the discount empty - Admin credentials",
              "fullTitle": "Production - Beta Vendor Admin | Calendar| New Checkout | logged with Admin Credentials Verify it is not possible to apply a Percentage discount when leaving the discount empty - Admin credentials",
              "timedOut": null,
              "duration": 19167,
              "state": "passed",
              "speed": "slow",
              "pass": true,
              "fail": false,
              "pending": false,
              "context": null,
              "code": "cy.newCheckout(\"URL_BetaVendor_Production\");\ncy.addItemService('Long Hair');\ncy.addEmptyDiscount('Percentage');",
              "err": {},
              "uuid": "07e16d0e-1a99-4d6e-aa84-ee3a816a3563",
              "parentUUID": "cac075a8-d311-4fd2-b73c-e4c979d5deba",
              "isHook": false,
              "skipped": false
            },
            {
              "title": "Verify it is not possible to apply a Coupon discount when leaving the discount empty - Admin credentials",
              "fullTitle": "Production - Beta Vendor Admin | Calendar| New Checkout | logged with Admin Credentials Verify it is not possible to apply a Coupon discount when leaving the discount empty - Admin credentials",
              "timedOut": null,
              "duration": 20299,
              "state": "passed",
              "speed": "slow",
              "pass": true,
              "fail": false,
              "pending": false,
              "context": null,
              "code": "cy.newCheckout(\"URL_BetaVendor_Production\");\ncy.addItemService('Long Hair');\ncy.addEmptyDiscount('Coupon');",
              "err": {},
              "uuid": "5671c1d3-802f-49a4-b668-0498dd900d98",
              "parentUUID": "cac075a8-d311-4fd2-b73c-e4c979d5deba",
              "isHook": false,
              "skipped": false
            },
            {
              "title": "Verify that it is possible to remove a service from the cart after confirming do you want to delete it - Admin credentials",
              "fullTitle": "Production - Beta Vendor Admin | Calendar| New Checkout | logged with Admin Credentials Verify that it is possible to remove a service from the cart after confirming do you want to delete it - Admin credentials",
              "timedOut": null,
              "duration": 20046,
              "state": "passed",
              "speed": "slow",
              "pass": true,
              "fail": false,
              "pending": false,
              "context": null,
              "code": "cy.newCheckout(\"URL_BetaVendor_Production\");\ncy.addItemService('Long Hair');\ncy.removeService('Long Hair', 'Yes');",
              "err": {},
              "uuid": "e2dd8ac1-2326-4f83-aa7e-3d6dd3c70370",
              "parentUUID": "cac075a8-d311-4fd2-b73c-e4c979d5deba",
              "isHook": false,
              "skipped": false
            },
            {
              "title": "Verify that it is not possible to remove a service from the cart after canceling do you want to delete it - Admin credentials",
              "fullTitle": "Production - Beta Vendor Admin | Calendar| New Checkout | logged with Admin Credentials Verify that it is not possible to remove a service from the cart after canceling do you want to delete it - Admin credentials",
              "timedOut": null,
              "duration": 19178,
              "state": "passed",
              "speed": "slow",
              "pass": true,
              "fail": false,
              "pending": false,
              "context": null,
              "code": "cy.newCheckout(\"URL_BetaVendor_Production\");\ncy.addItemService('Long Hair');\ncy.removeService('Long Hair', 'Cancel');",
              "err": {},
              "uuid": "ece05d0a-e28b-4be3-8136-cac86b0289b3",
              "parentUUID": "cac075a8-d311-4fd2-b73c-e4c979d5deba",
              "isHook": false,
              "skipped": false
            },
            {
              "title": "Verify it is possible to add new service after removing one leaving the cart empty - Admin credentials",
              "fullTitle": "Production - Beta Vendor Admin | Calendar| New Checkout | logged with Admin Credentials Verify it is possible to add new service after removing one leaving the cart empty - Admin credentials",
              "timedOut": null,
              "duration": 8113,
              "state": "passed",
              "speed": "medium",
              "pass": true,
              "fail": false,
              "pending": false,
              "context": null,
              "code": "cy.newCheckout(\"URL_BetaVendor_Production\");\ncy.addItemService('Long Hair');\ncy.removeService('Long Hair', 'Yes');\ncy.addItemService('Hair Cut');",
              "err": {},
              "uuid": "9caff878-2a68-49b5-a3e0-477cab553654",
              "parentUUID": "cac075a8-d311-4fd2-b73c-e4c979d5deba",
              "isHook": false,
              "skipped": false
            },
            {
              "title": "Verify the Gift card must be the only item in the cart - Admin credentials",
              "fullTitle": "Production - Beta Vendor Admin | Calendar| New Checkout | logged with Admin Credentials Verify the Gift card must be the only item in the cart - Admin credentials",
              "timedOut": null,
              "duration": 0,
              "state": "pending",
              "speed": null,
              "pass": false,
              "fail": false,
              "pending": false,
              "context": null,
              "code": "cy.newCheckout(\"URL_BetaVendor_Production\");\ncy.addItemService('Long Hair');\ncy.addEmptyDiscount('Coupon');",
              "err": {},
              "uuid": "47829273-8ffc-48d8-890d-fd8903d781f2",
              "parentUUID": "cac075a8-d311-4fd2-b73c-e4c979d5deba",
              "isHook": false,
              "skipped": true
            }
          ],
          "suites": [],
          "passes": [
            "6b29ea76-79da-4eff-8fa7-1efe15715efd",
            "92f7ea66-a109-4200-be66-4606f5cbc4ec",
            "5ddc7071-ae51-466d-99b8-02f0e9078d25",
            "555a5ab7-1119-45b7-b0b1-ba71bb1a5599",
            "5491f367-c80a-4af8-baff-e045ed9cfb28",
            "859d0cc5-9990-4e2e-8f3c-dc22cb04535c",
            "0fdf18e3-ca96-419f-941b-3e68e7803c57",
            "503d66ed-5cfe-45e3-b6c8-74b35f29fd8b",
            "458e40c9-3861-4704-bb90-e321e091753d",
            "ef971526-7f71-4e3c-959d-b5c1b25b1d32",
            "31d94b5a-81ac-469f-bf9b-9ba3c837bd4c",
            "a8de592d-f19d-4760-b84d-73fccc0a3dfd",
            "eda3203e-e3a4-44f9-b1dc-acd08b882f33",
            "e656d166-5e76-4710-9574-d39a6e0a478b",
            "07e16d0e-1a99-4d6e-aa84-ee3a816a3563",
            "5671c1d3-802f-49a4-b668-0498dd900d98",
            "e2dd8ac1-2326-4f83-aa7e-3d6dd3c70370",
            "ece05d0a-e28b-4be3-8136-cac86b0289b3",
            "9caff878-2a68-49b5-a3e0-477cab553654"
          ],
          "failures": [],
          "pending": [],
          "skipped": [
            "4d752fe4-39fb-4680-8d36-d93cf4c0eb0d",
            "47829273-8ffc-48d8-890d-fd8903d781f2"
          ],
          "duration": 342799,
          "root": false,
          "rootEmpty": false,
          "_timeout": 2000
        }
      ],
      "passes": [],
      "failures": [],
      "pending": [],
      "skipped": [],
      "duration": 0,
      "root": true,
      "rootEmpty": true,
      "_timeout": 2000
    }
  ],
  "meta": {
    "mocha": {
      "version": "7.0.1"
    },
    "mochawesome": {
      "options": {
        "quiet": false,
        "reportFilename": "mochawesome",
        "saveHtml": true,
        "saveJson": true,
        "consoleReporter": "spec",
        "useInlineDiffs": false,
        "code": true
      },
      "version": "7.1.3"
    },
    "marge": {
      "options": {
        "reportDir": "cypress/reports",
        "overwrite": false,
        "html": true,
        "json": true,
        "charts": true
      },
      "version": "6.2.0"
    }
  }
}