{
  "stats": {
    "suites": 4,
    "tests": 25,
    "passes": 25,
    "pending": 0,
    "failures": 0,
    "start": "2025-03-17T09:20:53.611Z",
    "end": "2025-03-17T09:27:53.163Z",
    "duration": 419552,
    "testsRegistered": 25,
    "passPercent": 100,
    "pendingPercent": 0,
    "other": 0,
    "hasOther": false,
    "skipped": 0,
    "hasSkipped": false
  },
  "results": [
    {
      "uuid": "05612d0b-1350-422d-823d-6ce19fc6cdb9",
      "title": "",
      "fullFile": "cypress\\e2e\\productionBetaVendor\\calendar\\bv-prod-blcktime.cy.js",
      "file": "cypress\\e2e\\productionBetaVendor\\calendar\\bv-prod-blcktime.cy.js",
      "beforeHooks": [],
      "afterHooks": [],
      "tests": [],
      "suites": [
        {
          "uuid": "a37c505b-86d7-4237-b7a0-3d827b8f109b",
          "title": "Production - Beta Vendor Admin | Calendar| Create Blocktime on the Calendar | logged with Admin Credentials",
          "fullFile": "",
          "file": "",
          "beforeHooks": [],
          "afterHooks": [],
          "tests": [
            {
              "title": "Verify Start time is required to create a blocktime on the Calendar  - Admin credentials",
              "fullTitle": "Production - Beta Vendor Admin | Calendar| Create Blocktime on the Calendar | logged with Admin Credentials Verify Start time is required to create a blocktime on the Calendar  - Admin credentials",
              "timedOut": null,
              "duration": 20479,
              "state": "passed",
              "speed": "slow",
              "pass": true,
              "fail": false,
              "pending": false,
              "context": null,
              "code": "newBlockTime();\ncy.contains('div', 'Choose a staff').next('div').find('input').should('be.visible');\ncy.contains('div', 'Choose a staff').next('div').find('input').click().type('Helen {enter}');\ncy.contains('button', 'Submit').click({\n  force: true\n});\ncy.contains('div>span', 'Start time cannot be empty').should('be.visible');",
              "err": {},
              "uuid": "8569f06b-8e62-4156-a241-b25d0ea0e4e0",
              "parentUUID": "a37c505b-86d7-4237-b7a0-3d827b8f109b",
              "isHook": false,
              "skipped": false
            },
            {
              "title": "Verify End time is required to create a blocktime on the Calendar  - Admin credentials",
              "fullTitle": "Production - Beta Vendor Admin | Calendar| Create Blocktime on the Calendar | logged with Admin Credentials Verify End time is required to create a blocktime on the Calendar  - Admin credentials",
              "timedOut": null,
              "duration": 16491,
              "state": "passed",
              "speed": "slow",
              "pass": true,
              "fail": false,
              "pending": false,
              "context": null,
              "code": "newBlockTime();\ncy.contains('div', 'Choose a staff').next('div').find('input').should('be.visible');\ncy.contains('div', 'Choose a staff').next('div').find('input').click().type('Helen {enter}');\ncy.contains('span', 'Start Time').parent().next('div').find('input').should('be.visible');\ncy.contains('span', 'Start Time').parent().next('div').find('input').type('{enter}{enter}');\ncy.contains('button', 'Submit').click({\n  force: true\n});\ncy.contains('div>span', 'End time cannot be empty').should('be.visible');",
              "err": {},
              "uuid": "382806e4-2863-4c9a-8673-3c5486c3ff4a",
              "parentUUID": "a37c505b-86d7-4237-b7a0-3d827b8f109b",
              "isHook": false,
              "skipped": false
            },
            {
              "title": "Verify Start time and End time cannot be the same time when creating a blocktime on the Calendar  - Admin credentials",
              "fullTitle": "Production - Beta Vendor Admin | Calendar| Create Blocktime on the Calendar | logged with Admin Credentials Verify Start time and End time cannot be the same time when creating a blocktime on the Calendar  - Admin credentials",
              "timedOut": null,
              "duration": 17709,
              "state": "passed",
              "speed": "slow",
              "pass": true,
              "fail": false,
              "pending": false,
              "context": null,
              "code": "newBlockTime();\ncy.contains('div', 'Choose a staff').next('div').find('input').should('be.visible');\ncy.contains('div', 'Choose a staff').next('div').find('input').click().type('Helen {enter}');\ncy.contains('span', 'Start Time').parent().next('div').find('input').should('be.visible');\ncy.contains('span', 'Start Time').parent().next('div').find('input').type('03:00{enter}');\ncy.contains('span', 'End Time').parent().next('div').find('input').should('be.visible');\ncy.contains('span', 'End Time').parent().next('div').find('input').type('03:00{enter}');\ncy.contains('button', 'Submit').click({\n  force: true\n});\ncy.contains('div>span', 'Blocked times start and end time are invalid').should('be.visible');",
              "err": {},
              "uuid": "d2255bd4-470d-4c88-b7b4-2c7a883a69d1",
              "parentUUID": "a37c505b-86d7-4237-b7a0-3d827b8f109b",
              "isHook": false,
              "skipped": false
            },
            {
              "title": "Verify it is possible to create a blocktime on the Calendar by filling up the required fields - Admin credentials",
              "fullTitle": "Production - Beta Vendor Admin | Calendar| Create Blocktime on the Calendar | logged with Admin Credentials Verify it is possible to create a blocktime on the Calendar by filling up the required fields - Admin credentials",
              "timedOut": null,
              "duration": 17889,
              "state": "passed",
              "speed": "slow",
              "pass": true,
              "fail": false,
              "pending": false,
              "context": null,
              "code": "newBlockTime();\ncy.contains('div', 'Choose a staff').next('div').find('input').should('be.visible');\ncy.contains('div', 'Choose a staff').next('div').find('input').click().type('Helen {enter}');\ncy.contains('span', 'Start Time').parent().next('div').find('input').should('be.visible');\ncy.contains('span', 'Start Time').parent().next('div').find('input').type('01:00{enter}');\ncy.contains('span', 'End Time').parent().next('div').find('input').should('be.visible');\ncy.contains('span', 'End Time').parent().next('div').find('input').type('03:00{enter}');\ncy.contains('button', 'Submit').click({\n  force: true\n});\ncy.contains('div>span', 'Blocked Time Created').should('be.visible');",
              "err": {},
              "uuid": "2f77c435-cce1-401a-a62a-4625c3d809e1",
              "parentUUID": "a37c505b-86d7-4237-b7a0-3d827b8f109b",
              "isHook": false,
              "skipped": false
            },
            {
              "title": "Verify it is possible to edit staff on a blocktime from the Calendar - Admin credentials",
              "fullTitle": "Production - Beta Vendor Admin | Calendar| Create Blocktime on the Calendar | logged with Admin Credentials Verify it is possible to edit staff on a blocktime from the Calendar - Admin credentials",
              "timedOut": null,
              "duration": 15537,
              "state": "passed",
              "speed": "slow",
              "pass": true,
              "fail": false,
              "pending": false,
              "context": null,
              "code": "cy.visit(Cypress.env(\"URL_BetaVendor_Production\") + 'admin/calendar');\ncy.contains('span', 'Blocked Time for').next('span', 'Helen').click({\n  force: true\n});\ncy.contains('div', 'Choose a staff').next('div').find('input').should('be.visible');\ncy.contains('div', 'Choose a staff').next('div').find('input').click().type('Set {enter}');\ncy.contains('button', 'Update').click({\n  force: true\n});\ncy.contains('div>span', 'Employee Blocktime updated successfully').should('be.visible');",
              "err": {},
              "uuid": "65d39725-f4d0-479b-8f7f-fdc150eb3cea",
              "parentUUID": "a37c505b-86d7-4237-b7a0-3d827b8f109b",
              "isHook": false,
              "skipped": false
            },
            {
              "title": "Verify it is possible to edit Start time on a blocktime from the Calendar - Admin credentials",
              "fullTitle": "Production - Beta Vendor Admin | Calendar| Create Blocktime on the Calendar | logged with Admin Credentials Verify it is possible to edit Start time on a blocktime from the Calendar - Admin credentials",
              "timedOut": null,
              "duration": 16382,
              "state": "passed",
              "speed": "slow",
              "pass": true,
              "fail": false,
              "pending": false,
              "context": null,
              "code": "cy.visit(Cypress.env(\"URL_BetaVendor_Production\") + 'admin/calendar');\ncy.contains('span', 'Blocked Time for').next('span', 'Helen').click({\n  force: true\n});\ncy.contains('span', 'Start Time').parent().next('div').find('input').should('be.visible');\ncy.contains('span', 'Start Time').parent().next('div').find('input').type('{downarrow}{downarrow}{downarrow}{downarrow}{enter}');\ncy.contains('span', 'End Time').parent().next('div').find('input').should('be.visible');\ncy.contains('span', 'End Time').parent().next('div').find('input').type('{downarrow}{downarrow}{downarrow}{downarrow}{downarrow}{downarrow}{downarrow}{downarrow}{enter}');\ncy.wait(1000);\ncy.contains('button', 'Update').click({\n  force: true\n});\ncy.contains('div>span', 'Employee Blocktime updated successfully').should('be.visible');",
              "err": {},
              "uuid": "ed092f6b-93de-49df-b10b-3b999c1368ce",
              "parentUUID": "a37c505b-86d7-4237-b7a0-3d827b8f109b",
              "isHook": false,
              "skipped": false
            },
            {
              "title": "Verify it is possible to edit End time on a blocktime from the Calendar - Admin credentials",
              "fullTitle": "Production - Beta Vendor Admin | Calendar| Create Blocktime on the Calendar | logged with Admin Credentials Verify it is possible to edit End time on a blocktime from the Calendar - Admin credentials",
              "timedOut": null,
              "duration": 16334,
              "state": "passed",
              "speed": "slow",
              "pass": true,
              "fail": false,
              "pending": false,
              "context": null,
              "code": "cy.visit(Cypress.env(\"URL_BetaVendor_Production\") + 'admin/calendar');\ncy.contains('span', 'Blocked Time for').next('span', 'Helen').click({\n  force: true\n});\ncy.contains('span', 'End Time').parent().next('div').find('input').should('be.visible');\ncy.contains('span', 'End Time').parent().next('div').find('input').type('{downarrow}{downarrow}{downarrow}{downarrow}{enter}');\ncy.wait(1000);\ncy.contains('button', 'Update').click({\n  force: true\n});\ncy.contains('div>span', 'Employee Blocktime updated successfully').should('be.visible');",
              "err": {},
              "uuid": "8db7f4f4-24f9-4049-9395-17fc80306daa",
              "parentUUID": "a37c505b-86d7-4237-b7a0-3d827b8f109b",
              "isHook": false,
              "skipped": false
            },
            {
              "title": "Verify it is possible to delete a blocktime from the Calendar - Admin credentials",
              "fullTitle": "Production - Beta Vendor Admin | Calendar| Create Blocktime on the Calendar | logged with Admin Credentials Verify it is possible to delete a blocktime from the Calendar - Admin credentials",
              "timedOut": null,
              "duration": 14332,
              "state": "passed",
              "speed": "slow",
              "pass": true,
              "fail": false,
              "pending": false,
              "context": null,
              "code": "cy.visit(Cypress.env(\"URL_BetaVendor_Production\") + 'admin/calendar');\ncy.contains('span', 'Blocked Time for').next('span', 'Helen').click({\n  force: true\n});\ncy.contains('button', 'Delete').click({\n  force: true\n});\ncy.contains('div>span', 'Employee Blocktime deleted successfully').should('be.visible');",
              "err": {},
              "uuid": "6286ddcb-9133-40c7-b151-d1ed0929416f",
              "parentUUID": "a37c505b-86d7-4237-b7a0-3d827b8f109b",
              "isHook": false,
              "skipped": false
            }
          ],
          "suites": [],
          "passes": [
            "8569f06b-8e62-4156-a241-b25d0ea0e4e0",
            "382806e4-2863-4c9a-8673-3c5486c3ff4a",
            "d2255bd4-470d-4c88-b7b4-2c7a883a69d1",
            "2f77c435-cce1-401a-a62a-4625c3d809e1",
            "65d39725-f4d0-479b-8f7f-fdc150eb3cea",
            "ed092f6b-93de-49df-b10b-3b999c1368ce",
            "8db7f4f4-24f9-4049-9395-17fc80306daa",
            "6286ddcb-9133-40c7-b151-d1ed0929416f"
          ],
          "failures": [],
          "pending": [],
          "skipped": [],
          "duration": 135153,
          "root": false,
          "rootEmpty": false,
          "_timeout": 2000
        },
        {
          "uuid": "8a44413b-f882-40ec-bb15-7436b8196c2d",
          "title": "Production - Beta Vendor Admin | Calendar| Create Blocktime on the Calendar | logged with Staff Credentials",
          "fullFile": "",
          "file": "",
          "beforeHooks": [],
          "afterHooks": [],
          "tests": [
            {
              "title": "Verify Start time is required to create a blocktime on the Calendar  - Staff credentials",
              "fullTitle": "Production - Beta Vendor Admin | Calendar| Create Blocktime on the Calendar | logged with Staff Credentials Verify Start time is required to create a blocktime on the Calendar  - Staff credentials",
              "timedOut": null,
              "duration": 15928,
              "state": "passed",
              "speed": "slow",
              "pass": true,
              "fail": false,
              "pending": false,
              "context": null,
              "code": "newBlockTime();\ncy.contains('div', 'Choose a staff').next('div').find('input').should('be.visible');\ncy.contains('div', 'Choose a staff').next('div').find('input').click().type('Zumba Zumba{enter}');\ncy.contains('button', 'Submit').click({\n  force: true\n});\ncy.contains('div>span', 'Start time cannot be empty').should('be.visible');",
              "err": {},
              "uuid": "65d4c20a-ff4e-48ac-9de8-2fc48feeff33",
              "parentUUID": "8a44413b-f882-40ec-bb15-7436b8196c2d",
              "isHook": false,
              "skipped": false
            },
            {
              "title": "Verify End time is required to create a blocktime on the Calendar  - Staff credentials",
              "fullTitle": "Production - Beta Vendor Admin | Calendar| Create Blocktime on the Calendar | logged with Staff Credentials Verify End time is required to create a blocktime on the Calendar  - Staff credentials",
              "timedOut": null,
              "duration": 15140,
              "state": "passed",
              "speed": "slow",
              "pass": true,
              "fail": false,
              "pending": false,
              "context": null,
              "code": "newBlockTime();\ncy.contains('div', 'Choose a staff').next('div').find('input').should('be.visible');\ncy.contains('div', 'Choose a staff').next('div').find('input').click().type('Zumba Zumba{enter}');\ncy.contains('span', 'Start Time').parent().next('div').find('input').should('be.visible');\ncy.contains('span', 'Start Time').parent().next('div').find('input').type('{enter}{enter}');\ncy.contains('button', 'Submit').click({\n  force: true\n});\ncy.contains('div>span', 'End time cannot be empty').should('be.visible');",
              "err": {},
              "uuid": "f09ab902-cf1a-4708-b331-4ccd56aac1c4",
              "parentUUID": "8a44413b-f882-40ec-bb15-7436b8196c2d",
              "isHook": false,
              "skipped": false
            },
            {
              "title": "Verify Start time and End time cannot be the same time when creating a blocktime on the Calendar  - Staff credentials",
              "fullTitle": "Production - Beta Vendor Admin | Calendar| Create Blocktime on the Calendar | logged with Staff Credentials Verify Start time and End time cannot be the same time when creating a blocktime on the Calendar  - Staff credentials",
              "timedOut": null,
              "duration": 16032,
              "state": "passed",
              "speed": "slow",
              "pass": true,
              "fail": false,
              "pending": false,
              "context": null,
              "code": "newBlockTime();\ncy.contains('div', 'Choose a staff').next('div').find('input').should('be.visible');\ncy.contains('div', 'Choose a staff').next('div').find('input').click().type('Zumba Zumba{enter}');\ncy.contains('span', 'Start Time').parent().next('div').find('input').should('be.visible');\ncy.contains('span', 'Start Time').parent().next('div').find('input').type('03:00{enter}');\ncy.contains('span', 'End Time').parent().next('div').find('input').should('be.visible');\ncy.contains('span', 'End Time').parent().next('div').find('input').type('03:00{enter}');\ncy.contains('button', 'Submit').click({\n  force: true\n});\ncy.contains('div>span', 'Blocked times start and end time are invalid').should('be.visible');",
              "err": {},
              "uuid": "de56751b-5992-4408-bed8-4808141fb313",
              "parentUUID": "8a44413b-f882-40ec-bb15-7436b8196c2d",
              "isHook": false,
              "skipped": false
            },
            {
              "title": "Verify it is possible to create a blocktime on the Calendar by filling up the required fields - Staff credentials",
              "fullTitle": "Production - Beta Vendor Admin | Calendar| Create Blocktime on the Calendar | logged with Staff Credentials Verify it is possible to create a blocktime on the Calendar by filling up the required fields - Staff credentials",
              "timedOut": null,
              "duration": 16281,
              "state": "passed",
              "speed": "slow",
              "pass": true,
              "fail": false,
              "pending": false,
              "context": null,
              "code": "newBlockTime();\ncy.contains('div', 'Choose a staff').next('div').find('input').should('be.visible');\ncy.contains('div', 'Choose a staff').next('div').find('input').click().type('Zumba Zumba{enter}');\ncy.contains('span', 'Start Time').parent().next('div').find('input').should('be.visible');\ncy.contains('span', 'Start Time').parent().next('div').find('input').type('01:00{enter}');\ncy.contains('span', 'End Time').parent().next('div').find('input').should('be.visible');\ncy.contains('span', 'End Time').parent().next('div').find('input').type('03:00{enter}');\ncy.contains('button', 'Submit').click({\n  force: true\n});\ncy.contains('div>span', 'Blocked Time Created').should('be.visible');",
              "err": {},
              "uuid": "0fe31d94-6699-4de3-8b2b-fd310c49baec",
              "parentUUID": "8a44413b-f882-40ec-bb15-7436b8196c2d",
              "isHook": false,
              "skipped": false
            },
            {
              "title": "Verify it is possible to edit staff on a blocktime from the Calendar - Staff credentials",
              "fullTitle": "Production - Beta Vendor Admin | Calendar| Create Blocktime on the Calendar | logged with Staff Credentials Verify it is possible to edit staff on a blocktime from the Calendar - Staff credentials",
              "timedOut": null,
              "duration": 15060,
              "state": "passed",
              "speed": "slow",
              "pass": true,
              "fail": false,
              "pending": false,
              "context": null,
              "code": "cy.visit(Cypress.env(\"URL_BetaVendor_Production\") + 'admin/calendar');\ncy.contains('span', 'Blocked Time for').next('span', 'Zumba Zumba').click({\n  force: true\n});\ncy.contains('div', 'Choose a staff').next('div').find('input').should('be.visible');\ncy.contains('div', 'Choose a staff').next('div').find('input').click().type('Set {enter}');\ncy.contains('button', 'Update').click({\n  force: true\n});\ncy.contains('div>span', 'Employee Blocktime updated successfully').should('be.visible');",
              "err": {},
              "uuid": "ef4fa2e9-e2d3-47d2-8fe9-8ff10f408efd",
              "parentUUID": "8a44413b-f882-40ec-bb15-7436b8196c2d",
              "isHook": false,
              "skipped": false
            },
            {
              "title": "Verify it is possible to edit Start time on a blocktime from the Calendar - Staff credentials",
              "fullTitle": "Production - Beta Vendor Admin | Calendar| Create Blocktime on the Calendar | logged with Staff Credentials Verify it is possible to edit Start time on a blocktime from the Calendar - Staff credentials",
              "timedOut": null,
              "duration": 16609,
              "state": "passed",
              "speed": "slow",
              "pass": true,
              "fail": false,
              "pending": false,
              "context": null,
              "code": "cy.visit(Cypress.env(\"URL_BetaVendor_Production\") + 'admin/calendar');\ncy.contains('span', 'Blocked Time for').next('span', 'Zumba Zumba').click({\n  force: true\n});\ncy.contains('span', 'Start Time').parent().next('div').find('input').should('be.visible');\ncy.contains('span', 'Start Time').parent().next('div').find('input').type('{downarrow}{downarrow}{downarrow}{downarrow}{enter}');\ncy.contains('span', 'End Time').parent().next('div').find('input').should('be.visible');\ncy.contains('span', 'End Time').parent().next('div').find('input').type('{downarrow}{downarrow}{downarrow}{downarrow}{downarrow}{downarrow}{downarrow}{downarrow}{enter}');\ncy.wait(1000);\ncy.contains('button', 'Update').click({\n  force: true\n});\ncy.contains('div>span', 'Employee Blocktime updated successfully').should('be.visible');",
              "err": {},
              "uuid": "14572de8-2972-428d-a78c-ad9baa3de0f9",
              "parentUUID": "8a44413b-f882-40ec-bb15-7436b8196c2d",
              "isHook": false,
              "skipped": false
            },
            {
              "title": "Verify it is possible to edit End time on a blocktime from the Calendar - Staff credentials",
              "fullTitle": "Production - Beta Vendor Admin | Calendar| Create Blocktime on the Calendar | logged with Staff Credentials Verify it is possible to edit End time on a blocktime from the Calendar - Staff credentials",
              "timedOut": null,
              "duration": 15979,
              "state": "passed",
              "speed": "slow",
              "pass": true,
              "fail": false,
              "pending": false,
              "context": null,
              "code": "cy.visit(Cypress.env(\"URL_BetaVendor_Production\") + 'admin/calendar');\ncy.contains('span', 'Blocked Time for').next('span', 'Zumba Zumba').click({\n  force: true\n});\ncy.contains('span', 'End Time').parent().next('div').find('input').should('be.visible');\ncy.contains('span', 'End Time').parent().next('div').find('input').type('{downarrow}{downarrow}{downarrow}{downarrow}{enter}');\ncy.wait(1000);\ncy.contains('button', 'Update').click({\n  force: true\n});\ncy.contains('div>span', 'Employee Blocktime updated successfully').should('be.visible');",
              "err": {},
              "uuid": "45ac156c-6441-4778-98f2-9d682b82ba81",
              "parentUUID": "8a44413b-f882-40ec-bb15-7436b8196c2d",
              "isHook": false,
              "skipped": false
            },
            {
              "title": "Verify it is possible to delete a blocktime from the Calendar - Staff credentials",
              "fullTitle": "Production - Beta Vendor Admin | Calendar| Create Blocktime on the Calendar | logged with Staff Credentials Verify it is possible to delete a blocktime from the Calendar - Staff credentials",
              "timedOut": null,
              "duration": 14540,
              "state": "passed",
              "speed": "slow",
              "pass": true,
              "fail": false,
              "pending": false,
              "context": null,
              "code": "cy.visit(Cypress.env(\"URL_BetaVendor_Production\") + 'admin/calendar');\ncy.contains('span', 'Blocked Time for').next('span', 'Zumba Zumba').click({\n  force: true\n});\ncy.contains('button', 'Delete').click({\n  force: true\n});\ncy.contains('div>span', 'Employee Blocktime deleted successfully').should('be.visible');",
              "err": {},
              "uuid": "ecbd200d-92ef-4ffb-985b-7de068f79e4c",
              "parentUUID": "8a44413b-f882-40ec-bb15-7436b8196c2d",
              "isHook": false,
              "skipped": false
            }
          ],
          "suites": [],
          "passes": [
            "65d4c20a-ff4e-48ac-9de8-2fc48feeff33",
            "f09ab902-cf1a-4708-b331-4ccd56aac1c4",
            "de56751b-5992-4408-bed8-4808141fb313",
            "0fe31d94-6699-4de3-8b2b-fd310c49baec",
            "ef4fa2e9-e2d3-47d2-8fe9-8ff10f408efd",
            "14572de8-2972-428d-a78c-ad9baa3de0f9",
            "45ac156c-6441-4778-98f2-9d682b82ba81",
            "ecbd200d-92ef-4ffb-985b-7de068f79e4c"
          ],
          "failures": [],
          "pending": [],
          "skipped": [],
          "duration": 125569,
          "root": false,
          "rootEmpty": false,
          "_timeout": 2000
        },
        {
          "uuid": "36260c3f-126c-4a6a-9f81-f0cc1e41eef8",
          "title": "Production - Beta Vendor Admin | Calendar| Create Blocktime on the Calendar | logged with Receptionist Credentials",
          "fullFile": "",
          "file": "",
          "beforeHooks": [],
          "afterHooks": [],
          "tests": [
            {
              "title": "Verify Start time is required to create a blocktime on the Calendar  - Receptionist credentials",
              "fullTitle": "Production - Beta Vendor Admin | Calendar| Create Blocktime on the Calendar | logged with Receptionist Credentials Verify Start time is required to create a blocktime on the Calendar  - Receptionist credentials",
              "timedOut": null,
              "duration": 22078,
              "state": "passed",
              "speed": "slow",
              "pass": true,
              "fail": false,
              "pending": false,
              "context": null,
              "code": "newBlockTime();\ncy.contains('div', 'Choose a staff').next('div').find('input').should('be.visible');\ncy.contains('div', 'Choose a staff').next('div').find('input').click().type('Helen {enter}');\ncy.contains('button', 'Submit').click({\n  force: true\n});\ncy.contains('div>span', 'Start time cannot be empty').should('be.visible');",
              "err": {},
              "uuid": "4d0faa42-8002-431d-bf1b-7e0b5942497f",
              "parentUUID": "36260c3f-126c-4a6a-9f81-f0cc1e41eef8",
              "isHook": false,
              "skipped": false
            },
            {
              "title": "Verify End time is required to create a blocktime on the Calendar  - Receptionist credentials",
              "fullTitle": "Production - Beta Vendor Admin | Calendar| Create Blocktime on the Calendar | logged with Receptionist Credentials Verify End time is required to create a blocktime on the Calendar  - Receptionist credentials",
              "timedOut": null,
              "duration": 15872,
              "state": "passed",
              "speed": "slow",
              "pass": true,
              "fail": false,
              "pending": false,
              "context": null,
              "code": "newBlockTime();\ncy.contains('div', 'Choose a staff').next('div').find('input').should('be.visible');\ncy.contains('div', 'Choose a staff').next('div').find('input').click().type('Helen {enter}');\ncy.contains('span', 'Start Time').parent().next('div').find('input').should('be.visible');\ncy.contains('span', 'Start Time').parent().next('div').find('input').type('{enter}{enter}');\ncy.contains('button', 'Submit').click({\n  force: true\n});\ncy.contains('div>span', 'End time cannot be empty').should('be.visible');",
              "err": {},
              "uuid": "ec3c8c7a-6755-47f7-a241-011b65d1007a",
              "parentUUID": "36260c3f-126c-4a6a-9f81-f0cc1e41eef8",
              "isHook": false,
              "skipped": false
            },
            {
              "title": "Verify Start time and End time cannot be the same time when creating a blocktime on the Calendar  - Receptionist credentials",
              "fullTitle": "Production - Beta Vendor Admin | Calendar| Create Blocktime on the Calendar | logged with Receptionist Credentials Verify Start time and End time cannot be the same time when creating a blocktime on the Calendar  - Receptionist credentials",
              "timedOut": null,
              "duration": 18596,
              "state": "passed",
              "speed": "slow",
              "pass": true,
              "fail": false,
              "pending": false,
              "context": null,
              "code": "newBlockTime();\ncy.contains('div', 'Choose a staff').next('div').find('input').should('be.visible');\ncy.contains('div', 'Choose a staff').next('div').find('input').click().type('Helen {enter}');\ncy.contains('span', 'Start Time').parent().next('div').find('input').should('be.visible');\ncy.contains('span', 'Start Time').parent().next('div').find('input').type('03:00{enter}');\ncy.contains('span', 'End Time').parent().next('div').find('input').should('be.visible');\ncy.contains('span', 'End Time').parent().next('div').find('input').type('03:00{enter}');\ncy.contains('button', 'Submit').click({\n  force: true\n});\ncy.contains('div>span', 'Blocked times start and end time are invalid').should('be.visible');",
              "err": {},
              "uuid": "ee8c535a-c0a5-451a-9702-c94efef01c13",
              "parentUUID": "36260c3f-126c-4a6a-9f81-f0cc1e41eef8",
              "isHook": false,
              "skipped": false
            },
            {
              "title": "Verify it is possible to create a blocktime on the Calendar by filling up the required fields - Admin credentials",
              "fullTitle": "Production - Beta Vendor Admin | Calendar| Create Blocktime on the Calendar | logged with Receptionist Credentials Verify it is possible to create a blocktime on the Calendar by filling up the required fields - Admin credentials",
              "timedOut": null,
              "duration": 17984,
              "state": "passed",
              "speed": "slow",
              "pass": true,
              "fail": false,
              "pending": false,
              "context": null,
              "code": "newBlockTime();\ncy.contains('div', 'Choose a staff').next('div').find('input').should('be.visible');\ncy.contains('div', 'Choose a staff').next('div').find('input').click().type('Helen {enter}');\ncy.contains('span', 'Start Time').parent().next('div').find('input').should('be.visible');\ncy.contains('span', 'Start Time').parent().next('div').find('input').type('01:00{enter}');\ncy.contains('span', 'End Time').parent().next('div').find('input').should('be.visible');\ncy.contains('span', 'End Time').parent().next('div').find('input').type('03:00{enter}');\ncy.contains('button', 'Submit').click({\n  force: true\n});\ncy.contains('div>span', 'Blocked Time Created').should('be.visible');",
              "err": {},
              "uuid": "6fe861e5-3aba-48cf-bf77-d59cabf7186e",
              "parentUUID": "36260c3f-126c-4a6a-9f81-f0cc1e41eef8",
              "isHook": false,
              "skipped": false
            },
            {
              "title": "Verify it is possible to edit staff on a blocktime from the Calendar - Admin credentials",
              "fullTitle": "Production - Beta Vendor Admin | Calendar| Create Blocktime on the Calendar | logged with Receptionist Credentials Verify it is possible to edit staff on a blocktime from the Calendar - Admin credentials",
              "timedOut": null,
              "duration": 15684,
              "state": "passed",
              "speed": "slow",
              "pass": true,
              "fail": false,
              "pending": false,
              "context": null,
              "code": "cy.visit(Cypress.env(\"URL_BetaVendor_Production\") + 'admin/calendar');\ncy.contains('span', 'Blocked Time for').next('span', 'Helen').click({\n  force: true\n});\ncy.contains('div', 'Choose a staff').next('div').find('input').should('be.visible');\ncy.contains('div', 'Choose a staff').next('div').find('input').click().type('Set {enter}');\ncy.contains('button', 'Update').click({\n  force: true\n});\ncy.contains('div>span', 'Employee Blocktime updated successfully').should('be.visible');",
              "err": {},
              "uuid": "ff1f71dc-b8de-4c42-a70e-363c8f28ee98",
              "parentUUID": "36260c3f-126c-4a6a-9f81-f0cc1e41eef8",
              "isHook": false,
              "skipped": false
            },
            {
              "title": "Verify it is possible to edit Start time on a blocktime from the Calendar - Admin credentials",
              "fullTitle": "Production - Beta Vendor Admin | Calendar| Create Blocktime on the Calendar | logged with Receptionist Credentials Verify it is possible to edit Start time on a blocktime from the Calendar - Admin credentials",
              "timedOut": null,
              "duration": 16458,
              "state": "passed",
              "speed": "slow",
              "pass": true,
              "fail": false,
              "pending": false,
              "context": null,
              "code": "cy.visit(Cypress.env(\"URL_BetaVendor_Production\") + 'admin/calendar');\ncy.contains('span', 'Blocked Time for').next('span', 'Helen').click({\n  force: true\n});\ncy.contains('span', 'Start Time').parent().next('div').find('input').should('be.visible');\ncy.contains('span', 'Start Time').parent().next('div').find('input').type('{downarrow}{downarrow}{downarrow}{downarrow}{enter}');\ncy.contains('span', 'End Time').parent().next('div').find('input').should('be.visible');\ncy.contains('span', 'End Time').parent().next('div').find('input').type('{downarrow}{downarrow}{downarrow}{downarrow}{downarrow}{downarrow}{downarrow}{downarrow}{enter}');\ncy.wait(1000);\ncy.contains('button', 'Update').click({\n  force: true\n});\ncy.contains('div>span', 'Employee Blocktime updated successfully').should('be.visible');",
              "err": {},
              "uuid": "1c1a040a-d4f4-4008-978f-b24912aa9caa",
              "parentUUID": "36260c3f-126c-4a6a-9f81-f0cc1e41eef8",
              "isHook": false,
              "skipped": false
            },
            {
              "title": "Verify it is possible to edit End time on a blocktime from the Calendar - Admin credentials",
              "fullTitle": "Production - Beta Vendor Admin | Calendar| Create Blocktime on the Calendar | logged with Receptionist Credentials Verify it is possible to edit End time on a blocktime from the Calendar - Admin credentials",
              "timedOut": null,
              "duration": 16441,
              "state": "passed",
              "speed": "slow",
              "pass": true,
              "fail": false,
              "pending": false,
              "context": null,
              "code": "cy.visit(Cypress.env(\"URL_BetaVendor_Production\") + 'admin/calendar');\ncy.contains('span', 'Blocked Time for').next('span', 'Helen').click({\n  force: true\n});\ncy.contains('span', 'End Time').parent().next('div').find('input').should('be.visible');\ncy.contains('span', 'End Time').parent().next('div').find('input').type('{downarrow}{downarrow}{downarrow}{downarrow}{enter}');\ncy.wait(1000);\ncy.contains('button', 'Update').click({\n  force: true\n});\ncy.contains('div>span', 'Employee Blocktime updated successfully').should('be.visible');",
              "err": {},
              "uuid": "01ddec77-7d48-4edb-b286-392d404decc3",
              "parentUUID": "36260c3f-126c-4a6a-9f81-f0cc1e41eef8",
              "isHook": false,
              "skipped": false
            },
            {
              "title": "Verify it is possible to delete a blocktime from the Calendar - Admin credentials",
              "fullTitle": "Production - Beta Vendor Admin | Calendar| Create Blocktime on the Calendar | logged with Receptionist Credentials Verify it is possible to delete a blocktime from the Calendar - Admin credentials",
              "timedOut": null,
              "duration": 14164,
              "state": "passed",
              "speed": "slow",
              "pass": true,
              "fail": false,
              "pending": false,
              "context": null,
              "code": "cy.visit(Cypress.env(\"URL_BetaVendor_Production\") + 'admin/calendar');\ncy.contains('span', 'Blocked Time for').next('span', 'Helen').click({\n  force: true\n});\ncy.contains('button', 'Delete').click({\n  force: true\n});\ncy.contains('div>span', 'Employee Blocktime deleted successfully').should('be.visible');",
              "err": {},
              "uuid": "91d82cb7-97a8-4b7b-80c2-c6894b1d3d7d",
              "parentUUID": "36260c3f-126c-4a6a-9f81-f0cc1e41eef8",
              "isHook": false,
              "skipped": false
            }
          ],
          "suites": [],
          "passes": [
            "4d0faa42-8002-431d-bf1b-7e0b5942497f",
            "ec3c8c7a-6755-47f7-a241-011b65d1007a",
            "ee8c535a-c0a5-451a-9702-c94efef01c13",
            "6fe861e5-3aba-48cf-bf77-d59cabf7186e",
            "ff1f71dc-b8de-4c42-a70e-363c8f28ee98",
            "1c1a040a-d4f4-4008-978f-b24912aa9caa",
            "01ddec77-7d48-4edb-b286-392d404decc3",
            "91d82cb7-97a8-4b7b-80c2-c6894b1d3d7d"
          ],
          "failures": [],
          "pending": [],
          "skipped": [],
          "duration": 137277,
          "root": false,
          "rootEmpty": false,
          "_timeout": 2000
        },
        {
          "uuid": "17b90840-5d9b-45bb-a534-72e75ac9e847",
          "title": "Production - Beta Vendor Admin | Calendar| Create Blocktime on the Calendar | logged with Read-Only Credentials",
          "fullFile": "",
          "file": "",
          "beforeHooks": [],
          "afterHooks": [],
          "tests": [
            {
              "title": "Verify The option to add Block Time is not available for Readonlyu Role - Read-Only credentials",
              "fullTitle": "Production - Beta Vendor Admin | Calendar| Create Blocktime on the Calendar | logged with Read-Only Credentials Verify The option to add Block Time is not available for Readonlyu Role - Read-Only credentials",
              "timedOut": null,
              "duration": 16484,
              "state": "passed",
              "speed": "slow",
              "pass": true,
              "fail": false,
              "pending": false,
              "context": null,
              "code": "cy.visit(Cypress.env(\"URL_BetaVendor_Production\") + 'admin/calendar');\ncy.contains('button', 'Add New').should('be.visible');\ncy.contains('button', 'Add New').click({\n  force: true\n});\ncy.wait(1000);\ncy.contains('li', 'New Block Time').should('not.exist');",
              "err": {},
              "uuid": "be3478d9-1eca-42cf-b3e4-a65d3dffff5c",
              "parentUUID": "17b90840-5d9b-45bb-a534-72e75ac9e847",
              "isHook": false,
              "skipped": false
            }
          ],
          "suites": [],
          "passes": [
            "be3478d9-1eca-42cf-b3e4-a65d3dffff5c"
          ],
          "failures": [],
          "pending": [],
          "skipped": [],
          "duration": 16484,
          "root": false,
          "rootEmpty": false,
          "_timeout": 2000
        }
      ],
      "passes": [],
      "failures": [],
      "pending": [],
      "skipped": [],
      "duration": 0,
      "root": true,
      "rootEmpty": true,
      "_timeout": 2000
    }
  ],
  "meta": {
    "mocha": {
      "version": "7.0.1"
    },
    "mochawesome": {
      "options": {
        "quiet": false,
        "reportFilename": "mochawesome",
        "saveHtml": true,
        "saveJson": true,
        "consoleReporter": "spec",
        "useInlineDiffs": false,
        "code": true
      },
      "version": "7.1.3"
    },
    "marge": {
      "options": {
        "reportDir": "cypress/reports/mochawesome-report",
        "overwrite": false,
        "inline": true,
        "html": true,
        "json": true,
        "charts": true
      },
      "version": "6.2.0"
    }
  }
}