{
  "stats": {
    "suites": 1,
    "tests": 21,
    "passes": 19,
    "pending": 2,
    "failures": 0,
    "start": "2025-04-13T09:33:23.903Z",
    "end": "2025-04-13T09:36:41.007Z",
    "duration": 197104,
    "testsRegistered": 22,
    "passPercent": 95,
    "pendingPercent": 9.090909090909092,
    "other": 1,
    "hasOther": true,
    "skipped": 2,
    "hasSkipped": true
  },
  "results": [
    {
      "uuid": "f0780d09-d498-4537-a165-c32cc8e42564",
      "title": "",
      "fullFile": "cypress\\e2e\\stagingBetaVendor\\calendar\\bv-stg-newchck.cy.js",
      "file": "cypress\\e2e\\stagingBetaVendor\\calendar\\bv-stg-newchck.cy.js",
      "beforeHooks": [],
      "afterHooks": [],
      "tests": [],
      "suites": [
        {
          "uuid": "4d6c208a-2397-4d9c-bdfc-bfdbe8c478d9",
          "title": "Staging - Beta Vendor Admin | Calendar| New Checkout | logged with Admin Credentials",
          "fullFile": "",
          "file": "",
          "beforeHooks": [],
          "afterHooks": [],
          "tests": [
            {
              "title": "Verify it is not possible to complete New Checkout without adding item and payment - Admin credentials",
              "fullTitle": "Staging - Beta Vendor Admin | Calendar| New Checkout | logged with Admin Credentials Verify it is not possible to complete New Checkout without adding item and payment - Admin credentials",
              "timedOut": null,
              "duration": 8797,
              "state": "passed",
              "speed": "medium",
              "pass": true,
              "fail": false,
              "pending": false,
              "context": null,
              "code": "cy.newCheckout(\"URL_BetaVendor_Staging\");\n// cy.contains('div','Search customer..').should('be.visible')\n// cy.contains('button','Walk In').should('be.visible')\n// cy.contains('button','Walk In').click({force: true})\ncy.expectedMessageCompleteSale('Add at least one payment');",
              "err": {},
              "uuid": "7a6f05f9-9522-4205-bfd8-43a7dacdf6f2",
              "parentUUID": "4d6c208a-2397-4d9c-bdfc-bfdbe8c478d9",
              "isHook": false,
              "skipped": false
            },
            {
              "title": "Verify it is not possible to complete New Checkout without adding payment - Admin credentials",
              "fullTitle": "Staging - Beta Vendor Admin | Calendar| New Checkout | logged with Admin Credentials Verify it is not possible to complete New Checkout without adding payment - Admin credentials",
              "timedOut": null,
              "duration": 6505,
              "state": "passed",
              "speed": "medium",
              "pass": true,
              "fail": false,
              "pending": false,
              "context": null,
              "code": "cy.newCheckout(\"URL_BetaVendor_Staging\");\n// cy.contains('div','Search customer..').should('be.visible')\n// cy.contains('button','Walk In').should('be.visible')\n// cy.contains('button','Walk In').click({force: true})\ncy.contains('button', 'Add New').should('be.visible');\ncy.contains('button', 'Add New').click({\n  force: true\n});\ncy.get('div[role=\"tablist\"]').find('button').eq(0).click({\n  force: true\n});\ncy.contains('label>span', 'search').parents('label').next('div').find('input').type('Hair Cut');\ncy.contains('div', 'Hair Cut').parents('li').find('button').click({\n  force: true\n});\ncy.get('div[role=\"presentation\"]').trigger('click');\ncy.expectedMessageCompleteSale('Add at least one payment');",
              "err": {},
              "uuid": "915bc356-e349-4800-974b-508ced8e9320",
              "parentUUID": "4d6c208a-2397-4d9c-bdfc-bfdbe8c478d9",
              "isHook": false,
              "skipped": false
            },
            {
              "title": "Verify it is not possible to complete New Checkout with the cart empty  - Admin credentials",
              "fullTitle": "Staging - Beta Vendor Admin | Calendar| New Checkout | logged with Admin Credentials Verify it is not possible to complete New Checkout with the cart empty  - Admin credentials",
              "timedOut": null,
              "duration": 4691,
              "state": "passed",
              "speed": "fast",
              "pass": true,
              "fail": false,
              "pending": false,
              "context": null,
              "code": "cy.newCheckout(\"URL_BetaVendor_Staging\");\n// cy.contains('div','Search customer..').should('be.visible')\n// cy.contains('button','Walk In').should('be.visible')\n// cy.contains('button','Walk In').click({force: true})\ncy.contains('h5', 'Amount to pay').parent('div').next('div').find('input').eq(0).type('0');\ncy.wait(10);\ncy.expectedMessageCompleteSale('Add at least one payment');\ncy.wait(10);",
              "err": {},
              "uuid": "f8952ef4-b687-4a59-bcb4-6e1f12462d25",
              "parentUUID": "4d6c208a-2397-4d9c-bdfc-bfdbe8c478d9",
              "isHook": false,
              "skipped": false
            },
            {
              "title": "Verify it is not possible to complete New Checkout for a service linking it to an employee  - Admin credentials",
              "fullTitle": "Staging - Beta Vendor Admin | Calendar| New Checkout | logged with Admin Credentials Verify it is not possible to complete New Checkout for a service linking it to an employee  - Admin credentials",
              "timedOut": null,
              "duration": 6224,
              "state": "passed",
              "speed": "medium",
              "pass": true,
              "fail": false,
              "pending": false,
              "context": null,
              "code": "cy.newCheckout(\"URL_BetaVendor_Staging\");\n// cy.contains('div','Search customer..').should('be.visible')\n// cy.contains('button','Walk In').should('be.visible')\n// cy.contains('button','Walk In').click({force: true})\ncy.contains('button', 'Add New').should('be.visible');\ncy.contains('button', 'Add New').click({\n  force: true\n});\ncy.get('div[role=\"tablist\"]').find('button').eq(0).click({\n  force: true\n});\ncy.contains('label>span', 'search').parents('label').next('div').find('input').type('Hair Cut');\ncy.contains('div', 'Hair Cut').parents('li').find('button').click({\n  force: true\n});\ncy.get('div[role=\"presentation\"]').trigger('click');\ncy.contains('h5', 'Amount to pay').parent('div').next('div').find('input').eq(0).type('0');\ncy.wait(10);\ncy.expectedMessageCompleteSale('Add at least one payment');\ncy.wait(10);",
              "err": {},
              "uuid": "889ac22c-6a96-431f-8208-50dba6b3887d",
              "parentUUID": "4d6c208a-2397-4d9c-bdfc-bfdbe8c478d9",
              "isHook": false,
              "skipped": false
            },
            {
              "title": "Verify it is not possible to complete New Checkout for a service linking it to an employee  - Admin credentials",
              "fullTitle": "Staging - Beta Vendor Admin | Calendar| New Checkout | logged with Admin Credentials Verify it is not possible to complete New Checkout for a service linking it to an employee  - Admin credentials",
              "timedOut": null,
              "duration": 19551,
              "state": "failed",
              "speed": null,
              "pass": false,
              "fail": true,
              "pending": false,
              "context": null,
              "code": "cy.newCheckout(\"URL_BetaVendor_Staging\");\n// cy.contains('div','Search customer..').should('be.visible')\n// cy.contains('button','Walk In').should('be.visible')\n// cy.contains('button','Walk In').click({force: true})\ncy.contains('button', 'Add New').should('be.visible');\ncy.contains('button', 'Add New').click({\n  force: true\n});\ncy.get('div[role=\"tablist\"]').find('button').eq(0).click({\n  force: true\n});\ncy.contains('label>span', 'search').parents('label').next('div').find('input').type('Hair Cut');\ncy.contains('div', 'Hair Cut').parents('li').find('button').click({\n  force: true\n});\ncy.get('div[role=\"presentation\"]').trigger('click');\ncy.fillButton('Cash');\ncy.wait(10);\ncy.expectedMessageCompleteSale('Employee must be present');\ncy.wait(10);",
              "err": {
                "message": "AssertionError: Timed out retrying after 10000ms: Expected to find content: 'Employee must be present' within the selector: 'span' but never did.",
                "estack": "AssertionError: Timed out retrying after 10000ms: Expected to find content: 'Employee must be present' within the selector: 'span' but never did.\n    at Context.eval (cypress/support/commands.js:356:33)",
                "diff": null
              },
              "uuid": "7aa17f65-54ee-4514-b486-5194c81642a7",
              "parentUUID": "4d6c208a-2397-4d9c-bdfc-bfdbe8c478d9",
              "isHook": false,
              "skipped": false
            },
            {
              "title": "Verify that After clicking the Fill button for Debit, the Debit text field is populated with the correct balance - Admin credentials",
              "fullTitle": "Staging - Beta Vendor Admin | Calendar| New Checkout | logged with Admin Credentials Verify that After clicking the Fill button for Debit, the Debit text field is populated with the correct balance - Admin credentials",
              "timedOut": null,
              "duration": 7549,
              "state": "passed",
              "speed": "medium",
              "pass": true,
              "fail": false,
              "pending": false,
              "context": null,
              "code": "cy.newCheckout(\"URL_BetaVendor_Staging\");\ncy.addItemService('Hair Cut');\ncy.fillButton('Debit');",
              "err": {},
              "uuid": "c3d33f21-5ee1-4bfe-8561-fbad73928273",
              "parentUUID": "4d6c208a-2397-4d9c-bdfc-bfdbe8c478d9",
              "isHook": false,
              "skipped": false
            },
            {
              "title": "Verify that After clicking the Fill button for Credit, the Credit text field is populated with the correct balance - Admin credentials",
              "fullTitle": "Staging - Beta Vendor Admin | Calendar| New Checkout | logged with Admin Credentials Verify that After clicking the Fill button for Credit, the Credit text field is populated with the correct balance - Admin credentials",
              "timedOut": null,
              "duration": 10460,
              "state": "passed",
              "speed": "slow",
              "pass": true,
              "fail": false,
              "pending": false,
              "context": null,
              "code": "cy.newCheckout(\"URL_BetaVendor_Staging\");\ncy.addItemService('Hair Cut');\ncy.fillButton('Credit');",
              "err": {},
              "uuid": "51a8761e-19c5-4fc9-beb2-05fb003ea666",
              "parentUUID": "4d6c208a-2397-4d9c-bdfc-bfdbe8c478d9",
              "isHook": false,
              "skipped": false
            },
            {
              "title": "Verify that After clicking the Fill button for Cash, the Cash text field is populated with the correct balance - Admin credentials",
              "fullTitle": "Staging - Beta Vendor Admin | Calendar| New Checkout | logged with Admin Credentials Verify that After clicking the Fill button for Cash, the Cash text field is populated with the correct balance - Admin credentials",
              "timedOut": null,
              "duration": 8236,
              "state": "passed",
              "speed": "medium",
              "pass": true,
              "fail": false,
              "pending": false,
              "context": null,
              "code": "cy.newCheckout(\"URL_BetaVendor_Staging\");\ncy.addItemService('Hair Cut');\ncy.fillButton('Cash');",
              "err": {},
              "uuid": "5985eee4-9df2-4637-a43a-599f76bb4c31",
              "parentUUID": "4d6c208a-2397-4d9c-bdfc-bfdbe8c478d9",
              "isHook": false,
              "skipped": false
            },
            {
              "title": "Verify that After clicking the Fill button for Other, the Other text field is populated with the correct balance - Admin credentials",
              "fullTitle": "Staging - Beta Vendor Admin | Calendar| New Checkout | logged with Admin Credentials Verify that After clicking the Fill button for Other, the Other text field is populated with the correct balance - Admin credentials",
              "timedOut": null,
              "duration": 7562,
              "state": "passed",
              "speed": "medium",
              "pass": true,
              "fail": false,
              "pending": false,
              "context": null,
              "code": "cy.newCheckout(\"URL_BetaVendor_Staging\");\ncy.addItemService('Hair Cut');\ncy.fillButton('Other');",
              "err": {},
              "uuid": "986445e8-cf16-4736-8154-7bbbeb513670",
              "parentUUID": "4d6c208a-2397-4d9c-bdfc-bfdbe8c478d9",
              "isHook": false,
              "skipped": false
            },
            {
              "title": "Verify that After clicking the Fill button for Hisabe, the Hisabe text field is populated with the correct balance - Admin credentials",
              "fullTitle": "Staging - Beta Vendor Admin | Calendar| New Checkout | logged with Admin Credentials Verify that After clicking the Fill button for Hisabe, the Hisabe text field is populated with the correct balance - Admin credentials",
              "timedOut": null,
              "duration": 7220,
              "state": "passed",
              "speed": "medium",
              "pass": true,
              "fail": false,
              "pending": false,
              "context": null,
              "code": "cy.newCheckout(\"URL_BetaVendor_Staging\");\ncy.addItemService('Hair Cut');\ncy.fillButton('Hisabe');",
              "err": {},
              "uuid": "64b09ecb-5b52-4b4e-adf1-031b7e1423eb",
              "parentUUID": "4d6c208a-2397-4d9c-bdfc-bfdbe8c478d9",
              "isHook": false,
              "skipped": false
            },
            {
              "title": "Verify the breakdown is correct after adding a service  - Admin credentials",
              "fullTitle": "Staging - Beta Vendor Admin | Calendar| New Checkout | logged with Admin Credentials Verify the breakdown is correct after adding a service  - Admin credentials",
              "timedOut": null,
              "duration": 6841,
              "state": "passed",
              "speed": "medium",
              "pass": true,
              "fail": false,
              "pending": false,
              "context": null,
              "code": "cy.newCheckout(\"URL_BetaVendor_Staging\");\ncy.addItemService('Hair Cut');\ncy.checkBreakdownNoDiscount('Hair Cut');",
              "err": {},
              "uuid": "3ec1cc4c-2490-4af8-af97-7b5eedd93f39",
              "parentUUID": "4d6c208a-2397-4d9c-bdfc-bfdbe8c478d9",
              "isHook": false,
              "skipped": false
            },
            {
              "title": "Verify the breakdown is correct after applying a coupon to a service  - Admin credentials",
              "fullTitle": "Staging - Beta Vendor Admin | Calendar| New Checkout | logged with Admin Credentials Verify the breakdown is correct after applying a coupon to a service  - Admin credentials",
              "timedOut": null,
              "duration": 0,
              "state": "pending",
              "speed": null,
              "pass": false,
              "fail": false,
              "pending": false,
              "context": null,
              "code": "cy.newCheckout(\"URL_BetaVendor_Staging\");\ncy.addItemService('Hair Cut');\ncy.addCouponDiscount('long Hair', '10');",
              "err": {},
              "uuid": "f96032ea-83d3-4529-a885-931889f93e10",
              "parentUUID": "4d6c208a-2397-4d9c-bdfc-bfdbe8c478d9",
              "isHook": false,
              "skipped": true
            },
            {
              "title": "Verify the breakdown is correct after applying a fixed discount to a service  - Admin credentials",
              "fullTitle": "Staging - Beta Vendor Admin | Calendar| New Checkout | logged with Admin Credentials Verify the breakdown is correct after applying a fixed discount to a service  - Admin credentials",
              "timedOut": null,
              "duration": 13180,
              "state": "passed",
              "speed": "slow",
              "pass": true,
              "fail": false,
              "pending": false,
              "context": null,
              "code": "cy.newCheckout(\"URL_BetaVendor_Staging\");\ncy.addItemService('long Hair');\ncy.addFixedDiscount('long Hair', '1');",
              "err": {},
              "uuid": "586ff2b4-ee56-4aef-a458-9e8760b45e26",
              "parentUUID": "4d6c208a-2397-4d9c-bdfc-bfdbe8c478d9",
              "isHook": false,
              "skipped": false
            },
            {
              "title": "Verify the breakdown is correct after applying a percentage discount to a service  - Admin credentials",
              "fullTitle": "Staging - Beta Vendor Admin | Calendar| New Checkout | logged with Admin Credentials Verify the breakdown is correct after applying a percentage discount to a service  - Admin credentials",
              "timedOut": null,
              "duration": 9781,
              "state": "passed",
              "speed": "medium",
              "pass": true,
              "fail": false,
              "pending": false,
              "context": null,
              "code": "cy.newCheckout(\"URL_BetaVendor_Staging\");\ncy.addItemService('Hair Cut');\ncy.addPercentageDiscount('Hair Cut', '20');",
              "err": {},
              "uuid": "9b578fd8-2573-4cdd-8f30-2d5d2f85c610",
              "parentUUID": "4d6c208a-2397-4d9c-bdfc-bfdbe8c478d9",
              "isHook": false,
              "skipped": false
            },
            {
              "title": "Verify it is not possible to apply a fixed discount greather than the service price - Admin credentials",
              "fullTitle": "Staging - Beta Vendor Admin | Calendar| New Checkout | logged with Admin Credentials Verify it is not possible to apply a fixed discount greather than the service price - Admin credentials",
              "timedOut": null,
              "duration": 9746,
              "state": "passed",
              "speed": "medium",
              "pass": true,
              "fail": false,
              "pending": false,
              "context": null,
              "code": "cy.newCheckout(\"URL_BetaVendor_Staging\");\ncy.addItemService('long Hair');\ncy.addFixedDiscount('long Hair', '20');",
              "err": {},
              "uuid": "734f43b5-457b-4a9f-8c7e-51b3d54b513e",
              "parentUUID": "4d6c208a-2397-4d9c-bdfc-bfdbe8c478d9",
              "isHook": false,
              "skipped": false
            },
            {
              "title": "Verify it is not possible to apply a fixed discount when leaving the discount empty - Admin credentials",
              "fullTitle": "Staging - Beta Vendor Admin | Calendar| New Checkout | logged with Admin Credentials Verify it is not possible to apply a fixed discount when leaving the discount empty - Admin credentials",
              "timedOut": null,
              "duration": 7184,
              "state": "passed",
              "speed": "medium",
              "pass": true,
              "fail": false,
              "pending": false,
              "context": null,
              "code": "cy.newCheckout(\"URL_BetaVendor_Staging\");\ncy.addItemService('long Hair');\ncy.addEmptyDiscount('Fixed');",
              "err": {},
              "uuid": "f9a05b67-0679-47cc-ab8a-b5b2272e8fd9",
              "parentUUID": "4d6c208a-2397-4d9c-bdfc-bfdbe8c478d9",
              "isHook": false,
              "skipped": false
            },
            {
              "title": "Verify it is not possible to apply a Percentage discount when leaving the discount empty - Admin credentials",
              "fullTitle": "Staging - Beta Vendor Admin | Calendar| New Checkout | logged with Admin Credentials Verify it is not possible to apply a Percentage discount when leaving the discount empty - Admin credentials",
              "timedOut": null,
              "duration": 8215,
              "state": "passed",
              "speed": "medium",
              "pass": true,
              "fail": false,
              "pending": false,
              "context": null,
              "code": "cy.newCheckout(\"URL_BetaVendor_Staging\");\ncy.addItemService('long Hair');\ncy.addEmptyDiscount('Percentage');",
              "err": {},
              "uuid": "cdcd6301-d298-4d82-b7af-7f00ef6f1231",
              "parentUUID": "4d6c208a-2397-4d9c-bdfc-bfdbe8c478d9",
              "isHook": false,
              "skipped": false
            },
            {
              "title": "Verify it is not possible to apply a Coupon discount when leaving the discount empty - Admin credentials",
              "fullTitle": "Staging - Beta Vendor Admin | Calendar| New Checkout | logged with Admin Credentials Verify it is not possible to apply a Coupon discount when leaving the discount empty - Admin credentials",
              "timedOut": null,
              "duration": 9499,
              "state": "passed",
              "speed": "medium",
              "pass": true,
              "fail": false,
              "pending": false,
              "context": null,
              "code": "cy.newCheckout(\"URL_BetaVendor_Staging\");\ncy.addItemService('long Hair');\ncy.addEmptyDiscount('Coupon');",
              "err": {},
              "uuid": "66d1048e-039c-4f64-b46e-d251040d4efa",
              "parentUUID": "4d6c208a-2397-4d9c-bdfc-bfdbe8c478d9",
              "isHook": false,
              "skipped": false
            },
            {
              "title": "Verify that it is possible to remove a service from the cart after confirming do you want to delete it - Admin credentials",
              "fullTitle": "Staging - Beta Vendor Admin | Calendar| New Checkout | logged with Admin Credentials Verify that it is possible to remove a service from the cart after confirming do you want to delete it - Admin credentials",
              "timedOut": null,
              "duration": 8056,
              "state": "passed",
              "speed": "medium",
              "pass": true,
              "fail": false,
              "pending": false,
              "context": null,
              "code": "cy.newCheckout(\"URL_BetaVendor_Staging\");\ncy.addItemService('long Hair');\ncy.removeService('long Hair', 'Yes');",
              "err": {},
              "uuid": "6c5f7d92-c395-4e7b-95d5-a1908d60d8c6",
              "parentUUID": "4d6c208a-2397-4d9c-bdfc-bfdbe8c478d9",
              "isHook": false,
              "skipped": false
            },
            {
              "title": "Verify that it is not possible to remove a service from the cart after canceling do you want to delete it - Admin credentials",
              "fullTitle": "Staging - Beta Vendor Admin | Calendar| New Checkout | logged with Admin Credentials Verify that it is not possible to remove a service from the cart after canceling do you want to delete it - Admin credentials",
              "timedOut": null,
              "duration": 7348,
              "state": "passed",
              "speed": "medium",
              "pass": true,
              "fail": false,
              "pending": false,
              "context": null,
              "code": "cy.newCheckout(\"URL_BetaVendor_Staging\");\ncy.addItemService('long Hair');\ncy.removeService('long Hair', 'Cancel');",
              "err": {},
              "uuid": "79c801d8-b9c2-441b-8578-b1b4d2edb7a6",
              "parentUUID": "4d6c208a-2397-4d9c-bdfc-bfdbe8c478d9",
              "isHook": false,
              "skipped": false
            },
            {
              "title": "Verify it is possible to add new service after removing one leaving the cart empty - Admin credentials",
              "fullTitle": "Staging - Beta Vendor Admin | Calendar| New Checkout | logged with Admin Credentials Verify it is possible to add new service after removing one leaving the cart empty - Admin credentials",
              "timedOut": null,
              "duration": 10414,
              "state": "passed",
              "speed": "slow",
              "pass": true,
              "fail": false,
              "pending": false,
              "context": null,
              "code": "cy.newCheckout(\"URL_BetaVendor_Staging\");\ncy.addItemService('long Hair');\ncy.removeService('long Hair', 'Yes');\ncy.addItemService('Hair Cut');",
              "err": {},
              "uuid": "0766a5db-436e-4c5f-ac43-71e9521c7dbf",
              "parentUUID": "4d6c208a-2397-4d9c-bdfc-bfdbe8c478d9",
              "isHook": false,
              "skipped": false
            },
            {
              "title": "Verify the Gift card must be the only item in the cart - Admin credentials",
              "fullTitle": "Staging - Beta Vendor Admin | Calendar| New Checkout | logged with Admin Credentials Verify the Gift card must be the only item in the cart - Admin credentials",
              "timedOut": null,
              "duration": 0,
              "state": "pending",
              "speed": null,
              "pass": false,
              "fail": false,
              "pending": false,
              "context": null,
              "code": "cy.newCheckout(\"URL_BetaVendor_Staging\");\ncy.addItemGiftCard('243.48 SAR Gift Card');\n// cy.addItemService('long Hair')\n// cy.addItemGiftCard('243.48 SAR Gift Card')\n// cy.addEmptyDiscount('Coupon')",
              "err": {},
              "uuid": "d54594be-5f7b-4635-b7f1-6b970b9af571",
              "parentUUID": "4d6c208a-2397-4d9c-bdfc-bfdbe8c478d9",
              "isHook": false,
              "skipped": true
            }
          ],
          "suites": [],
          "passes": [
            "7a6f05f9-9522-4205-bfd8-43a7dacdf6f2",
            "915bc356-e349-4800-974b-508ced8e9320",
            "f8952ef4-b687-4a59-bcb4-6e1f12462d25",
            "889ac22c-6a96-431f-8208-50dba6b3887d",
            "c3d33f21-5ee1-4bfe-8561-fbad73928273",
            "51a8761e-19c5-4fc9-beb2-05fb003ea666",
            "5985eee4-9df2-4637-a43a-599f76bb4c31",
            "986445e8-cf16-4736-8154-7bbbeb513670",
            "64b09ecb-5b52-4b4e-adf1-031b7e1423eb",
            "3ec1cc4c-2490-4af8-af97-7b5eedd93f39",
            "586ff2b4-ee56-4aef-a458-9e8760b45e26",
            "9b578fd8-2573-4cdd-8f30-2d5d2f85c610",
            "734f43b5-457b-4a9f-8c7e-51b3d54b513e",
            "f9a05b67-0679-47cc-ab8a-b5b2272e8fd9",
            "cdcd6301-d298-4d82-b7af-7f00ef6f1231",
            "66d1048e-039c-4f64-b46e-d251040d4efa",
            "6c5f7d92-c395-4e7b-95d5-a1908d60d8c6",
            "79c801d8-b9c2-441b-8578-b1b4d2edb7a6",
            "0766a5db-436e-4c5f-ac43-71e9521c7dbf"
          ],
          "failures": [
            "7aa17f65-54ee-4514-b486-5194c81642a7"
          ],
          "pending": [],
          "skipped": [
            "f96032ea-83d3-4529-a885-931889f93e10",
            "d54594be-5f7b-4635-b7f1-6b970b9af571"
          ],
          "duration": 177059,
          "root": false,
          "rootEmpty": false,
          "_timeout": 2000
        }
      ],
      "passes": [],
      "failures": [],
      "pending": [],
      "skipped": [],
      "duration": 0,
      "root": true,
      "rootEmpty": true,
      "_timeout": 2000
    }
  ],
  "meta": {
    "mocha": {
      "version": "7.0.1"
    },
    "mochawesome": {
      "options": {
        "quiet": false,
        "reportFilename": "mochawesome",
        "saveHtml": true,
        "saveJson": true,
        "consoleReporter": "spec",
        "useInlineDiffs": false,
        "code": true
      },
      "version": "7.1.3"
    },
    "marge": {
      "options": {
        "configFile": "reporterOpts.json"
      },
      "version": "6.2.0"
    }
  }
}