{
  "stats": {
    "suites": 2,
    "tests": 42,
    "passes": 40,
    "pending": 4,
    "failures": -2,
    "start": "2025-05-11T11:28:52.538Z",
    "end": "2025-05-11T11:37:33.429Z",
    "duration": 520891,
    "testsRegistered": 44,
    "passPercent": 100,
    "pendingPercent": 9.090909090909092,
    "other": 2,
    "hasOther": true,
    "skipped": 4,
    "hasSkipped": true
  },
  "results": [
    {
      "uuid": "5c17dd15-9086-4bc4-8547-1ebd3f113a2a",
      "title": "",
      "fullFile": "cypress\\e2e\\stagingBetaVendor\\calendar\\bv-stg-newchck.cy.js",
      "file": "cypress\\e2e\\stagingBetaVendor\\calendar\\bv-stg-newchck.cy.js",
      "beforeHooks": [],
      "afterHooks": [],
      "tests": [],
      "suites": [
        {
          "uuid": "5bc4bd3b-a208-4353-ab10-f2bb241995d2",
          "title": "Staging - Beta Vendor Admin | Calendar| New Checkout | logged with Admin Credentials",
          "fullFile": "",
          "file": "",
          "beforeHooks": [],
          "afterHooks": [],
          "tests": [
            {
              "title": "Verify it is not possible to complete New Checkout without adding item and payment",
              "fullTitle": "Staging - Beta Vendor Admin | Calendar| New Checkout | logged with Admin Credentials Verify it is not possible to complete New Checkout without adding item and payment",
              "timedOut": null,
              "duration": 15958,
              "state": "passed",
              "speed": "slow",
              "pass": true,
              "fail": false,
              "pending": false,
              "context": null,
              "code": "cy.newCheckout(\"URL_BetaVendor_Staging\");\n// cy.contains('div','Search customer..').should('be.visible')\n// cy.contains('button','Walk In').should('be.visible')\n// cy.contains('button','Walk In').click({force: true})\ncy.expectedMessageCompleteSale('Add at least one payment');",
              "err": {},
              "uuid": "aaca999e-ccc9-46df-8b8f-20b24a47ebcc",
              "parentUUID": "5bc4bd3b-a208-4353-ab10-f2bb241995d2",
              "isHook": false,
              "skipped": false
            },
            {
              "title": "Verify it is not possible to complete New Checkout without adding payment",
              "fullTitle": "Staging - Beta Vendor Admin | Calendar| New Checkout | logged with Admin Credentials Verify it is not possible to complete New Checkout without adding payment",
              "timedOut": null,
              "duration": 10492,
              "state": "passed",
              "speed": "slow",
              "pass": true,
              "fail": false,
              "pending": false,
              "context": null,
              "code": "cy.newCheckout(\"URL_BetaVendor_Staging\");\n// cy.contains('div','Search customer..').should('be.visible')\n// cy.contains('button','Walk In').should('be.visible')\n// cy.contains('button','Walk In').click({force: true})\ncy.contains('button', 'Add New').should('be.visible');\ncy.contains('button', 'Add New').click({\n  force: true\n});\ncy.get('div[role=\"tablist\"]').find('button').eq(0).click({\n  force: true\n});\ncy.contains('label>span', 'search').parents('label').next('div').find('input').type('Hair Cut');\ncy.contains('div', 'Hair Cut').parents('li').find('button').click({\n  force: true\n});\ncy.get('div[role=\"presentation\"]').trigger('click');\ncy.expectedMessageCompleteSale('Add at least one payment');",
              "err": {},
              "uuid": "416cd6a7-0666-4eb4-9337-236eee88b221",
              "parentUUID": "5bc4bd3b-a208-4353-ab10-f2bb241995d2",
              "isHook": false,
              "skipped": false
            },
            {
              "title": "Verify it is not possible to complete New Checkout with the cart empty ",
              "fullTitle": "Staging - Beta Vendor Admin | Calendar| New Checkout | logged with Admin Credentials Verify it is not possible to complete New Checkout with the cart empty ",
              "timedOut": null,
              "duration": 7107,
              "state": "passed",
              "speed": "medium",
              "pass": true,
              "fail": false,
              "pending": false,
              "context": null,
              "code": "cy.newCheckout(\"URL_BetaVendor_Staging\");\n// cy.contains('div','Search customer..').should('be.visible')\n// cy.contains('button','Walk In').should('be.visible')\n// cy.contains('button','Walk In').click({force: true})\ncy.contains('h5', 'Amount to pay').parent('div').next('div').find('input').eq(0).type('0');\ncy.wait(10);\ncy.expectedMessageCompleteSale('Add at least one payment');\ncy.wait(10);",
              "err": {},
              "uuid": "cff39e94-3947-415c-891f-c6946e444c2a",
              "parentUUID": "5bc4bd3b-a208-4353-ab10-f2bb241995d2",
              "isHook": false,
              "skipped": false
            },
            {
              "title": "Verify it is not possible to complete New Checkout for a service linking it to an employee ",
              "fullTitle": "Staging - Beta Vendor Admin | Calendar| New Checkout | logged with Admin Credentials Verify it is not possible to complete New Checkout for a service linking it to an employee ",
              "timedOut": null,
              "duration": 8941,
              "state": "passed",
              "speed": "medium",
              "pass": true,
              "fail": false,
              "pending": false,
              "context": null,
              "code": "cy.newCheckout(\"URL_BetaVendor_Staging\");\n// cy.contains('div','Search customer..').should('be.visible')\n// cy.contains('button','Walk In').should('be.visible')\n// cy.contains('button','Walk In').click({force: true})\ncy.contains('button', 'Add New').should('be.visible');\ncy.contains('button', 'Add New').click({\n  force: true\n});\ncy.get('div[role=\"tablist\"]').find('button').eq(0).click({\n  force: true\n});\ncy.contains('label>span', 'search').parents('label').next('div').find('input').type('Hair Cut');\ncy.contains('div', 'Hair Cut').parents('li').find('button').click({\n  force: true\n});\ncy.get('div[role=\"presentation\"]').trigger('click');\ncy.contains('h5', 'Amount to pay').parent('div').next('div').find('input').eq(0).type('0');\ncy.wait(10);\ncy.expectedMessageCompleteSale('Add at least one payment');\ncy.wait(10);",
              "err": {},
              "uuid": "279e3f39-88c9-40e6-8383-ba269ff6138d",
              "parentUUID": "5bc4bd3b-a208-4353-ab10-f2bb241995d2",
              "isHook": false,
              "skipped": false
            },
            {
              "title": "Verify it is not possible to complete New Checkout for a service linking it to an employee ",
              "fullTitle": "Staging - Beta Vendor Admin | Calendar| New Checkout | logged with Admin Credentials Verify it is not possible to complete New Checkout for a service linking it to an employee ",
              "timedOut": null,
              "duration": 9688,
              "state": "passed",
              "speed": "medium",
              "pass": true,
              "fail": false,
              "pending": false,
              "context": null,
              "code": "cy.newCheckout(\"URL_BetaVendor_Staging\");\n// cy.contains('div','Search customer..').should('be.visible')\n// cy.contains('button','Walk In').should('be.visible')\n// cy.contains('button','Walk In').click({force: true})\ncy.contains('button', 'Add New').should('be.visible');\ncy.contains('button', 'Add New').click({\n  force: true\n});\ncy.get('div[role=\"tablist\"]').find('button').eq(0).click({\n  force: true\n});\ncy.contains('label>span', 'search').parents('label').next('div').find('input').type('Hair Cut');\ncy.contains('div', 'Hair Cut').parents('li').find('button').click({\n  force: true\n});\ncy.get('div[role=\"presentation\"]').trigger('click');\ncy.fillButton('Cash');\ncy.wait(10);\ncy.expectedMessageCompleteSale('Employee must be present');\ncy.wait(10);",
              "err": {},
              "uuid": "1452bb5d-e51c-473b-b4a2-38f872d1562f",
              "parentUUID": "5bc4bd3b-a208-4353-ab10-f2bb241995d2",
              "isHook": false,
              "skipped": false
            },
            {
              "title": "Verify that After clicking the Fill button for Debit, the Debit text field is populated with the correct balance",
              "fullTitle": "Staging - Beta Vendor Admin | Calendar| New Checkout | logged with Admin Credentials Verify that After clicking the Fill button for Debit, the Debit text field is populated with the correct balance",
              "timedOut": null,
              "duration": 9122,
              "state": "passed",
              "speed": "medium",
              "pass": true,
              "fail": false,
              "pending": false,
              "context": null,
              "code": "cy.newCheckout(\"URL_BetaVendor_Staging\");\ncy.addItemService('Hair Cut');\ncy.fillButton('Debit');",
              "err": {},
              "uuid": "3b1632d3-5843-43f1-ac33-1b471ebf4e82",
              "parentUUID": "5bc4bd3b-a208-4353-ab10-f2bb241995d2",
              "isHook": false,
              "skipped": false
            },
            {
              "title": "Verify that After clicking the Fill button for Credit, the Credit text field is populated with the correct balance",
              "fullTitle": "Staging - Beta Vendor Admin | Calendar| New Checkout | logged with Admin Credentials Verify that After clicking the Fill button for Credit, the Credit text field is populated with the correct balance",
              "timedOut": null,
              "duration": 10094,
              "state": "passed",
              "speed": "slow",
              "pass": true,
              "fail": false,
              "pending": false,
              "context": null,
              "code": "cy.newCheckout(\"URL_BetaVendor_Staging\");\ncy.addItemService('Hair Cut');\ncy.fillButton('Credit');",
              "err": {},
              "uuid": "666233fe-6f7f-46c7-8380-5e9ec2ad4a07",
              "parentUUID": "5bc4bd3b-a208-4353-ab10-f2bb241995d2",
              "isHook": false,
              "skipped": false
            },
            {
              "title": "Verify that After clicking the Fill button for Cash, the Cash text field is populated with the correct balance",
              "fullTitle": "Staging - Beta Vendor Admin | Calendar| New Checkout | logged with Admin Credentials Verify that After clicking the Fill button for Cash, the Cash text field is populated with the correct balance",
              "timedOut": null,
              "duration": 11294,
              "state": "passed",
              "speed": "slow",
              "pass": true,
              "fail": false,
              "pending": false,
              "context": null,
              "code": "cy.newCheckout(\"URL_BetaVendor_Staging\");\ncy.addItemService('Hair Cut');\ncy.fillButton('Cash');",
              "err": {},
              "uuid": "411229d8-4cbb-4f8a-aa94-d0a71022f938",
              "parentUUID": "5bc4bd3b-a208-4353-ab10-f2bb241995d2",
              "isHook": false,
              "skipped": false
            },
            {
              "title": "Verify that After clicking the Fill button for Other, the Other text field is populated with the correct balance",
              "fullTitle": "Staging - Beta Vendor Admin | Calendar| New Checkout | logged with Admin Credentials Verify that After clicking the Fill button for Other, the Other text field is populated with the correct balance",
              "timedOut": null,
              "duration": 8337,
              "state": "passed",
              "speed": "medium",
              "pass": true,
              "fail": false,
              "pending": false,
              "context": null,
              "code": "cy.newCheckout(\"URL_BetaVendor_Staging\");\ncy.addItemService('Hair Cut');\ncy.fillButton('Other');",
              "err": {},
              "uuid": "6dff8ebe-2bbf-4ab9-9d13-3d088b8a7576",
              "parentUUID": "5bc4bd3b-a208-4353-ab10-f2bb241995d2",
              "isHook": false,
              "skipped": false
            },
            {
              "title": "Verify that After clicking the Fill button for Hisabe, the Hisabe text field is populated with the correct balance",
              "fullTitle": "Staging - Beta Vendor Admin | Calendar| New Checkout | logged with Admin Credentials Verify that After clicking the Fill button for Hisabe, the Hisabe text field is populated with the correct balance",
              "timedOut": null,
              "duration": 9193,
              "state": "passed",
              "speed": "medium",
              "pass": true,
              "fail": false,
              "pending": false,
              "context": null,
              "code": "cy.newCheckout(\"URL_BetaVendor_Staging\");\ncy.addItemService('Hair Cut');\ncy.fillButton('Hisabe');",
              "err": {},
              "uuid": "df39cc02-5491-4324-b8e3-66259cba6e34",
              "parentUUID": "5bc4bd3b-a208-4353-ab10-f2bb241995d2",
              "isHook": false,
              "skipped": false
            },
            {
              "title": "Verify the breakdown is correct after adding a service ",
              "fullTitle": "Staging - Beta Vendor Admin | Calendar| New Checkout | logged with Admin Credentials Verify the breakdown is correct after adding a service ",
              "timedOut": null,
              "duration": 10473,
              "state": "passed",
              "speed": "slow",
              "pass": true,
              "fail": false,
              "pending": false,
              "context": null,
              "code": "cy.newCheckout(\"URL_BetaVendor_Staging\");\ncy.addItemService('Hair Cut');\ncy.checkBreakdownNoDiscount('Hair Cut');",
              "err": {},
              "uuid": "664e6408-596d-48d3-9cd0-54c2d2af92cb",
              "parentUUID": "5bc4bd3b-a208-4353-ab10-f2bb241995d2",
              "isHook": false,
              "skipped": false
            },
            {
              "title": "Verify the breakdown is correct after applying a coupon to a service ",
              "fullTitle": "Staging - Beta Vendor Admin | Calendar| New Checkout | logged with Admin Credentials Verify the breakdown is correct after applying a coupon to a service ",
              "timedOut": null,
              "duration": 0,
              "state": "pending",
              "speed": null,
              "pass": false,
              "fail": false,
              "pending": false,
              "context": null,
              "code": "cy.newCheckout(\"URL_BetaVendor_Staging\");\ncy.addItemService('Hair Cut');\ncy.addCouponDiscount('long Hair', '10');",
              "err": {},
              "uuid": "623c67bf-727e-4b4b-be2b-92416a30f12d",
              "parentUUID": "5bc4bd3b-a208-4353-ab10-f2bb241995d2",
              "isHook": false,
              "skipped": true
            },
            {
              "title": "Verify the breakdown is correct after applying a fixed discount to a service ",
              "fullTitle": "Staging - Beta Vendor Admin | Calendar| New Checkout | logged with Admin Credentials Verify the breakdown is correct after applying a fixed discount to a service ",
              "timedOut": null,
              "duration": 10212,
              "state": "passed",
              "speed": "slow",
              "pass": true,
              "fail": false,
              "pending": false,
              "context": null,
              "code": "cy.newCheckout(\"URL_BetaVendor_Staging\");\ncy.addItemService('long Hair');\ncy.addFixedDiscount('long Hair', '1');",
              "err": {},
              "uuid": "808463a8-5bff-478e-9003-ed58326f4d98",
              "parentUUID": "5bc4bd3b-a208-4353-ab10-f2bb241995d2",
              "isHook": false,
              "skipped": false
            },
            {
              "title": "Verify the breakdown is correct after applying a percentage discount to a service ",
              "fullTitle": "Staging - Beta Vendor Admin | Calendar| New Checkout | logged with Admin Credentials Verify the breakdown is correct after applying a percentage discount to a service ",
              "timedOut": null,
              "duration": 14997,
              "state": "passed",
              "speed": "slow",
              "pass": true,
              "fail": false,
              "pending": false,
              "context": null,
              "code": "cy.newCheckout(\"URL_BetaVendor_Staging\");\ncy.addItemService('Hair Cut');\ncy.addPercentageDiscount('Hair Cut', '20');",
              "err": {},
              "uuid": "7892a827-b95f-4b21-bf63-b2d3d17d1aec",
              "parentUUID": "5bc4bd3b-a208-4353-ab10-f2bb241995d2",
              "isHook": false,
              "skipped": false
            },
            {
              "title": "Verify it is not possible to apply a fixed discount greather than the service price",
              "fullTitle": "Staging - Beta Vendor Admin | Calendar| New Checkout | logged with Admin Credentials Verify it is not possible to apply a fixed discount greather than the service price",
              "timedOut": null,
              "duration": 11038,
              "state": "passed",
              "speed": "slow",
              "pass": true,
              "fail": false,
              "pending": false,
              "context": null,
              "code": "cy.newCheckout(\"URL_BetaVendor_Staging\");\ncy.addItemService('long Hair');\ncy.addFixedDiscount('long Hair', '20');",
              "err": {},
              "uuid": "a2d378db-b6ac-40f1-bb46-ca57d3e64797",
              "parentUUID": "5bc4bd3b-a208-4353-ab10-f2bb241995d2",
              "isHook": false,
              "skipped": false
            },
            {
              "title": "Verify it is not possible to apply a fixed discount when leaving the discount empty",
              "fullTitle": "Staging - Beta Vendor Admin | Calendar| New Checkout | logged with Admin Credentials Verify it is not possible to apply a fixed discount when leaving the discount empty",
              "timedOut": null,
              "duration": 14311,
              "state": "passed",
              "speed": "slow",
              "pass": true,
              "fail": false,
              "pending": false,
              "context": null,
              "code": "cy.newCheckout(\"URL_BetaVendor_Staging\");\ncy.addItemService('long Hair');\ncy.addEmptyDiscount('Fixed');",
              "err": {},
              "uuid": "cb6b5791-2f0f-42df-958d-ef1e1866c110",
              "parentUUID": "5bc4bd3b-a208-4353-ab10-f2bb241995d2",
              "isHook": false,
              "skipped": false
            },
            {
              "title": "Verify it is not possible to apply a Percentage discount when leaving the discount empty",
              "fullTitle": "Staging - Beta Vendor Admin | Calendar| New Checkout | logged with Admin Credentials Verify it is not possible to apply a Percentage discount when leaving the discount empty",
              "timedOut": null,
              "duration": 9548,
              "state": "passed",
              "speed": "medium",
              "pass": true,
              "fail": false,
              "pending": false,
              "context": null,
              "code": "cy.newCheckout(\"URL_BetaVendor_Staging\");\ncy.addItemService('long Hair');\ncy.addEmptyDiscount('Percentage');",
              "err": {},
              "uuid": "ffc1a8b9-0337-47dc-a67d-422a1adb8c2d",
              "parentUUID": "5bc4bd3b-a208-4353-ab10-f2bb241995d2",
              "isHook": false,
              "skipped": false
            },
            {
              "title": "Verify it is not possible to apply a Coupon discount when leaving the discount empty",
              "fullTitle": "Staging - Beta Vendor Admin | Calendar| New Checkout | logged with Admin Credentials Verify it is not possible to apply a Coupon discount when leaving the discount empty",
              "timedOut": null,
              "duration": 21176,
              "state": "passed",
              "speed": "slow",
              "pass": true,
              "fail": false,
              "pending": false,
              "context": null,
              "code": "cy.newCheckout(\"URL_BetaVendor_Staging\");\ncy.addItemService('long Hair');\ncy.addEmptyDiscount('Coupon');",
              "err": {},
              "uuid": "10667c07-b515-46df-8a01-a1da3a17de34",
              "parentUUID": "5bc4bd3b-a208-4353-ab10-f2bb241995d2",
              "isHook": false,
              "skipped": false
            },
            {
              "title": "Verify that it is possible to remove a service from the cart after confirming do you want to delete it",
              "fullTitle": "Staging - Beta Vendor Admin | Calendar| New Checkout | logged with Admin Credentials Verify that it is possible to remove a service from the cart after confirming do you want to delete it",
              "timedOut": null,
              "duration": 16071,
              "state": "passed",
              "speed": "slow",
              "pass": true,
              "fail": false,
              "pending": false,
              "context": null,
              "code": "cy.newCheckout(\"URL_BetaVendor_Staging\");\ncy.addItemService('long Hair');\ncy.removeService('long Hair', 'Yes');",
              "err": {},
              "uuid": "6249d7d3-a730-4e1a-9205-cff68167fa7a",
              "parentUUID": "5bc4bd3b-a208-4353-ab10-f2bb241995d2",
              "isHook": false,
              "skipped": false
            },
            {
              "title": "Verify that it is not possible to remove a service from the cart after canceling do you want to delete it",
              "fullTitle": "Staging - Beta Vendor Admin | Calendar| New Checkout | logged with Admin Credentials Verify that it is not possible to remove a service from the cart after canceling do you want to delete it",
              "timedOut": null,
              "duration": 10263,
              "state": "passed",
              "speed": "slow",
              "pass": true,
              "fail": false,
              "pending": false,
              "context": null,
              "code": "cy.newCheckout(\"URL_BetaVendor_Staging\");\ncy.addItemService('long Hair');\ncy.removeService('long Hair', 'Cancel');",
              "err": {},
              "uuid": "143b8aab-e0b7-476c-9201-7e37f8a0a178",
              "parentUUID": "5bc4bd3b-a208-4353-ab10-f2bb241995d2",
              "isHook": false,
              "skipped": false
            },
            {
              "title": "Verify it is possible to add new service after removing one leaving the cart empty",
              "fullTitle": "Staging - Beta Vendor Admin | Calendar| New Checkout | logged with Admin Credentials Verify it is possible to add new service after removing one leaving the cart empty",
              "timedOut": null,
              "duration": 13087,
              "state": "passed",
              "speed": "slow",
              "pass": true,
              "fail": false,
              "pending": false,
              "context": null,
              "code": "cy.newCheckout(\"URL_BetaVendor_Staging\");\ncy.addItemService('long Hair');\ncy.removeService('long Hair', 'Yes');\ncy.addItemService('Hair Cut');",
              "err": {},
              "uuid": "42b79e99-9e43-4716-8f20-7dd422c1f45f",
              "parentUUID": "5bc4bd3b-a208-4353-ab10-f2bb241995d2",
              "isHook": false,
              "skipped": false
            },
            {
              "title": "Verify the Gift card must be the only item in the cart",
              "fullTitle": "Staging - Beta Vendor Admin | Calendar| New Checkout | logged with Admin Credentials Verify the Gift card must be the only item in the cart",
              "timedOut": null,
              "duration": 0,
              "state": "pending",
              "speed": null,
              "pass": false,
              "fail": false,
              "pending": false,
              "context": null,
              "code": "cy.newCheckout(\"URL_BetaVendor_Staging\");\ncy.addItemGiftCard('243.48 SAR Gift Card');\n// cy.addItemService('long Hair')\n// cy.addItemGiftCard('243.48 SAR Gift Card')\n// cy.addEmptyDiscount('Coupon')",
              "err": {},
              "uuid": "6859c685-4b4b-41d5-930a-d38ee79a54fd",
              "parentUUID": "5bc4bd3b-a208-4353-ab10-f2bb241995d2",
              "isHook": false,
              "skipped": true
            }
          ],
          "suites": [],
          "passes": [
            "aaca999e-ccc9-46df-8b8f-20b24a47ebcc",
            "416cd6a7-0666-4eb4-9337-236eee88b221",
            "cff39e94-3947-415c-891f-c6946e444c2a",
            "279e3f39-88c9-40e6-8383-ba269ff6138d",
            "1452bb5d-e51c-473b-b4a2-38f872d1562f",
            "3b1632d3-5843-43f1-ac33-1b471ebf4e82",
            "666233fe-6f7f-46c7-8380-5e9ec2ad4a07",
            "411229d8-4cbb-4f8a-aa94-d0a71022f938",
            "6dff8ebe-2bbf-4ab9-9d13-3d088b8a7576",
            "df39cc02-5491-4324-b8e3-66259cba6e34",
            "664e6408-596d-48d3-9cd0-54c2d2af92cb",
            "808463a8-5bff-478e-9003-ed58326f4d98",
            "7892a827-b95f-4b21-bf63-b2d3d17d1aec",
            "a2d378db-b6ac-40f1-bb46-ca57d3e64797",
            "cb6b5791-2f0f-42df-958d-ef1e1866c110",
            "ffc1a8b9-0337-47dc-a67d-422a1adb8c2d",
            "10667c07-b515-46df-8a01-a1da3a17de34",
            "6249d7d3-a730-4e1a-9205-cff68167fa7a",
            "143b8aab-e0b7-476c-9201-7e37f8a0a178",
            "42b79e99-9e43-4716-8f20-7dd422c1f45f"
          ],
          "failures": [],
          "pending": [],
          "skipped": [
            "623c67bf-727e-4b4b-be2b-92416a30f12d",
            "6859c685-4b4b-41d5-930a-d38ee79a54fd"
          ],
          "duration": 231402,
          "root": false,
          "rootEmpty": false,
          "_timeout": 2000
        },
        {
          "uuid": "85cfc37e-68cc-4334-bf0c-47fcff5d65c9",
          "title": "Staging - Beta Vendor Admin | Calendar| New Checkout | logged with Receptionist Credentials",
          "fullFile": "",
          "file": "",
          "beforeHooks": [],
          "afterHooks": [],
          "tests": [
            {
              "title": "Verify it is not possible to complete New Checkout without adding item and payment",
              "fullTitle": "Staging - Beta Vendor Admin | Calendar| New Checkout | logged with Receptionist Credentials Verify it is not possible to complete New Checkout without adding item and payment",
              "timedOut": null,
              "duration": 9439,
              "state": "passed",
              "speed": "medium",
              "pass": true,
              "fail": false,
              "pending": false,
              "context": null,
              "code": "cy.newCheckout(\"URL_BetaVendor_Staging\");\n// cy.contains('div','Search customer..').should('be.visible')\n// cy.contains('button','Walk In').should('be.visible')\n// cy.contains('button','Walk In').click({force: true})\ncy.expectedMessageCompleteSale('Add at least one payment');",
              "err": {},
              "uuid": "06a34c26-52e7-4c93-bc6e-3e9fffbbcf1c",
              "parentUUID": "85cfc37e-68cc-4334-bf0c-47fcff5d65c9",
              "isHook": false,
              "skipped": false
            },
            {
              "title": "Verify it is not possible to complete New Checkout without adding payment",
              "fullTitle": "Staging - Beta Vendor Admin | Calendar| New Checkout | logged with Receptionist Credentials Verify it is not possible to complete New Checkout without adding payment",
              "timedOut": null,
              "duration": 7606,
              "state": "passed",
              "speed": "medium",
              "pass": true,
              "fail": false,
              "pending": false,
              "context": null,
              "code": "cy.newCheckout(\"URL_BetaVendor_Staging\");\n// cy.contains('div','Search customer..').should('be.visible')\n// cy.contains('button','Walk In').should('be.visible')\n// cy.contains('button','Walk In').click({force: true})\ncy.contains('button', 'Add New').should('be.visible');\ncy.contains('button', 'Add New').click({\n  force: true\n});\ncy.get('div[role=\"tablist\"]').find('button').eq(0).click({\n  force: true\n});\ncy.contains('label>span', 'search').parents('label').next('div').find('input').type('Hair Cut');\ncy.contains('div', 'Hair Cut').parents('li').find('button').click({\n  force: true\n});\ncy.get('div[role=\"presentation\"]').trigger('click');\ncy.expectedMessageCompleteSale('Add at least one payment');",
              "err": {},
              "uuid": "aa3005a9-321a-4673-809b-0f3ead402f1c",
              "parentUUID": "85cfc37e-68cc-4334-bf0c-47fcff5d65c9",
              "isHook": false,
              "skipped": false
            },
            {
              "title": "Verify it is not possible to complete New Checkout with the cart empty ",
              "fullTitle": "Staging - Beta Vendor Admin | Calendar| New Checkout | logged with Receptionist Credentials Verify it is not possible to complete New Checkout with the cart empty ",
              "timedOut": null,
              "duration": 7328,
              "state": "passed",
              "speed": "medium",
              "pass": true,
              "fail": false,
              "pending": false,
              "context": null,
              "code": "cy.newCheckout(\"URL_BetaVendor_Staging\");\n// cy.contains('div','Search customer..').should('be.visible')\n// cy.contains('button','Walk In').should('be.visible')\n// cy.contains('button','Walk In').click({force: true})\ncy.contains('h5', 'Amount to pay').parent('div').next('div').find('input').eq(0).type('0');\ncy.wait(10);\ncy.expectedMessageCompleteSale('Add at least one payment');\ncy.wait(10);",
              "err": {},
              "uuid": "384b384d-0ac1-49ce-99f0-16066343c939",
              "parentUUID": "85cfc37e-68cc-4334-bf0c-47fcff5d65c9",
              "isHook": false,
              "skipped": false
            },
            {
              "title": "Verify it is not possible to complete New Checkout for a service linking it to an employee ",
              "fullTitle": "Staging - Beta Vendor Admin | Calendar| New Checkout | logged with Receptionist Credentials Verify it is not possible to complete New Checkout for a service linking it to an employee ",
              "timedOut": null,
              "duration": 12507,
              "state": "passed",
              "speed": "slow",
              "pass": true,
              "fail": false,
              "pending": false,
              "context": null,
              "code": "cy.newCheckout(\"URL_BetaVendor_Staging\");\n// cy.contains('div','Search customer..').should('be.visible')\n// cy.contains('button','Walk In').should('be.visible')\n// cy.contains('button','Walk In').click({force: true})\ncy.contains('button', 'Add New').should('be.visible');\ncy.contains('button', 'Add New').click({\n  force: true\n});\ncy.get('div[role=\"tablist\"]').find('button').eq(0).click({\n  force: true\n});\ncy.contains('label>span', 'search').parents('label').next('div').find('input').type('Hair Cut');\ncy.contains('div', 'Hair Cut').parents('li').find('button').click({\n  force: true\n});\ncy.get('div[role=\"presentation\"]').trigger('click');\ncy.contains('h5', 'Amount to pay').parent('div').next('div').find('input').eq(0).type('0');\ncy.wait(10);\ncy.expectedMessageCompleteSale('Add at least one payment');\ncy.wait(10);",
              "err": {},
              "uuid": "eecdda05-d184-47a6-93a9-585502664c59",
              "parentUUID": "85cfc37e-68cc-4334-bf0c-47fcff5d65c9",
              "isHook": false,
              "skipped": false
            },
            {
              "title": "Verify it is not possible to complete New Checkout for a service linking it to an employee ",
              "fullTitle": "Staging - Beta Vendor Admin | Calendar| New Checkout | logged with Receptionist Credentials Verify it is not possible to complete New Checkout for a service linking it to an employee ",
              "timedOut": null,
              "duration": 10843,
              "state": "passed",
              "speed": "slow",
              "pass": true,
              "fail": false,
              "pending": false,
              "context": null,
              "code": "cy.newCheckout(\"URL_BetaVendor_Staging\");\n// cy.contains('div','Search customer..').should('be.visible')\n// cy.contains('button','Walk In').should('be.visible')\n// cy.contains('button','Walk In').click({force: true})\ncy.contains('button', 'Add New').should('be.visible');\ncy.contains('button', 'Add New').click({\n  force: true\n});\ncy.get('div[role=\"tablist\"]').find('button').eq(0).click({\n  force: true\n});\ncy.contains('label>span', 'search').parents('label').next('div').find('input').type('Hair Cut');\ncy.contains('div', 'Hair Cut').parents('li').find('button').click({\n  force: true\n});\ncy.get('div[role=\"presentation\"]').trigger('click');\ncy.fillButton('Cash');\ncy.wait(10);\ncy.expectedMessageCompleteSale('Employee must be present');\ncy.wait(10);",
              "err": {},
              "uuid": "1b81f0ba-53a3-4a84-b1ac-e2853a98e8b7",
              "parentUUID": "85cfc37e-68cc-4334-bf0c-47fcff5d65c9",
              "isHook": false,
              "skipped": false
            },
            {
              "title": "Verify that After clicking the Fill button for Debit, the Debit text field is populated with the correct balance",
              "fullTitle": "Staging - Beta Vendor Admin | Calendar| New Checkout | logged with Receptionist Credentials Verify that After clicking the Fill button for Debit, the Debit text field is populated with the correct balance",
              "timedOut": null,
              "duration": 9553,
              "state": "passed",
              "speed": "medium",
              "pass": true,
              "fail": false,
              "pending": false,
              "context": null,
              "code": "cy.newCheckout(\"URL_BetaVendor_Staging\");\ncy.addItemService('Hair Cut');\ncy.fillButton('Debit');",
              "err": {},
              "uuid": "ec5bfb02-ca18-4426-b199-66586920bcb4",
              "parentUUID": "85cfc37e-68cc-4334-bf0c-47fcff5d65c9",
              "isHook": false,
              "skipped": false
            },
            {
              "title": "Verify that After clicking the Fill button for Credit, the Credit text field is populated with the correct balance",
              "fullTitle": "Staging - Beta Vendor Admin | Calendar| New Checkout | logged with Receptionist Credentials Verify that After clicking the Fill button for Credit, the Credit text field is populated with the correct balance",
              "timedOut": null,
              "duration": 16073,
              "state": "passed",
              "speed": "slow",
              "pass": true,
              "fail": false,
              "pending": false,
              "context": null,
              "code": "cy.newCheckout(\"URL_BetaVendor_Staging\");\ncy.addItemService('Hair Cut');\ncy.fillButton('Credit');",
              "err": {},
              "uuid": "58e376ac-904a-4602-9eaf-4093c52650aa",
              "parentUUID": "85cfc37e-68cc-4334-bf0c-47fcff5d65c9",
              "isHook": false,
              "skipped": false
            },
            {
              "title": "Verify that After clicking the Fill button for Cash, the Cash text field is populated with the correct balance",
              "fullTitle": "Staging - Beta Vendor Admin | Calendar| New Checkout | logged with Receptionist Credentials Verify that After clicking the Fill button for Cash, the Cash text field is populated with the correct balance",
              "timedOut": null,
              "duration": 20133,
              "state": "passed",
              "speed": "slow",
              "pass": true,
              "fail": false,
              "pending": false,
              "context": null,
              "code": "cy.newCheckout(\"URL_BetaVendor_Staging\");\ncy.addItemService('Hair Cut');\ncy.fillButton('Cash');",
              "err": {},
              "uuid": "593fa3a7-220b-424e-8b15-2ba3923f4e12",
              "parentUUID": "85cfc37e-68cc-4334-bf0c-47fcff5d65c9",
              "isHook": false,
              "skipped": false
            },
            {
              "title": "Verify that After clicking the Fill button for Other, the Other text field is populated with the correct balance",
              "fullTitle": "Staging - Beta Vendor Admin | Calendar| New Checkout | logged with Receptionist Credentials Verify that After clicking the Fill button for Other, the Other text field is populated with the correct balance",
              "timedOut": null,
              "duration": 23008,
              "state": "passed",
              "speed": "slow",
              "pass": true,
              "fail": false,
              "pending": false,
              "context": null,
              "code": "cy.newCheckout(\"URL_BetaVendor_Staging\");\ncy.addItemService('Hair Cut');\ncy.fillButton('Other');",
              "err": {},
              "uuid": "436806d1-b08d-4ed8-a068-04f6dd8fac83",
              "parentUUID": "85cfc37e-68cc-4334-bf0c-47fcff5d65c9",
              "isHook": false,
              "skipped": false
            },
            {
              "title": "Verify that After clicking the Fill button for Hisabe, the Hisabe text field is populated with the correct balance",
              "fullTitle": "Staging - Beta Vendor Admin | Calendar| New Checkout | logged with Receptionist Credentials Verify that After clicking the Fill button for Hisabe, the Hisabe text field is populated with the correct balance",
              "timedOut": null,
              "duration": 27203,
              "state": "passed",
              "speed": "slow",
              "pass": true,
              "fail": false,
              "pending": false,
              "context": null,
              "code": "cy.newCheckout(\"URL_BetaVendor_Staging\");\ncy.addItemService('Hair Cut');\ncy.fillButton('Hisabe');",
              "err": {},
              "uuid": "7ac7cc86-75ee-4b8e-aa4f-5418a9350c41",
              "parentUUID": "85cfc37e-68cc-4334-bf0c-47fcff5d65c9",
              "isHook": false,
              "skipped": false
            },
            {
              "title": "Verify the breakdown is correct after adding a service ",
              "fullTitle": "Staging - Beta Vendor Admin | Calendar| New Checkout | logged with Receptionist Credentials Verify the breakdown is correct after adding a service ",
              "timedOut": null,
              "duration": 19368,
              "state": "passed",
              "speed": "slow",
              "pass": true,
              "fail": false,
              "pending": false,
              "context": null,
              "code": "cy.newCheckout(\"URL_BetaVendor_Staging\");\ncy.addItemService('Hair Cut');\ncy.checkBreakdownNoDiscount('Hair Cut');",
              "err": {},
              "uuid": "6f63ca06-d4c3-467b-a285-43a95f6036bc",
              "parentUUID": "85cfc37e-68cc-4334-bf0c-47fcff5d65c9",
              "isHook": false,
              "skipped": false
            },
            {
              "title": "Verify the breakdown is correct after applying a coupon to a service ",
              "fullTitle": "Staging - Beta Vendor Admin | Calendar| New Checkout | logged with Receptionist Credentials Verify the breakdown is correct after applying a coupon to a service ",
              "timedOut": null,
              "duration": 0,
              "state": "pending",
              "speed": null,
              "pass": false,
              "fail": false,
              "pending": false,
              "context": null,
              "code": "cy.newCheckout(\"URL_BetaVendor_Staging\");\ncy.addItemService('Hair Cut');\ncy.addCouponDiscount('long Hair', '10');",
              "err": {},
              "uuid": "52c448bd-ee22-41d0-b808-082627833937",
              "parentUUID": "85cfc37e-68cc-4334-bf0c-47fcff5d65c9",
              "isHook": false,
              "skipped": true
            },
            {
              "title": "Verify the breakdown is correct after applying a fixed discount to a service ",
              "fullTitle": "Staging - Beta Vendor Admin | Calendar| New Checkout | logged with Receptionist Credentials Verify the breakdown is correct after applying a fixed discount to a service ",
              "timedOut": null,
              "duration": 16172,
              "state": "passed",
              "speed": "slow",
              "pass": true,
              "fail": false,
              "pending": false,
              "context": null,
              "code": "cy.newCheckout(\"URL_BetaVendor_Staging\");\ncy.addItemService('long Hair');\ncy.addFixedDiscount('long Hair', '1');",
              "err": {},
              "uuid": "8d4a546f-c49c-477a-a115-ae2805b1a783",
              "parentUUID": "85cfc37e-68cc-4334-bf0c-47fcff5d65c9",
              "isHook": false,
              "skipped": false
            },
            {
              "title": "Verify the breakdown is correct after applying a percentage discount to a service ",
              "fullTitle": "Staging - Beta Vendor Admin | Calendar| New Checkout | logged with Receptionist Credentials Verify the breakdown is correct after applying a percentage discount to a service ",
              "timedOut": null,
              "duration": 11722,
              "state": "passed",
              "speed": "slow",
              "pass": true,
              "fail": false,
              "pending": false,
              "context": null,
              "code": "cy.newCheckout(\"URL_BetaVendor_Staging\");\ncy.addItemService('Hair Cut');\ncy.addPercentageDiscount('Hair Cut', '20');",
              "err": {},
              "uuid": "07551db4-4e5d-46f4-b370-b8f75ce9aaa4",
              "parentUUID": "85cfc37e-68cc-4334-bf0c-47fcff5d65c9",
              "isHook": false,
              "skipped": false
            },
            {
              "title": "Verify it is not possible to apply a fixed discount greather than the service price",
              "fullTitle": "Staging - Beta Vendor Admin | Calendar| New Checkout | logged with Receptionist Credentials Verify it is not possible to apply a fixed discount greather than the service price",
              "timedOut": null,
              "duration": 11697,
              "state": "passed",
              "speed": "slow",
              "pass": true,
              "fail": false,
              "pending": false,
              "context": null,
              "code": "cy.newCheckout(\"URL_BetaVendor_Staging\");\ncy.addItemService('long Hair');\ncy.addFixedDiscount('long Hair', '20');",
              "err": {},
              "uuid": "fbfdb849-efcd-4214-a5a2-56338185556f",
              "parentUUID": "85cfc37e-68cc-4334-bf0c-47fcff5d65c9",
              "isHook": false,
              "skipped": false
            },
            {
              "title": "Verify it is not possible to apply a fixed discount when leaving the discount empty",
              "fullTitle": "Staging - Beta Vendor Admin | Calendar| New Checkout | logged with Receptionist Credentials Verify it is not possible to apply a fixed discount when leaving the discount empty",
              "timedOut": null,
              "duration": 12590,
              "state": "passed",
              "speed": "slow",
              "pass": true,
              "fail": false,
              "pending": false,
              "context": null,
              "code": "cy.newCheckout(\"URL_BetaVendor_Staging\");\ncy.addItemService('long Hair');\ncy.addEmptyDiscount('Fixed');",
              "err": {},
              "uuid": "bc4ea4b3-dee3-4230-8dd0-5b37383d6d59",
              "parentUUID": "85cfc37e-68cc-4334-bf0c-47fcff5d65c9",
              "isHook": false,
              "skipped": false
            },
            {
              "title": "Verify it is not possible to apply a Percentage discount when leaving the discount empty",
              "fullTitle": "Staging - Beta Vendor Admin | Calendar| New Checkout | logged with Receptionist Credentials Verify it is not possible to apply a Percentage discount when leaving the discount empty",
              "timedOut": null,
              "duration": 11153,
              "state": "passed",
              "speed": "slow",
              "pass": true,
              "fail": false,
              "pending": false,
              "context": null,
              "code": "cy.newCheckout(\"URL_BetaVendor_Staging\");\ncy.addItemService('long Hair');\ncy.addEmptyDiscount('Percentage');",
              "err": {},
              "uuid": "63a6935e-95b4-4ff4-9d20-0a7604a3e0ea",
              "parentUUID": "85cfc37e-68cc-4334-bf0c-47fcff5d65c9",
              "isHook": false,
              "skipped": false
            },
            {
              "title": "Verify it is not possible to apply a Coupon discount when leaving the discount empty",
              "fullTitle": "Staging - Beta Vendor Admin | Calendar| New Checkout | logged with Receptionist Credentials Verify it is not possible to apply a Coupon discount when leaving the discount empty",
              "timedOut": null,
              "duration": 12928,
              "state": "passed",
              "speed": "slow",
              "pass": true,
              "fail": false,
              "pending": false,
              "context": null,
              "code": "cy.newCheckout(\"URL_BetaVendor_Staging\");\ncy.addItemService('long Hair');\ncy.addEmptyDiscount('Coupon');",
              "err": {},
              "uuid": "336ba2d9-c6cb-4b1b-8fe6-4457d9ddb4d9",
              "parentUUID": "85cfc37e-68cc-4334-bf0c-47fcff5d65c9",
              "isHook": false,
              "skipped": false
            },
            {
              "title": "Verify that it is possible to remove a service from the cart after confirming do you want to delete it",
              "fullTitle": "Staging - Beta Vendor Admin | Calendar| New Checkout | logged with Receptionist Credentials Verify that it is possible to remove a service from the cart after confirming do you want to delete it",
              "timedOut": null,
              "duration": 12710,
              "state": "passed",
              "speed": "slow",
              "pass": true,
              "fail": false,
              "pending": false,
              "context": null,
              "code": "cy.newCheckout(\"URL_BetaVendor_Staging\");\ncy.addItemService('long Hair');\ncy.removeService('long Hair', 'Yes');",
              "err": {},
              "uuid": "54acff9f-14b8-489d-8232-ff4119b55871",
              "parentUUID": "85cfc37e-68cc-4334-bf0c-47fcff5d65c9",
              "isHook": false,
              "skipped": false
            },
            {
              "title": "Verify that it is not possible to remove a service from the cart after canceling do you want to delete it",
              "fullTitle": "Staging - Beta Vendor Admin | Calendar| New Checkout | logged with Receptionist Credentials Verify that it is not possible to remove a service from the cart after canceling do you want to delete it",
              "timedOut": null,
              "duration": 12286,
              "state": "passed",
              "speed": "slow",
              "pass": true,
              "fail": false,
              "pending": false,
              "context": null,
              "code": "cy.newCheckout(\"URL_BetaVendor_Staging\");\ncy.addItemService('long Hair');\ncy.removeService('long Hair', 'Cancel');",
              "err": {},
              "uuid": "1ef94d61-f36f-4e75-9d67-1552ebe50a42",
              "parentUUID": "85cfc37e-68cc-4334-bf0c-47fcff5d65c9",
              "isHook": false,
              "skipped": false
            },
            {
              "title": "Verify it is possible to add new service after removing one leaving the cart empty",
              "fullTitle": "Staging - Beta Vendor Admin | Calendar| New Checkout | logged with Receptionist Credentials Verify it is possible to add new service after removing one leaving the cart empty",
              "timedOut": null,
              "duration": 16799,
              "state": "passed",
              "speed": "slow",
              "pass": true,
              "fail": false,
              "pending": false,
              "context": null,
              "code": "cy.newCheckout(\"URL_BetaVendor_Staging\");\ncy.addItemService('long Hair');\ncy.removeService('long Hair', 'Yes');\ncy.addItemService('Hair Cut');",
              "err": {},
              "uuid": "c460b692-641e-4f70-8fea-cf88fbb43af4",
              "parentUUID": "85cfc37e-68cc-4334-bf0c-47fcff5d65c9",
              "isHook": false,
              "skipped": false
            },
            {
              "title": "Verify the Gift card must be the only item in the cart",
              "fullTitle": "Staging - Beta Vendor Admin | Calendar| New Checkout | logged with Receptionist Credentials Verify the Gift card must be the only item in the cart",
              "timedOut": null,
              "duration": 0,
              "state": "pending",
              "speed": null,
              "pass": false,
              "fail": false,
              "pending": false,
              "context": null,
              "code": "cy.newCheckout(\"URL_BetaVendor_Staging\");\ncy.addItemGiftCard('243.48 SAR Gift Card');\n// cy.addItemService('long Hair')\n// cy.addItemGiftCard('243.48 SAR Gift Card')\n// cy.addEmptyDiscount('Coupon')",
              "err": {},
              "uuid": "b10f925b-f13b-4458-9fa1-7f4efbe02b60",
              "parentUUID": "85cfc37e-68cc-4334-bf0c-47fcff5d65c9",
              "isHook": false,
              "skipped": true
            }
          ],
          "suites": [],
          "passes": [
            "06a34c26-52e7-4c93-bc6e-3e9fffbbcf1c",
            "aa3005a9-321a-4673-809b-0f3ead402f1c",
            "384b384d-0ac1-49ce-99f0-16066343c939",
            "eecdda05-d184-47a6-93a9-585502664c59",
            "1b81f0ba-53a3-4a84-b1ac-e2853a98e8b7",
            "ec5bfb02-ca18-4426-b199-66586920bcb4",
            "58e376ac-904a-4602-9eaf-4093c52650aa",
            "593fa3a7-220b-424e-8b15-2ba3923f4e12",
            "436806d1-b08d-4ed8-a068-04f6dd8fac83",
            "7ac7cc86-75ee-4b8e-aa4f-5418a9350c41",
            "6f63ca06-d4c3-467b-a285-43a95f6036bc",
            "8d4a546f-c49c-477a-a115-ae2805b1a783",
            "07551db4-4e5d-46f4-b370-b8f75ce9aaa4",
            "fbfdb849-efcd-4214-a5a2-56338185556f",
            "bc4ea4b3-dee3-4230-8dd0-5b37383d6d59",
            "63a6935e-95b4-4ff4-9d20-0a7604a3e0ea",
            "336ba2d9-c6cb-4b1b-8fe6-4457d9ddb4d9",
            "54acff9f-14b8-489d-8232-ff4119b55871",
            "1ef94d61-f36f-4e75-9d67-1552ebe50a42",
            "c460b692-641e-4f70-8fea-cf88fbb43af4"
          ],
          "failures": [],
          "pending": [],
          "skipped": [
            "52c448bd-ee22-41d0-b808-082627833937",
            "b10f925b-f13b-4458-9fa1-7f4efbe02b60"
          ],
          "duration": 281118,
          "root": false,
          "rootEmpty": false,
          "_timeout": 2000
        }
      ],
      "passes": [],
      "failures": [],
      "pending": [],
      "skipped": [],
      "duration": 0,
      "root": true,
      "rootEmpty": true,
      "_timeout": 2000
    }
  ],
  "meta": {
    "mocha": {
      "version": "7.0.1"
    },
    "mochawesome": {
      "options": {
        "quiet": false,
        "reportFilename": "mochawesome",
        "saveHtml": true,
        "saveJson": true,
        "consoleReporter": "spec",
        "useInlineDiffs": false,
        "code": true
      },
      "version": "7.1.3"
    },
    "marge": {
      "options": {
        "configFile": "reporterOpts.json"
      },
      "version": "6.2.0"
    }
  }
}